[0.828s] Invoking command in '/home/pham/ultrasonic/src/ultrasonic': PYTHONPATH=/home/pham/ultrasonic/build/ultrasonic/prefix_override:/home/pham/ultrasonic/install/ultrasonic/lib/python3.10/site-packages:${PYTHONPATH} /usr/bin/python3 setup.py egg_info --egg-base ../../build/ultrasonic build --build-base /home/pham/ultrasonic/build/ultrasonic/build install --record /home/pham/ultrasonic/build/ultrasonic/install.log --single-version-externally-managed
[1.020s] running egg_info
[1.020s] writing ../../build/ultrasonic/ultrasonic.egg-info/PKG-INFO
[1.020s] writing dependency_links to ../../build/ultrasonic/ultrasonic.egg-info/dependency_links.txt
[1.020s] writing entry points to ../../build/ultrasonic/ultrasonic.egg-info/entry_points.txt
[1.021s] writing requirements to ../../build/ultrasonic/ultrasonic.egg-info/requires.txt
[1.021s] writing top-level names to ../../build/ultrasonic/ultrasonic.egg-info/top_level.txt
[1.033s] reading manifest file '../../build/ultrasonic/ultrasonic.egg-info/SOURCES.txt'
[1.033s] writing manifest file '../../build/ultrasonic/ultrasonic.egg-info/SOURCES.txt'
[1.034s] running build
[1.034s] running build_py
[1.036s] copying ultrasonic/ultrasonic.py -> /home/pham/ultrasonic/build/ultrasonic/build/lib/ultrasonic
[1.036s] /usr/lib/python3/dist-packages/setuptools/command/install.py:34: SetuptoolsDeprecationWarning: setup.py install is deprecated. Use build and pip and other standards-based tools.
[1.036s]   warnings.warn(
[1.036s] running install
[1.037s] running install_lib
[1.037s] copying /home/pham/ultrasonic/build/ultrasonic/build/lib/ultrasonic/ultrasonic.py -> /home/pham/ultrasonic/install/ultrasonic/lib/python3.10/site-packages/ultrasonic
[1.039s] byte-compiling /home/pham/ultrasonic/install/ultrasonic/lib/python3.10/site-packages/ultrasonic/ultrasonic.py to ultrasonic.cpython-310.pyc
[1.039s] running install_data
[1.039s] running install_egg_info
[1.044s] removing '/home/pham/ultrasonic/install/ultrasonic/lib/python3.10/site-packages/ultrasonic-0.0.0-py3.10.egg-info' (and everything under it)
[1.044s] Copying ../../build/ultrasonic/ultrasonic.egg-info to /home/pham/ultrasonic/install/ultrasonic/lib/python3.10/site-packages/ultrasonic-0.0.0-py3.10.egg-info
[1.045s] running install_scripts
[1.075s] Installing reader script to /home/pham/ultrasonic/install/ultrasonic/lib/ultrasonic
[1.076s] writing list of installed files to '/home/pham/ultrasonic/build/ultrasonic/install.log'
[1.100s] Invoked command in '/home/pham/ultrasonic/src/ultrasonic' returned '0': PYTHONPATH=/home/pham/ultrasonic/build/ultrasonic/prefix_override:/home/pham/ultrasonic/install/ultrasonic/lib/python3.10/site-packages:${PYTHONPATH} /usr/bin/python3 setup.py egg_info --egg-base ../../build/ultrasonic build --build-base /home/pham/ultrasonic/build/ultrasonic/build install --record /home/pham/ultrasonic/build/ultrasonic/install.log --single-version-externally-managed
