[0.050s] Invoking command in '/home/pham/ultrasonic/build/ros2_socketcan_msgs': CMAKE_PREFIX_PATH=${CMAKE_PREFIX_PATH}:/home/pham/ultrasonic/install/ultrasonic:/opt/ros/humble /usr/bin/cmake --build /home/pham/ultrasonic/build/ros2_socketcan_msgs -- -j4 -l4
[0.114s] [  6%] Built target ros2_socketcan_msgs__cpp
[0.115s] [ 12%] Built target ros2_socketcan_msgs__rosidl_generator_c
[0.130s] [ 12%] Built target ament_cmake_python_copy_ros2_socketcan_msgs
[0.180s] [ 22%] Built target ros2_socketcan_msgs__rosidl_typesupport_cpp
[0.191s] [ 32%] Built target ros2_socketcan_msgs__rosidl_typesupport_introspection_cpp
[0.201s] [ 41%] Built target ros2_socketcan_msgs__rosidl_typesupport_fastrtps_cpp
[0.208s] [ 51%] Built target ros2_socketcan_msgs__rosidl_typesupport_fastrtps_c
[0.214s] [ 61%] Built target ros2_socketcan_msgs__rosidl_typesupport_introspection_c
[0.227s] [ 70%] Built target ros2_socketcan_msgs__rosidl_typesupport_c
[0.258s] [ 70%] Built target ros2_socketcan_msgs
[0.290s] [ 74%] Built target ros2_socketcan_msgs__py
[0.330s] [ 80%] Built target ros2_socketcan_msgs__rosidl_generator_py
[0.382s] [ 87%] Built target ros2_socketcan_msgs__rosidl_typesupport_c__pyext
[0.397s] [ 93%] Built target ros2_socketcan_msgs__rosidl_typesupport_introspection_c__pyext
[0.405s] [100%] Built target ros2_socketcan_msgs__rosidl_typesupport_fastrtps_c__pyext
[0.515s] running egg_info
[0.516s] writing ros2_socketcan_msgs.egg-info/PKG-INFO
[0.516s] writing dependency_links to ros2_socketcan_msgs.egg-info/dependency_links.txt
[0.516s] writing top-level names to ros2_socketcan_msgs.egg-info/top_level.txt
[0.521s] reading manifest file 'ros2_socketcan_msgs.egg-info/SOURCES.txt'
[0.522s] writing manifest file 'ros2_socketcan_msgs.egg-info/SOURCES.txt'
[0.561s] [100%] Built target ament_cmake_python_build_ros2_socketcan_msgs_egg
[0.588s] Invoked command in '/home/pham/ultrasonic/build/ros2_socketcan_msgs' returned '0': CMAKE_PREFIX_PATH=${CMAKE_PREFIX_PATH}:/home/pham/ultrasonic/install/ultrasonic:/opt/ros/humble /usr/bin/cmake --build /home/pham/ultrasonic/build/ros2_socketcan_msgs -- -j4 -l4
[0.822s] Invoking command in '/home/pham/ultrasonic/build/ros2_socketcan_msgs': CMAKE_PREFIX_PATH=${CMAKE_PREFIX_PATH}:/home/pham/ultrasonic/install/ultrasonic:/opt/ros/humble /usr/bin/cmake --install /home/pham/ultrasonic/build/ros2_socketcan_msgs
[0.832s] -- Install configuration: ""
[0.832s] -- Up-to-date: /home/pham/ultrasonic/install/ros2_socketcan_msgs/share/ament_index/resource_index/rosidl_interfaces/ros2_socketcan_msgs
[0.832s] -- Up-to-date: /home/pham/ultrasonic/install/ros2_socketcan_msgs/include/ros2_socketcan_msgs/ros2_socketcan_msgs
[0.833s] -- Up-to-date: /home/pham/ultrasonic/install/ros2_socketcan_msgs/include/ros2_socketcan_msgs/ros2_socketcan_msgs/msg
[0.833s] -- Up-to-date: /home/pham/ultrasonic/install/ros2_socketcan_msgs/include/ros2_socketcan_msgs/ros2_socketcan_msgs/msg/rosidl_generator_c__visibility_control.h
[0.834s] -- Up-to-date: /home/pham/ultrasonic/install/ros2_socketcan_msgs/include/ros2_socketcan_msgs/ros2_socketcan_msgs/msg/fd_frame.h
[0.834s] -- Up-to-date: /home/pham/ultrasonic/install/ros2_socketcan_msgs/include/ros2_socketcan_msgs/ros2_socketcan_msgs/msg/detail
[0.835s] -- Up-to-date: /home/pham/ultrasonic/install/ros2_socketcan_msgs/include/ros2_socketcan_msgs/ros2_socketcan_msgs/msg/detail/fd_frame__struct.h
[0.835s] -- Up-to-date: /home/pham/ultrasonic/install/ros2_socketcan_msgs/include/ros2_socketcan_msgs/ros2_socketcan_msgs/msg/detail/fd_frame__functions.c
[0.835s] -- Up-to-date: /home/pham/ultrasonic/install/ros2_socketcan_msgs/include/ros2_socketcan_msgs/ros2_socketcan_msgs/msg/detail/fd_frame__functions.h
[0.835s] -- Up-to-date: /home/pham/ultrasonic/install/ros2_socketcan_msgs/include/ros2_socketcan_msgs/ros2_socketcan_msgs/msg/detail/fd_frame__type_support.h
[0.835s] -- Up-to-date: /home/pham/ultrasonic/install/ros2_socketcan_msgs/share/ros2_socketcan_msgs/environment/library_path.sh
[0.836s] -- Up-to-date: /home/pham/ultrasonic/install/ros2_socketcan_msgs/share/ros2_socketcan_msgs/environment/library_path.dsv
[0.836s] -- Up-to-date: /home/pham/ultrasonic/install/ros2_socketcan_msgs/lib/libros2_socketcan_msgs__rosidl_generator_c.so
[0.836s] -- Up-to-date: /home/pham/ultrasonic/install/ros2_socketcan_msgs/include/ros2_socketcan_msgs/ros2_socketcan_msgs
[0.836s] -- Up-to-date: /home/pham/ultrasonic/install/ros2_socketcan_msgs/include/ros2_socketcan_msgs/ros2_socketcan_msgs/msg
[0.836s] -- Up-to-date: /home/pham/ultrasonic/install/ros2_socketcan_msgs/include/ros2_socketcan_msgs/ros2_socketcan_msgs/msg/rosidl_typesupport_fastrtps_c__visibility_control.h
[0.836s] -- Up-to-date: /home/pham/ultrasonic/install/ros2_socketcan_msgs/include/ros2_socketcan_msgs/ros2_socketcan_msgs/msg/detail
[0.837s] -- Up-to-date: /home/pham/ultrasonic/install/ros2_socketcan_msgs/include/ros2_socketcan_msgs/ros2_socketcan_msgs/msg/detail/fd_frame__rosidl_typesupport_fastrtps_c.h
[0.837s] -- Up-to-date: /home/pham/ultrasonic/install/ros2_socketcan_msgs/lib/libros2_socketcan_msgs__rosidl_typesupport_fastrtps_c.so
[0.837s] -- Up-to-date: /home/pham/ultrasonic/install/ros2_socketcan_msgs/include/ros2_socketcan_msgs/ros2_socketcan_msgs
[0.837s] -- Up-to-date: /home/pham/ultrasonic/install/ros2_socketcan_msgs/include/ros2_socketcan_msgs/ros2_socketcan_msgs/msg
[0.837s] -- Up-to-date: /home/pham/ultrasonic/install/ros2_socketcan_msgs/include/ros2_socketcan_msgs/ros2_socketcan_msgs/msg/rosidl_typesupport_introspection_c__visibility_control.h
[0.838s] -- Up-to-date: /home/pham/ultrasonic/install/ros2_socketcan_msgs/include/ros2_socketcan_msgs/ros2_socketcan_msgs/msg/detail
[0.838s] -- Up-to-date: /home/pham/ultrasonic/install/ros2_socketcan_msgs/include/ros2_socketcan_msgs/ros2_socketcan_msgs/msg/detail/fd_frame__rosidl_typesupport_introspection_c.h
[0.838s] -- Up-to-date: /home/pham/ultrasonic/install/ros2_socketcan_msgs/include/ros2_socketcan_msgs/ros2_socketcan_msgs/msg/detail/fd_frame__type_support.c
[0.838s] -- Up-to-date: /home/pham/ultrasonic/install/ros2_socketcan_msgs/lib/libros2_socketcan_msgs__rosidl_typesupport_introspection_c.so
[0.838s] -- Up-to-date: /home/pham/ultrasonic/install/ros2_socketcan_msgs/lib/libros2_socketcan_msgs__rosidl_typesupport_c.so
[0.838s] -- Up-to-date: /home/pham/ultrasonic/install/ros2_socketcan_msgs/include/ros2_socketcan_msgs/ros2_socketcan_msgs
[0.838s] -- Up-to-date: /home/pham/ultrasonic/install/ros2_socketcan_msgs/include/ros2_socketcan_msgs/ros2_socketcan_msgs/msg
[0.838s] -- Up-to-date: /home/pham/ultrasonic/install/ros2_socketcan_msgs/include/ros2_socketcan_msgs/ros2_socketcan_msgs/msg/detail
[0.838s] -- Up-to-date: /home/pham/ultrasonic/install/ros2_socketcan_msgs/include/ros2_socketcan_msgs/ros2_socketcan_msgs/msg/detail/fd_frame__struct.hpp
[0.838s] -- Up-to-date: /home/pham/ultrasonic/install/ros2_socketcan_msgs/include/ros2_socketcan_msgs/ros2_socketcan_msgs/msg/detail/fd_frame__traits.hpp
[0.839s] -- Up-to-date: /home/pham/ultrasonic/install/ros2_socketcan_msgs/include/ros2_socketcan_msgs/ros2_socketcan_msgs/msg/detail/fd_frame__builder.hpp
[0.839s] -- Up-to-date: /home/pham/ultrasonic/install/ros2_socketcan_msgs/include/ros2_socketcan_msgs/ros2_socketcan_msgs/msg/fd_frame.hpp
[0.839s] -- Up-to-date: /home/pham/ultrasonic/install/ros2_socketcan_msgs/include/ros2_socketcan_msgs/ros2_socketcan_msgs
[0.839s] -- Up-to-date: /home/pham/ultrasonic/install/ros2_socketcan_msgs/include/ros2_socketcan_msgs/ros2_socketcan_msgs/msg
[0.839s] -- Up-to-date: /home/pham/ultrasonic/install/ros2_socketcan_msgs/include/ros2_socketcan_msgs/ros2_socketcan_msgs/msg/rosidl_typesupport_fastrtps_cpp__visibility_control.h
[0.839s] -- Up-to-date: /home/pham/ultrasonic/install/ros2_socketcan_msgs/include/ros2_socketcan_msgs/ros2_socketcan_msgs/msg/detail
[0.839s] -- Up-to-date: /home/pham/ultrasonic/install/ros2_socketcan_msgs/include/ros2_socketcan_msgs/ros2_socketcan_msgs/msg/detail/fd_frame__rosidl_typesupport_fastrtps_cpp.hpp
[0.839s] -- Up-to-date: /home/pham/ultrasonic/install/ros2_socketcan_msgs/include/ros2_socketcan_msgs/ros2_socketcan_msgs/msg/detail/dds_fastrtps
[0.839s] -- Up-to-date: /home/pham/ultrasonic/install/ros2_socketcan_msgs/lib/libros2_socketcan_msgs__rosidl_typesupport_fastrtps_cpp.so
[0.839s] -- Up-to-date: /home/pham/ultrasonic/install/ros2_socketcan_msgs/include/ros2_socketcan_msgs/ros2_socketcan_msgs
[0.839s] -- Up-to-date: /home/pham/ultrasonic/install/ros2_socketcan_msgs/include/ros2_socketcan_msgs/ros2_socketcan_msgs/msg
[0.839s] -- Up-to-date: /home/pham/ultrasonic/install/ros2_socketcan_msgs/include/ros2_socketcan_msgs/ros2_socketcan_msgs/msg/detail
[0.839s] -- Up-to-date: /home/pham/ultrasonic/install/ros2_socketcan_msgs/include/ros2_socketcan_msgs/ros2_socketcan_msgs/msg/detail/fd_frame__rosidl_typesupport_introspection_cpp.hpp
[0.839s] -- Up-to-date: /home/pham/ultrasonic/install/ros2_socketcan_msgs/include/ros2_socketcan_msgs/ros2_socketcan_msgs/msg/detail/fd_frame__type_support.cpp
[0.840s] -- Up-to-date: /home/pham/ultrasonic/install/ros2_socketcan_msgs/lib/libros2_socketcan_msgs__rosidl_typesupport_introspection_cpp.so
[0.840s] -- Up-to-date: /home/pham/ultrasonic/install/ros2_socketcan_msgs/lib/libros2_socketcan_msgs__rosidl_typesupport_cpp.so
[0.840s] -- Up-to-date: /home/pham/ultrasonic/install/ros2_socketcan_msgs/share/ros2_socketcan_msgs/environment/pythonpath.sh
[0.840s] -- Up-to-date: /home/pham/ultrasonic/install/ros2_socketcan_msgs/share/ros2_socketcan_msgs/environment/pythonpath.dsv
[0.840s] -- Up-to-date: /home/pham/ultrasonic/install/ros2_socketcan_msgs/local/lib/python3.10/dist-packages/ros2_socketcan_msgs-1.2.0-py3.10.egg-info
[0.840s] -- Installing: /home/pham/ultrasonic/install/ros2_socketcan_msgs/local/lib/python3.10/dist-packages/ros2_socketcan_msgs-1.2.0-py3.10.egg-info/dependency_links.txt
[0.840s] -- Installing: /home/pham/ultrasonic/install/ros2_socketcan_msgs/local/lib/python3.10/dist-packages/ros2_socketcan_msgs-1.2.0-py3.10.egg-info/PKG-INFO
[0.840s] -- Installing: /home/pham/ultrasonic/install/ros2_socketcan_msgs/local/lib/python3.10/dist-packages/ros2_socketcan_msgs-1.2.0-py3.10.egg-info/SOURCES.txt
[0.840s] -- Installing: /home/pham/ultrasonic/install/ros2_socketcan_msgs/local/lib/python3.10/dist-packages/ros2_socketcan_msgs-1.2.0-py3.10.egg-info/top_level.txt
[0.840s] -- Up-to-date: /home/pham/ultrasonic/install/ros2_socketcan_msgs/local/lib/python3.10/dist-packages/ros2_socketcan_msgs
[0.840s] -- Up-to-date: /home/pham/ultrasonic/install/ros2_socketcan_msgs/local/lib/python3.10/dist-packages/ros2_socketcan_msgs/ros2_socketcan_msgs_s__rosidl_typesupport_c.cpython-310-x86_64-linux-gnu.so
[0.841s] -- Up-to-date: /home/pham/ultrasonic/install/ros2_socketcan_msgs/local/lib/python3.10/dist-packages/ros2_socketcan_msgs/ros2_socketcan_msgs_s__rosidl_typesupport_fastrtps_c.cpython-310-x86_64-linux-gnu.so
[0.841s] -- Up-to-date: /home/pham/ultrasonic/install/ros2_socketcan_msgs/local/lib/python3.10/dist-packages/ros2_socketcan_msgs/__init__.py
[0.841s] -- Up-to-date: /home/pham/ultrasonic/install/ros2_socketcan_msgs/local/lib/python3.10/dist-packages/ros2_socketcan_msgs/libros2_socketcan_msgs__rosidl_generator_py.so
[0.841s] -- Up-to-date: /home/pham/ultrasonic/install/ros2_socketcan_msgs/local/lib/python3.10/dist-packages/ros2_socketcan_msgs/_ros2_socketcan_msgs_s.ep.rosidl_typesupport_c.c
[0.841s] -- Up-to-date: /home/pham/ultrasonic/install/ros2_socketcan_msgs/local/lib/python3.10/dist-packages/ros2_socketcan_msgs/ros2_socketcan_msgs_s__rosidl_typesupport_introspection_c.cpython-310-x86_64-linux-gnu.so
[0.841s] -- Up-to-date: /home/pham/ultrasonic/install/ros2_socketcan_msgs/local/lib/python3.10/dist-packages/ros2_socketcan_msgs/msg
[0.841s] -- Up-to-date: /home/pham/ultrasonic/install/ros2_socketcan_msgs/local/lib/python3.10/dist-packages/ros2_socketcan_msgs/msg/__init__.py
[0.841s] -- Up-to-date: /home/pham/ultrasonic/install/ros2_socketcan_msgs/local/lib/python3.10/dist-packages/ros2_socketcan_msgs/msg/_fd_frame.py
[0.841s] -- Up-to-date: /home/pham/ultrasonic/install/ros2_socketcan_msgs/local/lib/python3.10/dist-packages/ros2_socketcan_msgs/msg/_fd_frame_s.c
[0.841s] -- Up-to-date: /home/pham/ultrasonic/install/ros2_socketcan_msgs/local/lib/python3.10/dist-packages/ros2_socketcan_msgs/_ros2_socketcan_msgs_s.ep.rosidl_typesupport_introspection_c.c
[0.841s] -- Up-to-date: /home/pham/ultrasonic/install/ros2_socketcan_msgs/local/lib/python3.10/dist-packages/ros2_socketcan_msgs/_ros2_socketcan_msgs_s.ep.rosidl_typesupport_fastrtps_c.c
[0.866s] Listing '/home/pham/ultrasonic/install/ros2_socketcan_msgs/local/lib/python3.10/dist-packages/ros2_socketcan_msgs'...
[0.866s] Listing '/home/pham/ultrasonic/install/ros2_socketcan_msgs/local/lib/python3.10/dist-packages/ros2_socketcan_msgs/msg'...
[0.869s] -- Up-to-date: /home/pham/ultrasonic/install/ros2_socketcan_msgs/local/lib/python3.10/dist-packages/ros2_socketcan_msgs/ros2_socketcan_msgs_s__rosidl_typesupport_fastrtps_c.cpython-310-x86_64-linux-gnu.so
[0.869s] -- Up-to-date: /home/pham/ultrasonic/install/ros2_socketcan_msgs/local/lib/python3.10/dist-packages/ros2_socketcan_msgs/ros2_socketcan_msgs_s__rosidl_typesupport_introspection_c.cpython-310-x86_64-linux-gnu.so
[0.869s] -- Up-to-date: /home/pham/ultrasonic/install/ros2_socketcan_msgs/local/lib/python3.10/dist-packages/ros2_socketcan_msgs/ros2_socketcan_msgs_s__rosidl_typesupport_c.cpython-310-x86_64-linux-gnu.so
[0.869s] -- Up-to-date: /home/pham/ultrasonic/install/ros2_socketcan_msgs/lib/libros2_socketcan_msgs__rosidl_generator_py.so
[0.870s] -- Up-to-date: /home/pham/ultrasonic/install/ros2_socketcan_msgs/share/ros2_socketcan_msgs/msg/FdFrame.idl
[0.870s] -- Up-to-date: /home/pham/ultrasonic/install/ros2_socketcan_msgs/share/ros2_socketcan_msgs/msg/FdFrame.msg
[0.870s] -- Up-to-date: /home/pham/ultrasonic/install/ros2_socketcan_msgs/share/ament_index/resource_index/package_run_dependencies/ros2_socketcan_msgs
[0.870s] -- Up-to-date: /home/pham/ultrasonic/install/ros2_socketcan_msgs/share/ament_index/resource_index/parent_prefix_path/ros2_socketcan_msgs
[0.870s] -- Up-to-date: /home/pham/ultrasonic/install/ros2_socketcan_msgs/share/ros2_socketcan_msgs/environment/ament_prefix_path.sh
[0.870s] -- Up-to-date: /home/pham/ultrasonic/install/ros2_socketcan_msgs/share/ros2_socketcan_msgs/environment/ament_prefix_path.dsv
[0.870s] -- Up-to-date: /home/pham/ultrasonic/install/ros2_socketcan_msgs/share/ros2_socketcan_msgs/environment/path.sh
[0.870s] -- Up-to-date: /home/pham/ultrasonic/install/ros2_socketcan_msgs/share/ros2_socketcan_msgs/environment/path.dsv
[0.870s] -- Up-to-date: /home/pham/ultrasonic/install/ros2_socketcan_msgs/share/ros2_socketcan_msgs/local_setup.bash
[0.870s] -- Up-to-date: /home/pham/ultrasonic/install/ros2_socketcan_msgs/share/ros2_socketcan_msgs/local_setup.sh
[0.870s] -- Up-to-date: /home/pham/ultrasonic/install/ros2_socketcan_msgs/share/ros2_socketcan_msgs/local_setup.zsh
[0.870s] -- Up-to-date: /home/pham/ultrasonic/install/ros2_socketcan_msgs/share/ros2_socketcan_msgs/local_setup.dsv
[0.870s] -- Installing: /home/pham/ultrasonic/install/ros2_socketcan_msgs/share/ros2_socketcan_msgs/package.dsv
[0.870s] -- Up-to-date: /home/pham/ultrasonic/install/ros2_socketcan_msgs/share/ament_index/resource_index/packages/ros2_socketcan_msgs
[0.871s] -- Up-to-date: /home/pham/ultrasonic/install/ros2_socketcan_msgs/share/ros2_socketcan_msgs/cmake/export_ros2_socketcan_msgs__rosidl_generator_cExport.cmake
[0.871s] -- Up-to-date: /home/pham/ultrasonic/install/ros2_socketcan_msgs/share/ros2_socketcan_msgs/cmake/export_ros2_socketcan_msgs__rosidl_generator_cExport-noconfig.cmake
[0.871s] -- Up-to-date: /home/pham/ultrasonic/install/ros2_socketcan_msgs/share/ros2_socketcan_msgs/cmake/export_ros2_socketcan_msgs__rosidl_typesupport_fastrtps_cExport.cmake
[0.871s] -- Up-to-date: /home/pham/ultrasonic/install/ros2_socketcan_msgs/share/ros2_socketcan_msgs/cmake/export_ros2_socketcan_msgs__rosidl_typesupport_fastrtps_cExport-noconfig.cmake
[0.872s] -- Up-to-date: /home/pham/ultrasonic/install/ros2_socketcan_msgs/share/ros2_socketcan_msgs/cmake/ros2_socketcan_msgs__rosidl_typesupport_introspection_cExport.cmake
[0.872s] -- Up-to-date: /home/pham/ultrasonic/install/ros2_socketcan_msgs/share/ros2_socketcan_msgs/cmake/ros2_socketcan_msgs__rosidl_typesupport_introspection_cExport-noconfig.cmake
[0.872s] -- Up-to-date: /home/pham/ultrasonic/install/ros2_socketcan_msgs/share/ros2_socketcan_msgs/cmake/ros2_socketcan_msgs__rosidl_typesupport_cExport.cmake
[0.872s] -- Up-to-date: /home/pham/ultrasonic/install/ros2_socketcan_msgs/share/ros2_socketcan_msgs/cmake/ros2_socketcan_msgs__rosidl_typesupport_cExport-noconfig.cmake
[0.872s] -- Up-to-date: /home/pham/ultrasonic/install/ros2_socketcan_msgs/share/ros2_socketcan_msgs/cmake/export_ros2_socketcan_msgs__rosidl_generator_cppExport.cmake
[0.873s] -- Up-to-date: /home/pham/ultrasonic/install/ros2_socketcan_msgs/share/ros2_socketcan_msgs/cmake/export_ros2_socketcan_msgs__rosidl_typesupport_fastrtps_cppExport.cmake
[0.873s] -- Up-to-date: /home/pham/ultrasonic/install/ros2_socketcan_msgs/share/ros2_socketcan_msgs/cmake/export_ros2_socketcan_msgs__rosidl_typesupport_fastrtps_cppExport-noconfig.cmake
[0.873s] -- Up-to-date: /home/pham/ultrasonic/install/ros2_socketcan_msgs/share/ros2_socketcan_msgs/cmake/ros2_socketcan_msgs__rosidl_typesupport_introspection_cppExport.cmake
[0.873s] -- Up-to-date: /home/pham/ultrasonic/install/ros2_socketcan_msgs/share/ros2_socketcan_msgs/cmake/ros2_socketcan_msgs__rosidl_typesupport_introspection_cppExport-noconfig.cmake
[0.873s] -- Up-to-date: /home/pham/ultrasonic/install/ros2_socketcan_msgs/share/ros2_socketcan_msgs/cmake/ros2_socketcan_msgs__rosidl_typesupport_cppExport.cmake
[0.873s] -- Up-to-date: /home/pham/ultrasonic/install/ros2_socketcan_msgs/share/ros2_socketcan_msgs/cmake/ros2_socketcan_msgs__rosidl_typesupport_cppExport-noconfig.cmake
[0.873s] -- Up-to-date: /home/pham/ultrasonic/install/ros2_socketcan_msgs/share/ros2_socketcan_msgs/cmake/export_ros2_socketcan_msgs__rosidl_generator_pyExport.cmake
[0.873s] -- Up-to-date: /home/pham/ultrasonic/install/ros2_socketcan_msgs/share/ros2_socketcan_msgs/cmake/export_ros2_socketcan_msgs__rosidl_generator_pyExport-noconfig.cmake
[0.873s] -- Up-to-date: /home/pham/ultrasonic/install/ros2_socketcan_msgs/share/ros2_socketcan_msgs/cmake/rosidl_cmake-extras.cmake
[0.873s] -- Up-to-date: /home/pham/ultrasonic/install/ros2_socketcan_msgs/share/ros2_socketcan_msgs/cmake/ament_cmake_export_dependencies-extras.cmake
[0.873s] -- Up-to-date: /home/pham/ultrasonic/install/ros2_socketcan_msgs/share/ros2_socketcan_msgs/cmake/ament_cmake_export_include_directories-extras.cmake
[0.873s] -- Up-to-date: /home/pham/ultrasonic/install/ros2_socketcan_msgs/share/ros2_socketcan_msgs/cmake/ament_cmake_export_libraries-extras.cmake
[0.873s] -- Up-to-date: /home/pham/ultrasonic/install/ros2_socketcan_msgs/share/ros2_socketcan_msgs/cmake/ament_cmake_export_targets-extras.cmake
[0.873s] -- Up-to-date: /home/pham/ultrasonic/install/ros2_socketcan_msgs/share/ros2_socketcan_msgs/cmake/rosidl_cmake_export_typesupport_targets-extras.cmake
[0.873s] -- Up-to-date: /home/pham/ultrasonic/install/ros2_socketcan_msgs/share/ros2_socketcan_msgs/cmake/rosidl_cmake_export_typesupport_libraries-extras.cmake
[0.874s] -- Up-to-date: /home/pham/ultrasonic/install/ros2_socketcan_msgs/share/ros2_socketcan_msgs/cmake/ros2_socketcan_msgsConfig.cmake
[0.874s] -- Up-to-date: /home/pham/ultrasonic/install/ros2_socketcan_msgs/share/ros2_socketcan_msgs/cmake/ros2_socketcan_msgsConfig-version.cmake
[0.874s] -- Up-to-date: /home/pham/ultrasonic/install/ros2_socketcan_msgs/share/ros2_socketcan_msgs/package.xml
[0.876s] Invoked command in '/home/pham/ultrasonic/build/ros2_socketcan_msgs' returned '0': CMAKE_PREFIX_PATH=${CMAKE_PREFIX_PATH}:/home/pham/ultrasonic/install/ultrasonic:/opt/ros/humble /usr/bin/cmake --install /home/pham/ultrasonic/build/ros2_socketcan_msgs
