[0.289s] DEBUG:colcon:Command line arguments: ['/usr/bin/colcon', 'build']
[0.289s] DEBUG:colcon:Parsed command line arguments: Namespace(log_base=None, log_level=None, verb_name='build', build_base='build', install_base='install', merge_install=False, symlink_install=False, test_result_base=None, continue_on_error=False, executor='parallel', parallel_workers=4, event_handlers=None, ignore_user_meta=False, metas=['./colcon.meta'], base_paths=['.'], packages_ignore=None, packages_ignore_regex=None, paths=None, packages_up_to=None, packages_up_to_regex=None, packages_above=None, packages_above_and_dependencies=None, packages_above_depth=None, packages_select_by_dep=None, packages_skip_by_dep=None, packages_skip_up_to=None, packages_select_build_failed=False, packages_skip_build_finished=False, packages_select_test_failures=False, packages_skip_test_passed=False, packages_select=None, packages_skip=None, packages_select_regex=None, packages_skip_regex=None, packages_start=None, packages_end=None, allow_overriding=[], cmake_args=None, cmake_target=None, cmake_target_skip_unavailable=False, cmake_clean_cache=False, cmake_clean_first=False, cmake_force_configure=False, ament_cmake_args=None, catkin_cmake_args=None, catkin_skip_building_tests=False, verb_parser=<colcon_defaults.argument_parser.defaults.DefaultArgumentsDecorator object at 0x7fd2b4ec2e60>, verb_extension=<colcon_core.verb.build.BuildVerb object at 0x7fd2b57231f0>, main=<bound method BuildVerb.main of <colcon_core.verb.build.BuildVerb object at 0x7fd2b57231f0>>)
[0.425s] Level 1:colcon.colcon_core.package_discovery:discover_packages(colcon_meta) check parameters
[0.426s] Level 1:colcon.colcon_core.package_discovery:discover_packages(recursive) check parameters
[0.426s] Level 1:colcon.colcon_core.package_discovery:discover_packages(ignore) check parameters
[0.426s] Level 1:colcon.colcon_core.package_discovery:discover_packages(path) check parameters
[0.426s] Level 1:colcon.colcon_core.package_discovery:discover_packages(colcon_meta) discover
[0.426s] Level 1:colcon.colcon_core.package_discovery:discover_packages(recursive) discover
[0.426s] INFO:colcon.colcon_core.package_discovery:Crawling recursively for packages in '/home/pham/ultrasonic'
[0.426s] Level 1:colcon.colcon_core.package_identification:_identify(.) by extensions ['ignore', 'ignore_ament_install']
[0.426s] Level 1:colcon.colcon_core.package_identification:_identify(.) by extension 'ignore'
[0.427s] Level 1:colcon.colcon_core.package_identification:_identify(.) by extension 'ignore_ament_install'
[0.427s] Level 1:colcon.colcon_core.package_identification:_identify(.) by extensions ['colcon_pkg']
[0.427s] Level 1:colcon.colcon_core.package_identification:_identify(.) by extension 'colcon_pkg'
[0.427s] Level 1:colcon.colcon_core.package_identification:_identify(.) by extensions ['colcon_meta']
[0.427s] Level 1:colcon.colcon_core.package_identification:_identify(.) by extension 'colcon_meta'
[0.427s] Level 1:colcon.colcon_core.package_identification:_identify(.) by extensions ['ros']
[0.427s] Level 1:colcon.colcon_core.package_identification:_identify(.) by extension 'ros'
[0.438s] Level 1:colcon.colcon_core.package_identification:_identify(.) by extensions ['cmake', 'python']
[0.438s] Level 1:colcon.colcon_core.package_identification:_identify(.) by extension 'cmake'
[0.438s] Level 1:colcon.colcon_core.package_identification:_identify(.) by extension 'python'
[0.438s] Level 1:colcon.colcon_core.package_identification:_identify(.) by extensions ['python_setup_py']
[0.438s] Level 1:colcon.colcon_core.package_identification:_identify(.) by extension 'python_setup_py'
[0.438s] Level 1:colcon.colcon_core.package_identification:_identify(build) by extensions ['ignore', 'ignore_ament_install']
[0.439s] Level 1:colcon.colcon_core.package_identification:_identify(build) by extension 'ignore'
[0.439s] Level 1:colcon.colcon_core.package_identification:_identify(build) ignored
[0.439s] Level 1:colcon.colcon_core.package_identification:_identify(install) by extensions ['ignore', 'ignore_ament_install']
[0.439s] Level 1:colcon.colcon_core.package_identification:_identify(install) by extension 'ignore'
[0.439s] Level 1:colcon.colcon_core.package_identification:_identify(install) ignored
[0.439s] Level 1:colcon.colcon_core.package_identification:_identify(launch) by extensions ['ignore', 'ignore_ament_install']
[0.439s] Level 1:colcon.colcon_core.package_identification:_identify(launch) by extension 'ignore'
[0.439s] Level 1:colcon.colcon_core.package_identification:_identify(launch) by extension 'ignore_ament_install'
[0.439s] Level 1:colcon.colcon_core.package_identification:_identify(launch) by extensions ['colcon_pkg']
[0.439s] Level 1:colcon.colcon_core.package_identification:_identify(launch) by extension 'colcon_pkg'
[0.439s] Level 1:colcon.colcon_core.package_identification:_identify(launch) by extensions ['colcon_meta']
[0.439s] Level 1:colcon.colcon_core.package_identification:_identify(launch) by extension 'colcon_meta'
[0.439s] Level 1:colcon.colcon_core.package_identification:_identify(launch) by extensions ['ros']
[0.439s] Level 1:colcon.colcon_core.package_identification:_identify(launch) by extension 'ros'
[0.439s] Level 1:colcon.colcon_core.package_identification:_identify(launch) by extensions ['cmake', 'python']
[0.439s] Level 1:colcon.colcon_core.package_identification:_identify(launch) by extension 'cmake'
[0.439s] Level 1:colcon.colcon_core.package_identification:_identify(launch) by extension 'python'
[0.439s] Level 1:colcon.colcon_core.package_identification:_identify(launch) by extensions ['python_setup_py']
[0.439s] Level 1:colcon.colcon_core.package_identification:_identify(launch) by extension 'python_setup_py'
[0.440s] Level 1:colcon.colcon_core.package_identification:_identify(log) by extensions ['ignore', 'ignore_ament_install']
[0.440s] Level 1:colcon.colcon_core.package_identification:_identify(log) by extension 'ignore'
[0.440s] Level 1:colcon.colcon_core.package_identification:_identify(log) ignored
[0.441s] Level 1:colcon.colcon_core.package_identification:_identify(src) by extensions ['ignore', 'ignore_ament_install']
[0.441s] Level 1:colcon.colcon_core.package_identification:_identify(src) by extension 'ignore'
[0.441s] Level 1:colcon.colcon_core.package_identification:_identify(src) by extension 'ignore_ament_install'
[0.441s] Level 1:colcon.colcon_core.package_identification:_identify(src) by extensions ['colcon_pkg']
[0.441s] Level 1:colcon.colcon_core.package_identification:_identify(src) by extension 'colcon_pkg'
[0.441s] Level 1:colcon.colcon_core.package_identification:_identify(src) by extensions ['colcon_meta']
[0.441s] Level 1:colcon.colcon_core.package_identification:_identify(src) by extension 'colcon_meta'
[0.441s] Level 1:colcon.colcon_core.package_identification:_identify(src) by extensions ['ros']
[0.441s] Level 1:colcon.colcon_core.package_identification:_identify(src) by extension 'ros'
[0.441s] Level 1:colcon.colcon_core.package_identification:_identify(src) by extensions ['cmake', 'python']
[0.441s] Level 1:colcon.colcon_core.package_identification:_identify(src) by extension 'cmake'
[0.441s] Level 1:colcon.colcon_core.package_identification:_identify(src) by extension 'python'
[0.441s] Level 1:colcon.colcon_core.package_identification:_identify(src) by extensions ['python_setup_py']
[0.441s] Level 1:colcon.colcon_core.package_identification:_identify(src) by extension 'python_setup_py'
[0.441s] Level 1:colcon.colcon_core.package_identification:_identify(src/ros2_socketcan) by extensions ['ignore', 'ignore_ament_install']
[0.441s] Level 1:colcon.colcon_core.package_identification:_identify(src/ros2_socketcan) by extension 'ignore'
[0.441s] Level 1:colcon.colcon_core.package_identification:_identify(src/ros2_socketcan) by extension 'ignore_ament_install'
[0.441s] Level 1:colcon.colcon_core.package_identification:_identify(src/ros2_socketcan) by extensions ['colcon_pkg']
[0.441s] Level 1:colcon.colcon_core.package_identification:_identify(src/ros2_socketcan) by extension 'colcon_pkg'
[0.441s] Level 1:colcon.colcon_core.package_identification:_identify(src/ros2_socketcan) by extensions ['colcon_meta']
[0.441s] Level 1:colcon.colcon_core.package_identification:_identify(src/ros2_socketcan) by extension 'colcon_meta'
[0.442s] Level 1:colcon.colcon_core.package_identification:_identify(src/ros2_socketcan) by extensions ['ros']
[0.442s] Level 1:colcon.colcon_core.package_identification:_identify(src/ros2_socketcan) by extension 'ros'
[0.442s] Level 1:colcon.colcon_core.package_identification:_identify(src/ros2_socketcan) by extensions ['cmake', 'python']
[0.442s] Level 1:colcon.colcon_core.package_identification:_identify(src/ros2_socketcan) by extension 'cmake'
[0.442s] Level 1:colcon.colcon_core.package_identification:_identify(src/ros2_socketcan) by extension 'python'
[0.442s] Level 1:colcon.colcon_core.package_identification:_identify(src/ros2_socketcan) by extensions ['python_setup_py']
[0.442s] Level 1:colcon.colcon_core.package_identification:_identify(src/ros2_socketcan) by extension 'python_setup_py'
[0.442s] Level 1:colcon.colcon_core.package_identification:_identify(src/ros2_socketcan/ros2_socketcan) by extensions ['ignore', 'ignore_ament_install']
[0.442s] Level 1:colcon.colcon_core.package_identification:_identify(src/ros2_socketcan/ros2_socketcan) by extension 'ignore'
[0.442s] Level 1:colcon.colcon_core.package_identification:_identify(src/ros2_socketcan/ros2_socketcan) by extension 'ignore_ament_install'
[0.442s] Level 1:colcon.colcon_core.package_identification:_identify(src/ros2_socketcan/ros2_socketcan) by extensions ['colcon_pkg']
[0.442s] Level 1:colcon.colcon_core.package_identification:_identify(src/ros2_socketcan/ros2_socketcan) by extension 'colcon_pkg'
[0.442s] Level 1:colcon.colcon_core.package_identification:_identify(src/ros2_socketcan/ros2_socketcan) by extensions ['colcon_meta']
[0.442s] Level 1:colcon.colcon_core.package_identification:_identify(src/ros2_socketcan/ros2_socketcan) by extension 'colcon_meta'
[0.442s] Level 1:colcon.colcon_core.package_identification:_identify(src/ros2_socketcan/ros2_socketcan) by extensions ['ros']
[0.442s] Level 1:colcon.colcon_core.package_identification:_identify(src/ros2_socketcan/ros2_socketcan) by extension 'ros'
[0.445s] DEBUG:colcon.colcon_core.package_identification:Package 'src/ros2_socketcan/ros2_socketcan' with type 'ros.ament_cmake' and name 'ros2_socketcan'
[0.445s] Level 1:colcon.colcon_core.package_identification:_identify(src/ros2_socketcan/ros2_socketcan_msgs) by extensions ['ignore', 'ignore_ament_install']
[0.445s] Level 1:colcon.colcon_core.package_identification:_identify(src/ros2_socketcan/ros2_socketcan_msgs) by extension 'ignore'
[0.445s] Level 1:colcon.colcon_core.package_identification:_identify(src/ros2_socketcan/ros2_socketcan_msgs) by extension 'ignore_ament_install'
[0.445s] Level 1:colcon.colcon_core.package_identification:_identify(src/ros2_socketcan/ros2_socketcan_msgs) by extensions ['colcon_pkg']
[0.445s] Level 1:colcon.colcon_core.package_identification:_identify(src/ros2_socketcan/ros2_socketcan_msgs) by extension 'colcon_pkg'
[0.445s] Level 1:colcon.colcon_core.package_identification:_identify(src/ros2_socketcan/ros2_socketcan_msgs) by extensions ['colcon_meta']
[0.445s] Level 1:colcon.colcon_core.package_identification:_identify(src/ros2_socketcan/ros2_socketcan_msgs) by extension 'colcon_meta'
[0.445s] Level 1:colcon.colcon_core.package_identification:_identify(src/ros2_socketcan/ros2_socketcan_msgs) by extensions ['ros']
[0.445s] Level 1:colcon.colcon_core.package_identification:_identify(src/ros2_socketcan/ros2_socketcan_msgs) by extension 'ros'
[0.446s] DEBUG:colcon.colcon_core.package_identification:Package 'src/ros2_socketcan/ros2_socketcan_msgs' with type 'ros.ament_cmake' and name 'ros2_socketcan_msgs'
[0.446s] Level 1:colcon.colcon_core.package_identification:_identify(src/ultrasonic) by extensions ['ignore', 'ignore_ament_install']
[0.446s] Level 1:colcon.colcon_core.package_identification:_identify(src/ultrasonic) by extension 'ignore'
[0.446s] Level 1:colcon.colcon_core.package_identification:_identify(src/ultrasonic) by extension 'ignore_ament_install'
[0.446s] Level 1:colcon.colcon_core.package_identification:_identify(src/ultrasonic) by extensions ['colcon_pkg']
[0.446s] Level 1:colcon.colcon_core.package_identification:_identify(src/ultrasonic) by extension 'colcon_pkg'
[0.446s] Level 1:colcon.colcon_core.package_identification:_identify(src/ultrasonic) by extensions ['colcon_meta']
[0.446s] Level 1:colcon.colcon_core.package_identification:_identify(src/ultrasonic) by extension 'colcon_meta'
[0.446s] Level 1:colcon.colcon_core.package_identification:_identify(src/ultrasonic) by extensions ['ros']
[0.446s] Level 1:colcon.colcon_core.package_identification:_identify(src/ultrasonic) by extension 'ros'
[0.447s] DEBUG:colcon.colcon_core.package_identification:Package 'src/ultrasonic' with type 'ros.ament_python' and name 'ultrasonic'
[0.447s] Level 1:colcon.colcon_core.package_discovery:discover_packages(recursive) using defaults
[0.447s] Level 1:colcon.colcon_core.package_discovery:discover_packages(ignore) discover
[0.447s] Level 1:colcon.colcon_core.package_discovery:discover_packages(ignore) using defaults
[0.447s] Level 1:colcon.colcon_core.package_discovery:discover_packages(path) discover
[0.447s] Level 1:colcon.colcon_core.package_discovery:discover_packages(path) using defaults
[0.471s] Level 1:colcon.colcon_core.package_discovery:discover_packages(prefix_path) check parameters
[0.471s] Level 1:colcon.colcon_core.package_discovery:discover_packages(prefix_path) discover
[0.474s] DEBUG:colcon.colcon_installed_package_information.package_discovery:Found 299 installed packages in /opt/ros/humble
[0.476s] Level 1:colcon.colcon_core.package_discovery:discover_packages(prefix_path) using defaults
[2.135s] Level 5:colcon.colcon_core.verb:set package 'ros2_socketcan_msgs' build argument 'cmake_args' from command line to 'None'
[2.135s] Level 5:colcon.colcon_core.verb:set package 'ros2_socketcan_msgs' build argument 'cmake_target' from command line to 'None'
[2.135s] Level 5:colcon.colcon_core.verb:set package 'ros2_socketcan_msgs' build argument 'cmake_target_skip_unavailable' from command line to 'False'
[2.135s] Level 5:colcon.colcon_core.verb:set package 'ros2_socketcan_msgs' build argument 'cmake_clean_cache' from command line to 'False'
[2.135s] Level 5:colcon.colcon_core.verb:set package 'ros2_socketcan_msgs' build argument 'cmake_clean_first' from command line to 'False'
[2.135s] Level 5:colcon.colcon_core.verb:set package 'ros2_socketcan_msgs' build argument 'cmake_force_configure' from command line to 'False'
[2.135s] Level 5:colcon.colcon_core.verb:set package 'ros2_socketcan_msgs' build argument 'ament_cmake_args' from command line to 'None'
[2.135s] Level 5:colcon.colcon_core.verb:set package 'ros2_socketcan_msgs' build argument 'catkin_cmake_args' from command line to 'None'
[2.135s] Level 5:colcon.colcon_core.verb:set package 'ros2_socketcan_msgs' build argument 'catkin_skip_building_tests' from command line to 'False'
[2.135s] DEBUG:colcon.colcon_core.verb:Building package 'ros2_socketcan_msgs' with the following arguments: {'ament_cmake_args': None, 'build_base': '/home/pham/ultrasonic/build/ros2_socketcan_msgs', 'catkin_cmake_args': None, 'catkin_skip_building_tests': False, 'cmake_args': None, 'cmake_clean_cache': False, 'cmake_clean_first': False, 'cmake_force_configure': False, 'cmake_target': None, 'cmake_target_skip_unavailable': False, 'install_base': '/home/pham/ultrasonic/install/ros2_socketcan_msgs', 'merge_install': False, 'path': '/home/pham/ultrasonic/src/ros2_socketcan/ros2_socketcan_msgs', 'symlink_install': False, 'test_result_base': None}
[2.136s] Level 5:colcon.colcon_core.verb:set package 'ultrasonic' build argument 'cmake_args' from command line to 'None'
[2.136s] Level 5:colcon.colcon_core.verb:set package 'ultrasonic' build argument 'cmake_target' from command line to 'None'
[2.136s] Level 5:colcon.colcon_core.verb:set package 'ultrasonic' build argument 'cmake_target_skip_unavailable' from command line to 'False'
[2.136s] Level 5:colcon.colcon_core.verb:set package 'ultrasonic' build argument 'cmake_clean_cache' from command line to 'False'
[2.136s] Level 5:colcon.colcon_core.verb:set package 'ultrasonic' build argument 'cmake_clean_first' from command line to 'False'
[2.136s] Level 5:colcon.colcon_core.verb:set package 'ultrasonic' build argument 'cmake_force_configure' from command line to 'False'
[2.136s] Level 5:colcon.colcon_core.verb:set package 'ultrasonic' build argument 'ament_cmake_args' from command line to 'None'
[2.136s] Level 5:colcon.colcon_core.verb:set package 'ultrasonic' build argument 'catkin_cmake_args' from command line to 'None'
[2.136s] Level 5:colcon.colcon_core.verb:set package 'ultrasonic' build argument 'catkin_skip_building_tests' from command line to 'False'
[2.136s] DEBUG:colcon.colcon_core.verb:Building package 'ultrasonic' with the following arguments: {'ament_cmake_args': None, 'build_base': '/home/pham/ultrasonic/build/ultrasonic', 'catkin_cmake_args': None, 'catkin_skip_building_tests': False, 'cmake_args': None, 'cmake_clean_cache': False, 'cmake_clean_first': False, 'cmake_force_configure': False, 'cmake_target': None, 'cmake_target_skip_unavailable': False, 'install_base': '/home/pham/ultrasonic/install/ultrasonic', 'merge_install': False, 'path': '/home/pham/ultrasonic/src/ultrasonic', 'symlink_install': False, 'test_result_base': None}
[2.136s] Level 5:colcon.colcon_core.verb:set package 'ros2_socketcan' build argument 'cmake_args' from command line to 'None'
[2.137s] Level 5:colcon.colcon_core.verb:set package 'ros2_socketcan' build argument 'cmake_target' from command line to 'None'
[2.137s] Level 5:colcon.colcon_core.verb:set package 'ros2_socketcan' build argument 'cmake_target_skip_unavailable' from command line to 'False'
[2.137s] Level 5:colcon.colcon_core.verb:set package 'ros2_socketcan' build argument 'cmake_clean_cache' from command line to 'False'
[2.137s] Level 5:colcon.colcon_core.verb:set package 'ros2_socketcan' build argument 'cmake_clean_first' from command line to 'False'
[2.137s] Level 5:colcon.colcon_core.verb:set package 'ros2_socketcan' build argument 'cmake_force_configure' from command line to 'False'
[2.137s] Level 5:colcon.colcon_core.verb:set package 'ros2_socketcan' build argument 'ament_cmake_args' from command line to 'None'
[2.137s] Level 5:colcon.colcon_core.verb:set package 'ros2_socketcan' build argument 'catkin_cmake_args' from command line to 'None'
[2.137s] Level 5:colcon.colcon_core.verb:set package 'ros2_socketcan' build argument 'catkin_skip_building_tests' from command line to 'False'
[2.137s] DEBUG:colcon.colcon_core.verb:Building package 'ros2_socketcan' with the following arguments: {'ament_cmake_args': None, 'build_base': '/home/pham/ultrasonic/build/ros2_socketcan', 'catkin_cmake_args': None, 'catkin_skip_building_tests': False, 'cmake_args': None, 'cmake_clean_cache': False, 'cmake_clean_first': False, 'cmake_force_configure': False, 'cmake_target': None, 'cmake_target_skip_unavailable': False, 'install_base': '/home/pham/ultrasonic/install/ros2_socketcan', 'merge_install': False, 'path': '/home/pham/ultrasonic/src/ros2_socketcan/ros2_socketcan', 'symlink_install': False, 'test_result_base': None}
[2.137s] INFO:colcon.colcon_core.executor:Executing jobs using 'parallel' executor
[2.141s] DEBUG:colcon.colcon_parallel_executor.executor.parallel:run_until_complete
[2.143s] INFO:colcon.colcon_ros.task.ament_cmake.build:Building ROS package in '/home/pham/ultrasonic/src/ros2_socketcan/ros2_socketcan_msgs' with build type 'ament_cmake'
[2.143s] INFO:colcon.colcon_cmake.task.cmake.build:Building CMake package in '/home/pham/ultrasonic/src/ros2_socketcan/ros2_socketcan_msgs'
[2.178s] INFO:colcon.colcon_core.plugin_system:Skipping extension 'colcon_core.shell.bat': Not used on non-Windows systems
[2.179s] INFO:colcon.colcon_core.shell:Skip shell extension 'powershell' for command environment: Not usable outside of PowerShell
[2.179s] DEBUG:colcon.colcon_core.shell:Skip shell extension 'dsv' for command environment
[2.207s] INFO:colcon.colcon_ros.task.ament_python.build:Building ROS package in '/home/pham/ultrasonic/src/ultrasonic' with build type 'ament_python'
[2.207s] Level 1:colcon.colcon_core.shell:create_environment_hook('ultrasonic', 'ament_prefix_path')
[2.209s] INFO:colcon.colcon_core.shell:Creating environment hook '/home/pham/ultrasonic/install/ultrasonic/share/ultrasonic/hook/ament_prefix_path.ps1'
[2.272s] INFO:colcon.colcon_core.shell:Creating environment descriptor '/home/pham/ultrasonic/install/ultrasonic/share/ultrasonic/hook/ament_prefix_path.dsv'
[2.273s] INFO:colcon.colcon_core.shell:Creating environment hook '/home/pham/ultrasonic/install/ultrasonic/share/ultrasonic/hook/ament_prefix_path.sh'
[2.277s] INFO:colcon.colcon_core.shell:Skip shell extension 'powershell' for command environment: Not usable outside of PowerShell
[2.277s] DEBUG:colcon.colcon_core.shell:Skip shell extension 'dsv' for command environment
[2.290s] DEBUG:colcon.colcon_core.event_handler.log_command:Invoking command in '/home/pham/ultrasonic/build/ros2_socketcan_msgs': CMAKE_PREFIX_PATH=/opt/ros/humble /usr/bin/cmake /home/pham/ultrasonic/src/ros2_socketcan/ros2_socketcan_msgs -DCMAKE_INSTALL_PREFIX=/home/pham/ultrasonic/install/ros2_socketcan_msgs
[2.608s] INFO:colcon.colcon_core.task.python.build:Building Python package in '/home/pham/ultrasonic/src/ultrasonic'
[2.610s] INFO:colcon.colcon_core.shell:Skip shell extension 'powershell' for command environment: Not usable outside of PowerShell
[2.610s] DEBUG:colcon.colcon_core.shell:Skip shell extension 'dsv' for command environment
[3.816s] DEBUG:colcon.colcon_core.event_handler.log_command:Invoking command in '/home/pham/ultrasonic/src/ultrasonic': PYTHONPATH=/home/pham/ultrasonic/build/ultrasonic/prefix_override:/home/pham/ultrasonic/install/ultrasonic/lib/python3.10/site-packages:${PYTHONPATH} /usr/bin/python3 setup.py egg_info --egg-base ../../build/ultrasonic build --build-base /home/pham/ultrasonic/build/ultrasonic/build install --record /home/pham/ultrasonic/build/ultrasonic/install.log --single-version-externally-managed
[4.328s] DEBUG:colcon.colcon_core.event_handler.log_command:Invoked command in '/home/pham/ultrasonic/src/ultrasonic' returned '0': PYTHONPATH=/home/pham/ultrasonic/build/ultrasonic/prefix_override:/home/pham/ultrasonic/install/ultrasonic/lib/python3.10/site-packages:${PYTHONPATH} /usr/bin/python3 setup.py egg_info --egg-base ../../build/ultrasonic build --build-base /home/pham/ultrasonic/build/ultrasonic/build install --record /home/pham/ultrasonic/build/ultrasonic/install.log --single-version-externally-managed
[4.460s] Level 1:colcon.colcon_core.environment:checking '/home/pham/ultrasonic/install/ultrasonic' for CMake module files
[4.461s] Level 1:colcon.colcon_core.environment:checking '/home/pham/ultrasonic/install/ultrasonic' for CMake config files
[4.476s] Level 1:colcon.colcon_core.environment:checking '/home/pham/ultrasonic/install/ultrasonic/lib'
[4.476s] Level 1:colcon.colcon_core.environment:checking '/home/pham/ultrasonic/install/ultrasonic/bin'
[4.476s] Level 1:colcon.colcon_core.environment:checking '/home/pham/ultrasonic/install/ultrasonic/lib/pkgconfig/ultrasonic.pc'
[4.477s] Level 1:colcon.colcon_core.environment:checking '/home/pham/ultrasonic/install/ultrasonic/lib/python3.10/site-packages'
[4.477s] Level 1:colcon.colcon_core.shell:create_environment_hook('ultrasonic', 'pythonpath')
[4.491s] INFO:colcon.colcon_core.shell:Creating environment hook '/home/pham/ultrasonic/install/ultrasonic/share/ultrasonic/hook/pythonpath.ps1'
[4.493s] INFO:colcon.colcon_core.shell:Creating environment descriptor '/home/pham/ultrasonic/install/ultrasonic/share/ultrasonic/hook/pythonpath.dsv'
[4.505s] INFO:colcon.colcon_core.shell:Creating environment hook '/home/pham/ultrasonic/install/ultrasonic/share/ultrasonic/hook/pythonpath.sh'
[4.506s] Level 1:colcon.colcon_core.environment:checking '/home/pham/ultrasonic/install/ultrasonic/bin'
[4.506s] Level 1:colcon.colcon_core.environment:create_environment_scripts_only(ultrasonic)
[4.508s] INFO:colcon.colcon_core.shell:Creating package script '/home/pham/ultrasonic/install/ultrasonic/share/ultrasonic/package.ps1'
[4.520s] INFO:colcon.colcon_core.shell:Creating package descriptor '/home/pham/ultrasonic/install/ultrasonic/share/ultrasonic/package.dsv'
[4.528s] INFO:colcon.colcon_core.shell:Creating package script '/home/pham/ultrasonic/install/ultrasonic/share/ultrasonic/package.sh'
[4.529s] INFO:colcon.colcon_core.shell:Creating package script '/home/pham/ultrasonic/install/ultrasonic/share/ultrasonic/package.bash'
[4.557s] INFO:colcon.colcon_core.shell:Creating package script '/home/pham/ultrasonic/install/ultrasonic/share/ultrasonic/package.zsh'
[4.559s] Level 1:colcon.colcon_core.environment:create_file_with_runtime_dependencies(/home/pham/ultrasonic/install/ultrasonic/share/colcon-core/packages/ultrasonic)
[9.304s] DEBUG:colcon.colcon_core.event_handler.log_command:Invoked command in '/home/pham/ultrasonic/build/ros2_socketcan_msgs' returned '0': CMAKE_PREFIX_PATH=/opt/ros/humble /usr/bin/cmake /home/pham/ultrasonic/src/ros2_socketcan/ros2_socketcan_msgs -DCMAKE_INSTALL_PREFIX=/home/pham/ultrasonic/install/ros2_socketcan_msgs
[9.307s] DEBUG:colcon.colcon_core.event_handler.log_command:Invoking command in '/home/pham/ultrasonic/build/ros2_socketcan_msgs': CMAKE_PREFIX_PATH=/opt/ros/humble /usr/bin/cmake --build /home/pham/ultrasonic/build/ros2_socketcan_msgs -- -j4 -l4
[14.091s] DEBUG:colcon.colcon_core.event_handler.log_command:Invoked command in '/home/pham/ultrasonic/build/ros2_socketcan_msgs' returned '0': CMAKE_PREFIX_PATH=/opt/ros/humble /usr/bin/cmake --build /home/pham/ultrasonic/build/ros2_socketcan_msgs -- -j4 -l4
[14.330s] DEBUG:colcon.colcon_core.event_handler.log_command:Invoking command in '/home/pham/ultrasonic/build/ros2_socketcan_msgs': CMAKE_PREFIX_PATH=/opt/ros/humble /usr/bin/cmake --install /home/pham/ultrasonic/build/ros2_socketcan_msgs
[14.546s] Level 1:colcon.colcon_core.environment:create_environment_scripts_only(ros2_socketcan_msgs)
[14.548s] Level 1:colcon.colcon_core.environment:checking '/home/pham/ultrasonic/install/ros2_socketcan_msgs' for CMake module files
[14.549s] DEBUG:colcon.colcon_core.event_handler.log_command:Invoked command in '/home/pham/ultrasonic/build/ros2_socketcan_msgs' returned '0': CMAKE_PREFIX_PATH=/opt/ros/humble /usr/bin/cmake --install /home/pham/ultrasonic/build/ros2_socketcan_msgs
[14.549s] Level 1:colcon.colcon_core.environment:checking '/home/pham/ultrasonic/install/ros2_socketcan_msgs' for CMake config files
[14.550s] Level 1:colcon.colcon_core.shell:create_environment_hook('ros2_socketcan_msgs', 'cmake_prefix_path')
[14.551s] INFO:colcon.colcon_core.shell:Creating environment hook '/home/pham/ultrasonic/install/ros2_socketcan_msgs/share/ros2_socketcan_msgs/hook/cmake_prefix_path.ps1'
[14.551s] INFO:colcon.colcon_core.shell:Creating environment descriptor '/home/pham/ultrasonic/install/ros2_socketcan_msgs/share/ros2_socketcan_msgs/hook/cmake_prefix_path.dsv'
[14.551s] INFO:colcon.colcon_core.shell:Creating environment hook '/home/pham/ultrasonic/install/ros2_socketcan_msgs/share/ros2_socketcan_msgs/hook/cmake_prefix_path.sh'
[14.552s] Level 1:colcon.colcon_core.environment:checking '/home/pham/ultrasonic/install/ros2_socketcan_msgs/lib'
[14.552s] Level 1:colcon.colcon_core.shell:create_environment_hook('ros2_socketcan_msgs', 'ld_library_path_lib')
[14.553s] INFO:colcon.colcon_core.shell:Creating environment hook '/home/pham/ultrasonic/install/ros2_socketcan_msgs/share/ros2_socketcan_msgs/hook/ld_library_path_lib.ps1'
[14.553s] INFO:colcon.colcon_core.shell:Creating environment descriptor '/home/pham/ultrasonic/install/ros2_socketcan_msgs/share/ros2_socketcan_msgs/hook/ld_library_path_lib.dsv'
[14.553s] INFO:colcon.colcon_core.shell:Creating environment hook '/home/pham/ultrasonic/install/ros2_socketcan_msgs/share/ros2_socketcan_msgs/hook/ld_library_path_lib.sh'
[14.554s] Level 1:colcon.colcon_core.environment:checking '/home/pham/ultrasonic/install/ros2_socketcan_msgs/bin'
[14.554s] Level 1:colcon.colcon_core.environment:checking '/home/pham/ultrasonic/install/ros2_socketcan_msgs/lib/pkgconfig/ros2_socketcan_msgs.pc'
[14.554s] Level 1:colcon.colcon_core.environment:checking '/home/pham/ultrasonic/install/ros2_socketcan_msgs/lib/python3.10/site-packages'
[14.555s] Level 1:colcon.colcon_core.environment:checking '/home/pham/ultrasonic/install/ros2_socketcan_msgs/bin'
[14.556s] INFO:colcon.colcon_core.shell:Creating package script '/home/pham/ultrasonic/install/ros2_socketcan_msgs/share/ros2_socketcan_msgs/package.ps1'
[14.556s] INFO:colcon.colcon_core.shell:Creating package descriptor '/home/pham/ultrasonic/install/ros2_socketcan_msgs/share/ros2_socketcan_msgs/package.dsv'
[14.557s] INFO:colcon.colcon_core.shell:Creating package script '/home/pham/ultrasonic/install/ros2_socketcan_msgs/share/ros2_socketcan_msgs/package.sh'
[14.557s] INFO:colcon.colcon_core.shell:Creating package script '/home/pham/ultrasonic/install/ros2_socketcan_msgs/share/ros2_socketcan_msgs/package.bash'
[14.558s] INFO:colcon.colcon_core.shell:Creating package script '/home/pham/ultrasonic/install/ros2_socketcan_msgs/share/ros2_socketcan_msgs/package.zsh'
[14.558s] Level 1:colcon.colcon_core.environment:create_file_with_runtime_dependencies(/home/pham/ultrasonic/install/ros2_socketcan_msgs/share/colcon-core/packages/ros2_socketcan_msgs)
[14.825s] Level 1:colcon.colcon_core.environment:create_environment_scripts_only(ros2_socketcan_msgs)
[14.827s] Level 1:colcon.colcon_core.environment:checking '/home/pham/ultrasonic/install/ros2_socketcan_msgs' for CMake module files
[14.828s] Level 1:colcon.colcon_core.environment:checking '/home/pham/ultrasonic/install/ros2_socketcan_msgs' for CMake config files
[14.828s] Level 1:colcon.colcon_core.shell:create_environment_hook('ros2_socketcan_msgs', 'cmake_prefix_path')
[14.829s] INFO:colcon.colcon_core.shell:Creating environment hook '/home/pham/ultrasonic/install/ros2_socketcan_msgs/share/ros2_socketcan_msgs/hook/cmake_prefix_path.ps1'
[14.830s] INFO:colcon.colcon_core.shell:Creating environment descriptor '/home/pham/ultrasonic/install/ros2_socketcan_msgs/share/ros2_socketcan_msgs/hook/cmake_prefix_path.dsv'
[14.832s] INFO:colcon.colcon_core.shell:Creating environment hook '/home/pham/ultrasonic/install/ros2_socketcan_msgs/share/ros2_socketcan_msgs/hook/cmake_prefix_path.sh'
[14.833s] Level 1:colcon.colcon_core.environment:checking '/home/pham/ultrasonic/install/ros2_socketcan_msgs/lib'
[14.833s] Level 1:colcon.colcon_core.shell:create_environment_hook('ros2_socketcan_msgs', 'ld_library_path_lib')
[14.835s] INFO:colcon.colcon_core.shell:Creating environment hook '/home/pham/ultrasonic/install/ros2_socketcan_msgs/share/ros2_socketcan_msgs/hook/ld_library_path_lib.ps1'
[14.836s] INFO:colcon.colcon_core.shell:Creating environment descriptor '/home/pham/ultrasonic/install/ros2_socketcan_msgs/share/ros2_socketcan_msgs/hook/ld_library_path_lib.dsv'
[14.837s] INFO:colcon.colcon_core.shell:Creating environment hook '/home/pham/ultrasonic/install/ros2_socketcan_msgs/share/ros2_socketcan_msgs/hook/ld_library_path_lib.sh'
[14.837s] Level 1:colcon.colcon_core.environment:checking '/home/pham/ultrasonic/install/ros2_socketcan_msgs/bin'
[14.838s] Level 1:colcon.colcon_core.environment:checking '/home/pham/ultrasonic/install/ros2_socketcan_msgs/lib/pkgconfig/ros2_socketcan_msgs.pc'
[14.838s] Level 1:colcon.colcon_core.environment:checking '/home/pham/ultrasonic/install/ros2_socketcan_msgs/lib/python3.10/site-packages'
[14.839s] Level 1:colcon.colcon_core.environment:checking '/home/pham/ultrasonic/install/ros2_socketcan_msgs/bin'
[14.840s] INFO:colcon.colcon_core.shell:Creating package script '/home/pham/ultrasonic/install/ros2_socketcan_msgs/share/ros2_socketcan_msgs/package.ps1'
[14.841s] INFO:colcon.colcon_core.shell:Creating package descriptor '/home/pham/ultrasonic/install/ros2_socketcan_msgs/share/ros2_socketcan_msgs/package.dsv'
[14.844s] INFO:colcon.colcon_core.shell:Creating package script '/home/pham/ultrasonic/install/ros2_socketcan_msgs/share/ros2_socketcan_msgs/package.sh'
[14.845s] INFO:colcon.colcon_core.shell:Creating package script '/home/pham/ultrasonic/install/ros2_socketcan_msgs/share/ros2_socketcan_msgs/package.bash'
[14.846s] INFO:colcon.colcon_core.shell:Creating package script '/home/pham/ultrasonic/install/ros2_socketcan_msgs/share/ros2_socketcan_msgs/package.zsh'
[14.847s] Level 1:colcon.colcon_core.environment:create_file_with_runtime_dependencies(/home/pham/ultrasonic/install/ros2_socketcan_msgs/share/colcon-core/packages/ros2_socketcan_msgs)
[14.848s] INFO:colcon.colcon_ros.task.ament_cmake.build:Building ROS package in '/home/pham/ultrasonic/src/ros2_socketcan/ros2_socketcan' with build type 'ament_cmake'
[14.848s] INFO:colcon.colcon_cmake.task.cmake.build:Building CMake package in '/home/pham/ultrasonic/src/ros2_socketcan/ros2_socketcan'
[14.849s] INFO:colcon.colcon_core.shell:Skip shell extension 'powershell' for command environment: Not usable outside of PowerShell
[14.850s] DEBUG:colcon.colcon_core.shell:Skip shell extension 'dsv' for command environment
[14.887s] DEBUG:colcon.colcon_core.event_handler.log_command:Invoking command in '/home/pham/ultrasonic/build/ros2_socketcan': AMENT_PREFIX_PATH=/home/pham/ultrasonic/install/ros2_socketcan_msgs:${AMENT_PREFIX_PATH} CMAKE_PREFIX_PATH=/home/pham/ultrasonic/install/ros2_socketcan_msgs:/opt/ros/humble LD_LIBRARY_PATH=/home/pham/ultrasonic/install/ros2_socketcan_msgs/lib:${LD_LIBRARY_PATH} PYTHONPATH=/home/pham/ultrasonic/install/ros2_socketcan_msgs/local/lib/python3.10/dist-packages:${PYTHONPATH} /usr/bin/cmake /home/pham/ultrasonic/src/ros2_socketcan/ros2_socketcan -DCMAKE_INSTALL_PREFIX=/home/pham/ultrasonic/install/ros2_socketcan
[18.366s] DEBUG:colcon.colcon_core.event_handler.log_command:Invoked command in '/home/pham/ultrasonic/build/ros2_socketcan' returned '0': AMENT_PREFIX_PATH=/home/pham/ultrasonic/install/ros2_socketcan_msgs:${AMENT_PREFIX_PATH} CMAKE_PREFIX_PATH=/home/pham/ultrasonic/install/ros2_socketcan_msgs:/opt/ros/humble LD_LIBRARY_PATH=/home/pham/ultrasonic/install/ros2_socketcan_msgs/lib:${LD_LIBRARY_PATH} PYTHONPATH=/home/pham/ultrasonic/install/ros2_socketcan_msgs/local/lib/python3.10/dist-packages:${PYTHONPATH} /usr/bin/cmake /home/pham/ultrasonic/src/ros2_socketcan/ros2_socketcan -DCMAKE_INSTALL_PREFIX=/home/pham/ultrasonic/install/ros2_socketcan
[18.368s] DEBUG:colcon.colcon_core.event_handler.log_command:Invoking command in '/home/pham/ultrasonic/build/ros2_socketcan': AMENT_PREFIX_PATH=/home/pham/ultrasonic/install/ros2_socketcan_msgs:${AMENT_PREFIX_PATH} CMAKE_PREFIX_PATH=/home/pham/ultrasonic/install/ros2_socketcan_msgs:/opt/ros/humble LD_LIBRARY_PATH=/home/pham/ultrasonic/install/ros2_socketcan_msgs/lib:${LD_LIBRARY_PATH} PYTHONPATH=/home/pham/ultrasonic/install/ros2_socketcan_msgs/local/lib/python3.10/dist-packages:${PYTHONPATH} /usr/bin/cmake --build /home/pham/ultrasonic/build/ros2_socketcan -- -j4 -l4
[59.837s] DEBUG:colcon.colcon_core.event_handler.log_command:Invoked command in '/home/pham/ultrasonic/build/ros2_socketcan' returned '0': AMENT_PREFIX_PATH=/home/pham/ultrasonic/install/ros2_socketcan_msgs:${AMENT_PREFIX_PATH} CMAKE_PREFIX_PATH=/home/pham/ultrasonic/install/ros2_socketcan_msgs:/opt/ros/humble LD_LIBRARY_PATH=/home/pham/ultrasonic/install/ros2_socketcan_msgs/lib:${LD_LIBRARY_PATH} PYTHONPATH=/home/pham/ultrasonic/install/ros2_socketcan_msgs/local/lib/python3.10/dist-packages:${PYTHONPATH} /usr/bin/cmake --build /home/pham/ultrasonic/build/ros2_socketcan -- -j4 -l4
[60.011s] DEBUG:colcon.colcon_core.event_handler.log_command:Invoking command in '/home/pham/ultrasonic/build/ros2_socketcan': AMENT_PREFIX_PATH=/home/pham/ultrasonic/install/ros2_socketcan_msgs:${AMENT_PREFIX_PATH} CMAKE_PREFIX_PATH=/home/pham/ultrasonic/install/ros2_socketcan_msgs:/opt/ros/humble LD_LIBRARY_PATH=/home/pham/ultrasonic/install/ros2_socketcan_msgs/lib:${LD_LIBRARY_PATH} PYTHONPATH=/home/pham/ultrasonic/install/ros2_socketcan_msgs/local/lib/python3.10/dist-packages:${PYTHONPATH} /usr/bin/cmake --install /home/pham/ultrasonic/build/ros2_socketcan
[60.074s] Level 1:colcon.colcon_core.environment:create_environment_scripts_only(ros2_socketcan)
[60.076s] Level 1:colcon.colcon_core.environment:checking '/home/pham/ultrasonic/install/ros2_socketcan' for CMake module files
[60.089s] DEBUG:colcon.colcon_core.event_handler.log_command:Invoked command in '/home/pham/ultrasonic/build/ros2_socketcan' returned '0': AMENT_PREFIX_PATH=/home/pham/ultrasonic/install/ros2_socketcan_msgs:${AMENT_PREFIX_PATH} CMAKE_PREFIX_PATH=/home/pham/ultrasonic/install/ros2_socketcan_msgs:/opt/ros/humble LD_LIBRARY_PATH=/home/pham/ultrasonic/install/ros2_socketcan_msgs/lib:${LD_LIBRARY_PATH} PYTHONPATH=/home/pham/ultrasonic/install/ros2_socketcan_msgs/local/lib/python3.10/dist-packages:${PYTHONPATH} /usr/bin/cmake --install /home/pham/ultrasonic/build/ros2_socketcan
[60.100s] Level 1:colcon.colcon_core.environment:checking '/home/pham/ultrasonic/install/ros2_socketcan' for CMake config files
[60.100s] Level 1:colcon.colcon_core.shell:create_environment_hook('ros2_socketcan', 'cmake_prefix_path')
[60.101s] INFO:colcon.colcon_core.shell:Creating environment hook '/home/pham/ultrasonic/install/ros2_socketcan/share/ros2_socketcan/hook/cmake_prefix_path.ps1'
[60.102s] INFO:colcon.colcon_core.shell:Creating environment descriptor '/home/pham/ultrasonic/install/ros2_socketcan/share/ros2_socketcan/hook/cmake_prefix_path.dsv'
[60.103s] INFO:colcon.colcon_core.shell:Creating environment hook '/home/pham/ultrasonic/install/ros2_socketcan/share/ros2_socketcan/hook/cmake_prefix_path.sh'
[60.103s] Level 1:colcon.colcon_core.environment:checking '/home/pham/ultrasonic/install/ros2_socketcan/lib'
[60.103s] Level 1:colcon.colcon_core.shell:create_environment_hook('ros2_socketcan', 'ld_library_path_lib')
[60.105s] INFO:colcon.colcon_core.shell:Creating environment hook '/home/pham/ultrasonic/install/ros2_socketcan/share/ros2_socketcan/hook/ld_library_path_lib.ps1'
[60.106s] INFO:colcon.colcon_core.shell:Creating environment descriptor '/home/pham/ultrasonic/install/ros2_socketcan/share/ros2_socketcan/hook/ld_library_path_lib.dsv'
[60.106s] INFO:colcon.colcon_core.shell:Creating environment hook '/home/pham/ultrasonic/install/ros2_socketcan/share/ros2_socketcan/hook/ld_library_path_lib.sh'
[60.106s] Level 1:colcon.colcon_core.environment:checking '/home/pham/ultrasonic/install/ros2_socketcan/bin'
[60.106s] Level 1:colcon.colcon_core.environment:checking '/home/pham/ultrasonic/install/ros2_socketcan/lib/pkgconfig/ros2_socketcan.pc'
[60.107s] Level 1:colcon.colcon_core.environment:checking '/home/pham/ultrasonic/install/ros2_socketcan/lib/python3.10/site-packages'
[60.107s] Level 1:colcon.colcon_core.environment:checking '/home/pham/ultrasonic/install/ros2_socketcan/bin'
[60.108s] INFO:colcon.colcon_core.shell:Creating package script '/home/pham/ultrasonic/install/ros2_socketcan/share/ros2_socketcan/package.ps1'
[60.108s] INFO:colcon.colcon_core.shell:Creating package descriptor '/home/pham/ultrasonic/install/ros2_socketcan/share/ros2_socketcan/package.dsv'
[60.109s] INFO:colcon.colcon_core.shell:Creating package script '/home/pham/ultrasonic/install/ros2_socketcan/share/ros2_socketcan/package.sh'
[60.109s] INFO:colcon.colcon_core.shell:Creating package script '/home/pham/ultrasonic/install/ros2_socketcan/share/ros2_socketcan/package.bash'
[60.109s] INFO:colcon.colcon_core.shell:Creating package script '/home/pham/ultrasonic/install/ros2_socketcan/share/ros2_socketcan/package.zsh'
[60.110s] Level 1:colcon.colcon_core.environment:create_file_with_runtime_dependencies(/home/pham/ultrasonic/install/ros2_socketcan/share/colcon-core/packages/ros2_socketcan)
[60.291s] Level 1:colcon.colcon_core.environment:create_environment_scripts_only(ros2_socketcan)
[60.293s] Level 1:colcon.colcon_core.environment:checking '/home/pham/ultrasonic/install/ros2_socketcan' for CMake module files
[60.294s] Level 1:colcon.colcon_core.environment:checking '/home/pham/ultrasonic/install/ros2_socketcan' for CMake config files
[60.294s] Level 1:colcon.colcon_core.shell:create_environment_hook('ros2_socketcan', 'cmake_prefix_path')
[60.295s] INFO:colcon.colcon_core.shell:Creating environment hook '/home/pham/ultrasonic/install/ros2_socketcan/share/ros2_socketcan/hook/cmake_prefix_path.ps1'
[60.296s] INFO:colcon.colcon_core.shell:Creating environment descriptor '/home/pham/ultrasonic/install/ros2_socketcan/share/ros2_socketcan/hook/cmake_prefix_path.dsv'
[60.296s] INFO:colcon.colcon_core.shell:Creating environment hook '/home/pham/ultrasonic/install/ros2_socketcan/share/ros2_socketcan/hook/cmake_prefix_path.sh'
[60.297s] Level 1:colcon.colcon_core.environment:checking '/home/pham/ultrasonic/install/ros2_socketcan/lib'
[60.297s] Level 1:colcon.colcon_core.shell:create_environment_hook('ros2_socketcan', 'ld_library_path_lib')
[60.298s] INFO:colcon.colcon_core.shell:Creating environment hook '/home/pham/ultrasonic/install/ros2_socketcan/share/ros2_socketcan/hook/ld_library_path_lib.ps1'
[60.298s] INFO:colcon.colcon_core.shell:Creating environment descriptor '/home/pham/ultrasonic/install/ros2_socketcan/share/ros2_socketcan/hook/ld_library_path_lib.dsv'
[60.299s] INFO:colcon.colcon_core.shell:Creating environment hook '/home/pham/ultrasonic/install/ros2_socketcan/share/ros2_socketcan/hook/ld_library_path_lib.sh'
[60.300s] Level 1:colcon.colcon_core.environment:checking '/home/pham/ultrasonic/install/ros2_socketcan/bin'
[60.300s] Level 1:colcon.colcon_core.environment:checking '/home/pham/ultrasonic/install/ros2_socketcan/lib/pkgconfig/ros2_socketcan.pc'
[60.300s] Level 1:colcon.colcon_core.environment:checking '/home/pham/ultrasonic/install/ros2_socketcan/lib/python3.10/site-packages'
[60.300s] Level 1:colcon.colcon_core.environment:checking '/home/pham/ultrasonic/install/ros2_socketcan/bin'
[60.302s] INFO:colcon.colcon_core.shell:Creating package script '/home/pham/ultrasonic/install/ros2_socketcan/share/ros2_socketcan/package.ps1'
[60.303s] INFO:colcon.colcon_core.shell:Creating package descriptor '/home/pham/ultrasonic/install/ros2_socketcan/share/ros2_socketcan/package.dsv'
[60.304s] INFO:colcon.colcon_core.shell:Creating package script '/home/pham/ultrasonic/install/ros2_socketcan/share/ros2_socketcan/package.sh'
[60.308s] INFO:colcon.colcon_core.shell:Creating package script '/home/pham/ultrasonic/install/ros2_socketcan/share/ros2_socketcan/package.bash'
[60.308s] INFO:colcon.colcon_core.shell:Creating package script '/home/pham/ultrasonic/install/ros2_socketcan/share/ros2_socketcan/package.zsh'
[60.309s] Level 1:colcon.colcon_core.environment:create_file_with_runtime_dependencies(/home/pham/ultrasonic/install/ros2_socketcan/share/colcon-core/packages/ros2_socketcan)
[60.311s] DEBUG:colcon.colcon_parallel_executor.executor.parallel:closing loop
[60.311s] DEBUG:colcon.colcon_parallel_executor.executor.parallel:loop closed
[60.312s] DEBUG:colcon.colcon_parallel_executor.executor.parallel:run_until_complete finished with '0'
[60.312s] DEBUG:colcon.colcon_core.event_reactor:joining thread
[60.463s] INFO:colcon.colcon_core.plugin_system:Skipping extension 'colcon_notification.desktop_notification.terminal_notifier': Not used on non-Darwin systems
[60.463s] INFO:colcon.colcon_core.plugin_system:Skipping extension 'colcon_notification.desktop_notification.win32': Not used on non-Windows systems
[60.463s] INFO:colcon.colcon_notification.desktop_notification:Sending desktop notification using 'notify2'
[60.552s] DEBUG:colcon.colcon_core.event_reactor:joined thread
[60.553s] INFO:colcon.colcon_core.shell:Creating prefix script '/home/pham/ultrasonic/install/local_setup.ps1'
[60.587s] INFO:colcon.colcon_core.shell:Creating prefix util module '/home/pham/ultrasonic/install/_local_setup_util_ps1.py'
[60.618s] INFO:colcon.colcon_core.shell:Creating prefix chain script '/home/pham/ultrasonic/install/setup.ps1'
[60.626s] INFO:colcon.colcon_core.shell:Creating prefix script '/home/pham/ultrasonic/install/local_setup.sh'
[60.628s] INFO:colcon.colcon_core.shell:Creating prefix util module '/home/pham/ultrasonic/install/_local_setup_util_sh.py'
[60.629s] INFO:colcon.colcon_core.shell:Creating prefix chain script '/home/pham/ultrasonic/install/setup.sh'
[60.631s] INFO:colcon.colcon_core.shell:Creating prefix script '/home/pham/ultrasonic/install/local_setup.bash'
[60.645s] INFO:colcon.colcon_core.shell:Creating prefix chain script '/home/pham/ultrasonic/install/setup.bash'
[60.661s] INFO:colcon.colcon_core.shell:Creating prefix script '/home/pham/ultrasonic/install/local_setup.zsh'
[60.663s] INFO:colcon.colcon_core.shell:Creating prefix chain script '/home/pham/ultrasonic/install/setup.zsh'
