running egg_info
creating ../build/pure_pursuit/pure_pursuit.egg-info
writing ../build/pure_pursuit/pure_pursuit.egg-info/PKG-INFO
writing dependency_links to ../build/pure_pursuit/pure_pursuit.egg-info/dependency_links.txt
writing entry points to ../build/pure_pursuit/pure_pursuit.egg-info/entry_points.txt
writing requirements to ../build/pure_pursuit/pure_pursuit.egg-info/requires.txt
writing top-level names to ../build/pure_pursuit/pure_pursuit.egg-info/top_level.txt
writing manifest file '../build/pure_pursuit/pure_pursuit.egg-info/SOURCES.txt'
reading manifest file '../build/pure_pursuit/pure_pursuit.egg-info/SOURCES.txt'
writing manifest file '../build/pure_pursuit/pure_pursuit.egg-info/SOURCES.txt'
running build
running build_py
creating /home/mcav/mcav_ws/src/mcav_autonomy/build/pure_pursuit/build
creating /home/mcav/mcav_ws/src/mcav_autonomy/build/pure_pursuit/build/lib
creating /home/mcav/mcav_ws/src/mcav_autonomy/build/pure_pursuit/build/lib/pure_pursuit
copying pure_pursuit/carla_global_planner.py -> /home/mcav/mcav_ws/src/mcav_autonomy/build/pure_pursuit/build/lib/pure_pursuit
copying pure_pursuit/__init__.py -> /home/mcav/mcav_ws/src/mcav_autonomy/build/pure_pursuit/build/lib/pure_pursuit
copying pure_pursuit/purepursuit.py -> /home/mcav/mcav_ws/src/mcav_autonomy/build/pure_pursuit/build/lib/pure_pursuit
copying pure_pursuit/carla_spawner.py -> /home/mcav/mcav_ws/src/mcav_autonomy/build/pure_pursuit/build/lib/pure_pursuit
running install
running install_lib
creating /home/mcav/mcav_ws/src/mcav_autonomy/install/pure_pursuit/lib/python3.10/site-packages/pure_pursuit
copying /home/mcav/mcav_ws/src/mcav_autonomy/build/pure_pursuit/build/lib/pure_pursuit/carla_global_planner.py -> /home/mcav/mcav_ws/src/mcav_autonomy/install/pure_pursuit/lib/python3.10/site-packages/pure_pursuit
copying /home/mcav/mcav_ws/src/mcav_autonomy/build/pure_pursuit/build/lib/pure_pursuit/__init__.py -> /home/mcav/mcav_ws/src/mcav_autonomy/install/pure_pursuit/lib/python3.10/site-packages/pure_pursuit
copying /home/mcav/mcav_ws/src/mcav_autonomy/build/pure_pursuit/build/lib/pure_pursuit/purepursuit.py -> /home/mcav/mcav_ws/src/mcav_autonomy/install/pure_pursuit/lib/python3.10/site-packages/pure_pursuit
copying /home/mcav/mcav_ws/src/mcav_autonomy/build/pure_pursuit/build/lib/pure_pursuit/carla_spawner.py -> /home/mcav/mcav_ws/src/mcav_autonomy/install/pure_pursuit/lib/python3.10/site-packages/pure_pursuit
byte-compiling /home/mcav/mcav_ws/src/mcav_autonomy/install/pure_pursuit/lib/python3.10/site-packages/pure_pursuit/carla_global_planner.py to carla_global_planner.cpython-310.pyc
byte-compiling /home/mcav/mcav_ws/src/mcav_autonomy/install/pure_pursuit/lib/python3.10/site-packages/pure_pursuit/__init__.py to __init__.cpython-310.pyc
byte-compiling /home/mcav/mcav_ws/src/mcav_autonomy/install/pure_pursuit/lib/python3.10/site-packages/pure_pursuit/purepursuit.py to purepursuit.cpython-310.pyc
byte-compiling /home/mcav/mcav_ws/src/mcav_autonomy/install/pure_pursuit/lib/python3.10/site-packages/pure_pursuit/carla_spawner.py to carla_spawner.cpython-310.pyc
Sorry: TabError: inconsistent use of tabs and spaces in indentation (purepursuit.py, line 29)
running install_data
creating /home/mcav/mcav_ws/src/mcav_autonomy/install/pure_pursuit/share/ament_index
creating /home/mcav/mcav_ws/src/mcav_autonomy/install/pure_pursuit/share/ament_index/resource_index
creating /home/mcav/mcav_ws/src/mcav_autonomy/install/pure_pursuit/share/ament_index/resource_index/packages
copying resource/pure_pursuit -> /home/mcav/mcav_ws/src/mcav_autonomy/install/pure_pursuit/share/ament_index/resource_index/packages
copying package.xml -> /home/mcav/mcav_ws/src/mcav_autonomy/install/pure_pursuit/share/pure_pursuit
copying launch/purepursuit_simulation_standalone.launch.py -> /home/mcav/mcav_ws/src/mcav_autonomy/install/pure_pursuit/share/pure_pursuit
copying launch/purepursuit.launch.py -> /home/mcav/mcav_ws/src/mcav_autonomy/install/pure_pursuit/share/pure_pursuit
copying launch/purepursuit_simulation.launch.py -> /home/mcav/mcav_ws/src/mcav_autonomy/install/pure_pursuit/share/pure_pursuit
creating /home/mcav/mcav_ws/src/mcav_autonomy/install/pure_pursuit/share/pure_pursuit/example_waypoints
running install_egg_info
Copying ../build/pure_pursuit/pure_pursuit.egg-info to /home/mcav/mcav_ws/src/mcav_autonomy/install/pure_pursuit/lib/python3.10/site-packages/pure_pursuit-0.0.0-py3.10.egg-info
running install_scripts
Installing carla_global_planner script to /home/mcav/mcav_ws/src/mcav_autonomy/install/pure_pursuit/lib/pure_pursuit
Installing carla_spawner script to /home/mcav/mcav_ws/src/mcav_autonomy/install/pure_pursuit/lib/pure_pursuit
Installing carla_spawner_local_planner script to /home/mcav/mcav_ws/src/mcav_autonomy/install/pure_pursuit/lib/pure_pursuit
Installing purepursuit script to /home/mcav/mcav_ws/src/mcav_autonomy/install/pure_pursuit/lib/pure_pursuit
writing list of installed files to '/home/mcav/mcav_ws/src/mcav_autonomy/build/pure_pursuit/install.log'
