[0.233s] DEBUG:colcon:Command line arguments: ['/usr/bin/colcon', 'build', '--packages-select', 'pure_pursuit']
[0.233s] DEBUG:colcon:Parsed command line arguments: Namespace(log_base=None, log_level=None, verb_name='build', build_base='build', install_base='install', merge_install=False, symlink_install=False, test_result_base=None, continue_on_error=False, executor='parallel', parallel_workers=12, event_handlers=None, ignore_user_meta=False, metas=['./colcon.meta'], base_paths=['.'], packages_ignore=None, packages_ignore_regex=None, paths=None, packages_up_to=None, packages_up_to_regex=None, packages_above=None, packages_above_and_dependencies=None, packages_above_depth=None, packages_select_by_dep=None, packages_skip_by_dep=None, packages_skip_up_to=None, packages_select_build_failed=False, packages_skip_build_finished=False, packages_select_test_failures=False, packages_skip_test_passed=False, packages_select=['pure_pursuit'], packages_skip=None, packages_select_regex=None, packages_skip_regex=None, packages_start=None, packages_end=None, cmake_args=None, cmake_target=None, cmake_target_skip_unavailable=False, cmake_clean_cache=False, cmake_clean_first=False, cmake_force_configure=False, ament_cmake_args=None, catkin_cmake_args=None, catkin_skip_building_tests=False, mixin_files=None, mixin=None, verb_parser=<colcon_mixin.mixin.mixin_argument.MixinArgumentDecorator object at 0x7f1dd3382170>, verb_extension=<colcon_core.verb.build.BuildVerb object at 0x7f1dd3b675b0>, main=<bound method BuildVerb.main of <colcon_core.verb.build.BuildVerb object at 0x7f1dd3b675b0>>, mixin_verb=('build',))
[0.258s] Level 1:colcon.colcon_core.package_discovery:discover_packages(colcon_meta) check parameters
[0.258s] Level 1:colcon.colcon_core.package_discovery:discover_packages(recursive) check parameters
[0.258s] Level 1:colcon.colcon_core.package_discovery:discover_packages(ignore) check parameters
[0.258s] Level 1:colcon.colcon_core.package_discovery:discover_packages(path) check parameters
[0.258s] Level 1:colcon.colcon_core.package_discovery:discover_packages(colcon_meta) discover
[0.258s] Level 1:colcon.colcon_core.package_discovery:discover_packages(recursive) discover
[0.258s] INFO:colcon.colcon_core.package_discovery:Crawling recursively for packages in '/home/mcav/mcav_ws/src/mcav_autonomy'
[0.258s] Level 1:colcon.colcon_core.package_identification:_identify(.) by extensions ['ignore', 'ignore_ament_install']
[0.258s] Level 1:colcon.colcon_core.package_identification:_identify(.) by extension 'ignore'
[0.258s] Level 1:colcon.colcon_core.package_identification:_identify(.) by extension 'ignore_ament_install'
[0.258s] Level 1:colcon.colcon_core.package_identification:_identify(.) by extensions ['colcon_pkg']
[0.258s] Level 1:colcon.colcon_core.package_identification:_identify(.) by extension 'colcon_pkg'
[0.258s] Level 1:colcon.colcon_core.package_identification:_identify(.) by extensions ['colcon_meta']
[0.258s] Level 1:colcon.colcon_core.package_identification:_identify(.) by extension 'colcon_meta'
[0.258s] Level 1:colcon.colcon_core.package_identification:_identify(.) by extensions ['ros']
[0.258s] Level 1:colcon.colcon_core.package_identification:_identify(.) by extension 'ros'
[0.267s] Level 1:colcon.colcon_core.package_identification:_identify(.) by extensions ['cmake', 'python']
[0.267s] Level 1:colcon.colcon_core.package_identification:_identify(.) by extension 'cmake'
[0.267s] Level 1:colcon.colcon_core.package_identification:_identify(.) by extension 'python'
[0.267s] Level 1:colcon.colcon_core.package_identification:_identify(.) by extensions ['python_setup_py']
[0.267s] Level 1:colcon.colcon_core.package_identification:_identify(.) by extension 'python_setup_py'
[0.267s] Level 1:colcon.colcon_core.package_identification:_identify(autonomy_launch) by extensions ['ignore', 'ignore_ament_install']
[0.267s] Level 1:colcon.colcon_core.package_identification:_identify(autonomy_launch) by extension 'ignore'
[0.267s] Level 1:colcon.colcon_core.package_identification:_identify(autonomy_launch) by extension 'ignore_ament_install'
[0.267s] Level 1:colcon.colcon_core.package_identification:_identify(autonomy_launch) by extensions ['colcon_pkg']
[0.267s] Level 1:colcon.colcon_core.package_identification:_identify(autonomy_launch) by extension 'colcon_pkg'
[0.267s] Level 1:colcon.colcon_core.package_identification:_identify(autonomy_launch) by extensions ['colcon_meta']
[0.267s] Level 1:colcon.colcon_core.package_identification:_identify(autonomy_launch) by extension 'colcon_meta'
[0.267s] Level 1:colcon.colcon_core.package_identification:_identify(autonomy_launch) by extensions ['ros']
[0.267s] Level 1:colcon.colcon_core.package_identification:_identify(autonomy_launch) by extension 'ros'
[0.269s] DEBUG:colcon.colcon_core.package_identification:Package 'autonomy_launch' with type 'ros.ament_python' and name 'autonomy_launch'
[0.269s] Level 1:colcon.colcon_core.package_identification:_identify(build) by extensions ['ignore', 'ignore_ament_install']
[0.269s] Level 1:colcon.colcon_core.package_identification:_identify(build) by extension 'ignore'
[0.269s] Level 1:colcon.colcon_core.package_identification:_identify(build) ignored
[0.269s] Level 1:colcon.colcon_core.package_identification:_identify(data) by extensions ['ignore', 'ignore_ament_install']
[0.269s] Level 1:colcon.colcon_core.package_identification:_identify(data) by extension 'ignore'
[0.269s] Level 1:colcon.colcon_core.package_identification:_identify(data) by extension 'ignore_ament_install'
[0.269s] Level 1:colcon.colcon_core.package_identification:_identify(data) by extensions ['colcon_pkg']
[0.269s] Level 1:colcon.colcon_core.package_identification:_identify(data) by extension 'colcon_pkg'
[0.269s] Level 1:colcon.colcon_core.package_identification:_identify(data) by extensions ['colcon_meta']
[0.270s] Level 1:colcon.colcon_core.package_identification:_identify(data) by extension 'colcon_meta'
[0.270s] Level 1:colcon.colcon_core.package_identification:_identify(data) by extensions ['ros']
[0.270s] Level 1:colcon.colcon_core.package_identification:_identify(data) by extension 'ros'
[0.270s] Level 1:colcon.colcon_core.package_identification:_identify(data) by extensions ['cmake', 'python']
[0.270s] Level 1:colcon.colcon_core.package_identification:_identify(data) by extension 'cmake'
[0.270s] Level 1:colcon.colcon_core.package_identification:_identify(data) by extension 'python'
[0.270s] Level 1:colcon.colcon_core.package_identification:_identify(data) by extensions ['python_setup_py']
[0.270s] Level 1:colcon.colcon_core.package_identification:_identify(data) by extension 'python_setup_py'
[0.270s] Level 1:colcon.colcon_core.package_identification:_identify(data/rosbag2_2023_07_30-09_25_55) by extensions ['ignore', 'ignore_ament_install']
[0.270s] Level 1:colcon.colcon_core.package_identification:_identify(data/rosbag2_2023_07_30-09_25_55) by extension 'ignore'
[0.270s] Level 1:colcon.colcon_core.package_identification:_identify(data/rosbag2_2023_07_30-09_25_55) by extension 'ignore_ament_install'
[0.270s] Level 1:colcon.colcon_core.package_identification:_identify(data/rosbag2_2023_07_30-09_25_55) by extensions ['colcon_pkg']
[0.270s] Level 1:colcon.colcon_core.package_identification:_identify(data/rosbag2_2023_07_30-09_25_55) by extension 'colcon_pkg'
[0.270s] Level 1:colcon.colcon_core.package_identification:_identify(data/rosbag2_2023_07_30-09_25_55) by extensions ['colcon_meta']
[0.270s] Level 1:colcon.colcon_core.package_identification:_identify(data/rosbag2_2023_07_30-09_25_55) by extension 'colcon_meta'
[0.270s] Level 1:colcon.colcon_core.package_identification:_identify(data/rosbag2_2023_07_30-09_25_55) by extensions ['ros']
[0.270s] Level 1:colcon.colcon_core.package_identification:_identify(data/rosbag2_2023_07_30-09_25_55) by extension 'ros'
[0.270s] Level 1:colcon.colcon_core.package_identification:_identify(data/rosbag2_2023_07_30-09_25_55) by extensions ['cmake', 'python']
[0.270s] Level 1:colcon.colcon_core.package_identification:_identify(data/rosbag2_2023_07_30-09_25_55) by extension 'cmake'
[0.270s] Level 1:colcon.colcon_core.package_identification:_identify(data/rosbag2_2023_07_30-09_25_55) by extension 'python'
[0.270s] Level 1:colcon.colcon_core.package_identification:_identify(data/rosbag2_2023_07_30-09_25_55) by extensions ['python_setup_py']
[0.270s] Level 1:colcon.colcon_core.package_identification:_identify(data/rosbag2_2023_07_30-09_25_55) by extension 'python_setup_py'
[0.270s] Level 1:colcon.colcon_core.package_identification:_identify(data/rosbag2_2023_07_30-09_45_02) by extensions ['ignore', 'ignore_ament_install']
[0.270s] Level 1:colcon.colcon_core.package_identification:_identify(data/rosbag2_2023_07_30-09_45_02) by extension 'ignore'
[0.270s] Level 1:colcon.colcon_core.package_identification:_identify(data/rosbag2_2023_07_30-09_45_02) by extension 'ignore_ament_install'
[0.271s] Level 1:colcon.colcon_core.package_identification:_identify(data/rosbag2_2023_07_30-09_45_02) by extensions ['colcon_pkg']
[0.271s] Level 1:colcon.colcon_core.package_identification:_identify(data/rosbag2_2023_07_30-09_45_02) by extension 'colcon_pkg'
[0.271s] Level 1:colcon.colcon_core.package_identification:_identify(data/rosbag2_2023_07_30-09_45_02) by extensions ['colcon_meta']
[0.271s] Level 1:colcon.colcon_core.package_identification:_identify(data/rosbag2_2023_07_30-09_45_02) by extension 'colcon_meta'
[0.271s] Level 1:colcon.colcon_core.package_identification:_identify(data/rosbag2_2023_07_30-09_45_02) by extensions ['ros']
[0.271s] Level 1:colcon.colcon_core.package_identification:_identify(data/rosbag2_2023_07_30-09_45_02) by extension 'ros'
[0.271s] Level 1:colcon.colcon_core.package_identification:_identify(data/rosbag2_2023_07_30-09_45_02) by extensions ['cmake', 'python']
[0.271s] Level 1:colcon.colcon_core.package_identification:_identify(data/rosbag2_2023_07_30-09_45_02) by extension 'cmake'
[0.271s] Level 1:colcon.colcon_core.package_identification:_identify(data/rosbag2_2023_07_30-09_45_02) by extension 'python'
[0.271s] Level 1:colcon.colcon_core.package_identification:_identify(data/rosbag2_2023_07_30-09_45_02) by extensions ['python_setup_py']
[0.271s] Level 1:colcon.colcon_core.package_identification:_identify(data/rosbag2_2023_07_30-09_45_02) by extension 'python_setup_py'
[0.271s] Level 1:colcon.colcon_core.package_identification:_identify(data/waypoints) by extensions ['ignore', 'ignore_ament_install']
[0.271s] Level 1:colcon.colcon_core.package_identification:_identify(data/waypoints) by extension 'ignore'
[0.271s] Level 1:colcon.colcon_core.package_identification:_identify(data/waypoints) by extension 'ignore_ament_install'
[0.271s] Level 1:colcon.colcon_core.package_identification:_identify(data/waypoints) by extensions ['colcon_pkg']
[0.271s] Level 1:colcon.colcon_core.package_identification:_identify(data/waypoints) by extension 'colcon_pkg'
[0.271s] Level 1:colcon.colcon_core.package_identification:_identify(data/waypoints) by extensions ['colcon_meta']
[0.271s] Level 1:colcon.colcon_core.package_identification:_identify(data/waypoints) by extension 'colcon_meta'
[0.271s] Level 1:colcon.colcon_core.package_identification:_identify(data/waypoints) by extensions ['ros']
[0.271s] Level 1:colcon.colcon_core.package_identification:_identify(data/waypoints) by extension 'ros'
[0.271s] Level 1:colcon.colcon_core.package_identification:_identify(data/waypoints) by extensions ['cmake', 'python']
[0.271s] Level 1:colcon.colcon_core.package_identification:_identify(data/waypoints) by extension 'cmake'
[0.271s] Level 1:colcon.colcon_core.package_identification:_identify(data/waypoints) by extension 'python'
[0.271s] Level 1:colcon.colcon_core.package_identification:_identify(data/waypoints) by extensions ['python_setup_py']
[0.271s] Level 1:colcon.colcon_core.package_identification:_identify(data/waypoints) by extension 'python_setup_py'
[0.271s] Level 1:colcon.colcon_core.package_identification:_identify(data_recording) by extensions ['ignore', 'ignore_ament_install']
[0.271s] Level 1:colcon.colcon_core.package_identification:_identify(data_recording) by extension 'ignore'
[0.272s] Level 1:colcon.colcon_core.package_identification:_identify(data_recording) by extension 'ignore_ament_install'
[0.272s] Level 1:colcon.colcon_core.package_identification:_identify(data_recording) by extensions ['colcon_pkg']
[0.272s] Level 1:colcon.colcon_core.package_identification:_identify(data_recording) by extension 'colcon_pkg'
[0.272s] Level 1:colcon.colcon_core.package_identification:_identify(data_recording) by extensions ['colcon_meta']
[0.272s] Level 1:colcon.colcon_core.package_identification:_identify(data_recording) by extension 'colcon_meta'
[0.272s] Level 1:colcon.colcon_core.package_identification:_identify(data_recording) by extensions ['ros']
[0.272s] Level 1:colcon.colcon_core.package_identification:_identify(data_recording) by extension 'ros'
[0.272s] DEBUG:colcon.colcon_core.package_identification:Package 'data_recording' with type 'ros.ament_python' and name 'data_recording'
[0.272s] Level 1:colcon.colcon_core.package_identification:_identify(docker) by extensions ['ignore', 'ignore_ament_install']
[0.272s] Level 1:colcon.colcon_core.package_identification:_identify(docker) by extension 'ignore'
[0.272s] Level 1:colcon.colcon_core.package_identification:_identify(docker) by extension 'ignore_ament_install'
[0.272s] Level 1:colcon.colcon_core.package_identification:_identify(docker) by extensions ['colcon_pkg']
[0.272s] Level 1:colcon.colcon_core.package_identification:_identify(docker) by extension 'colcon_pkg'
[0.272s] Level 1:colcon.colcon_core.package_identification:_identify(docker) by extensions ['colcon_meta']
[0.272s] Level 1:colcon.colcon_core.package_identification:_identify(docker) by extension 'colcon_meta'
[0.272s] Level 1:colcon.colcon_core.package_identification:_identify(docker) by extensions ['ros']
[0.272s] Level 1:colcon.colcon_core.package_identification:_identify(docker) by extension 'ros'
[0.272s] Level 1:colcon.colcon_core.package_identification:_identify(docker) by extensions ['cmake', 'python']
[0.272s] Level 1:colcon.colcon_core.package_identification:_identify(docker) by extension 'cmake'
[0.273s] Level 1:colcon.colcon_core.package_identification:_identify(docker) by extension 'python'
[0.273s] Level 1:colcon.colcon_core.package_identification:_identify(docker) by extensions ['python_setup_py']
[0.273s] Level 1:colcon.colcon_core.package_identification:_identify(docker) by extension 'python_setup_py'
[0.273s] Level 1:colcon.colcon_core.package_identification:_identify(external) by extensions ['ignore', 'ignore_ament_install']
[0.273s] Level 1:colcon.colcon_core.package_identification:_identify(external) by extension 'ignore'
[0.273s] Level 1:colcon.colcon_core.package_identification:_identify(external) by extension 'ignore_ament_install'
[0.273s] Level 1:colcon.colcon_core.package_identification:_identify(external) by extensions ['colcon_pkg']
[0.273s] Level 1:colcon.colcon_core.package_identification:_identify(external) by extension 'colcon_pkg'
[0.273s] Level 1:colcon.colcon_core.package_identification:_identify(external) by extensions ['colcon_meta']
[0.273s] Level 1:colcon.colcon_core.package_identification:_identify(external) by extension 'colcon_meta'
[0.273s] Level 1:colcon.colcon_core.package_identification:_identify(external) by extensions ['ros']
[0.273s] Level 1:colcon.colcon_core.package_identification:_identify(external) by extension 'ros'
[0.273s] Level 1:colcon.colcon_core.package_identification:_identify(external) by extensions ['cmake', 'python']
[0.273s] Level 1:colcon.colcon_core.package_identification:_identify(external) by extension 'cmake'
[0.273s] Level 1:colcon.colcon_core.package_identification:_identify(external) by extension 'python'
[0.273s] Level 1:colcon.colcon_core.package_identification:_identify(external) by extensions ['python_setup_py']
[0.273s] Level 1:colcon.colcon_core.package_identification:_identify(external) by extension 'python_setup_py'
[0.273s] Level 1:colcon.colcon_core.package_identification:_identify(external/SD-VehicleInterface) by extensions ['ignore', 'ignore_ament_install']
[0.273s] Level 1:colcon.colcon_core.package_identification:_identify(external/SD-VehicleInterface) by extension 'ignore'
[0.273s] Level 1:colcon.colcon_core.package_identification:_identify(external/SD-VehicleInterface) by extension 'ignore_ament_install'
[0.273s] Level 1:colcon.colcon_core.package_identification:_identify(external/SD-VehicleInterface) by extensions ['colcon_pkg']
[0.273s] Level 1:colcon.colcon_core.package_identification:_identify(external/SD-VehicleInterface) by extension 'colcon_pkg'
[0.273s] Level 1:colcon.colcon_core.package_identification:_identify(external/SD-VehicleInterface) by extensions ['colcon_meta']
[0.273s] Level 1:colcon.colcon_core.package_identification:_identify(external/SD-VehicleInterface) by extension 'colcon_meta'
[0.273s] Level 1:colcon.colcon_core.package_identification:_identify(external/SD-VehicleInterface) by extensions ['ros']
[0.273s] Level 1:colcon.colcon_core.package_identification:_identify(external/SD-VehicleInterface) by extension 'ros'
[0.273s] Level 1:colcon.colcon_core.package_identification:_identify(external/SD-VehicleInterface) by extensions ['cmake', 'python']
[0.274s] Level 1:colcon.colcon_core.package_identification:_identify(external/SD-VehicleInterface) by extension 'cmake'
[0.274s] Level 1:colcon.colcon_core.package_identification:_identify(external/SD-VehicleInterface) by extension 'python'
[0.274s] Level 1:colcon.colcon_core.package_identification:_identify(external/SD-VehicleInterface) by extensions ['python_setup_py']
[0.274s] Level 1:colcon.colcon_core.package_identification:_identify(external/SD-VehicleInterface) by extension 'python_setup_py'
[0.274s] Level 1:colcon.colcon_core.package_identification:_identify(external/SD-VehicleInterface/docker) by extensions ['ignore', 'ignore_ament_install']
[0.274s] Level 1:colcon.colcon_core.package_identification:_identify(external/SD-VehicleInterface/docker) by extension 'ignore'
[0.274s] Level 1:colcon.colcon_core.package_identification:_identify(external/SD-VehicleInterface/docker) by extension 'ignore_ament_install'
[0.274s] Level 1:colcon.colcon_core.package_identification:_identify(external/SD-VehicleInterface/docker) by extensions ['colcon_pkg']
[0.274s] Level 1:colcon.colcon_core.package_identification:_identify(external/SD-VehicleInterface/docker) by extension 'colcon_pkg'
[0.274s] Level 1:colcon.colcon_core.package_identification:_identify(external/SD-VehicleInterface/docker) by extensions ['colcon_meta']
[0.274s] Level 1:colcon.colcon_core.package_identification:_identify(external/SD-VehicleInterface/docker) by extension 'colcon_meta'
[0.274s] Level 1:colcon.colcon_core.package_identification:_identify(external/SD-VehicleInterface/docker) by extensions ['ros']
[0.274s] Level 1:colcon.colcon_core.package_identification:_identify(external/SD-VehicleInterface/docker) by extension 'ros'
[0.274s] Level 1:colcon.colcon_core.package_identification:_identify(external/SD-VehicleInterface/docker) by extensions ['cmake', 'python']
[0.274s] Level 1:colcon.colcon_core.package_identification:_identify(external/SD-VehicleInterface/docker) by extension 'cmake'
[0.274s] Level 1:colcon.colcon_core.package_identification:_identify(external/SD-VehicleInterface/docker) by extension 'python'
[0.274s] Level 1:colcon.colcon_core.package_identification:_identify(external/SD-VehicleInterface/docker) by extensions ['python_setup_py']
[0.274s] Level 1:colcon.colcon_core.package_identification:_identify(external/SD-VehicleInterface/docker) by extension 'python_setup_py'
[0.274s] Level 1:colcon.colcon_core.package_identification:_identify(external/SD-VehicleInterface/sd_msgs) by extensions ['ignore', 'ignore_ament_install']
[0.274s] Level 1:colcon.colcon_core.package_identification:_identify(external/SD-VehicleInterface/sd_msgs) by extension 'ignore'
[0.274s] Level 1:colcon.colcon_core.package_identification:_identify(external/SD-VehicleInterface/sd_msgs) by extension 'ignore_ament_install'
[0.274s] Level 1:colcon.colcon_core.package_identification:_identify(external/SD-VehicleInterface/sd_msgs) by extensions ['colcon_pkg']
[0.274s] Level 1:colcon.colcon_core.package_identification:_identify(external/SD-VehicleInterface/sd_msgs) by extension 'colcon_pkg'
[0.274s] Level 1:colcon.colcon_core.package_identification:_identify(external/SD-VehicleInterface/sd_msgs) by extensions ['colcon_meta']
[0.274s] Level 1:colcon.colcon_core.package_identification:_identify(external/SD-VehicleInterface/sd_msgs) by extension 'colcon_meta'
[0.274s] Level 1:colcon.colcon_core.package_identification:_identify(external/SD-VehicleInterface/sd_msgs) by extensions ['ros']
[0.274s] Level 1:colcon.colcon_core.package_identification:_identify(external/SD-VehicleInterface/sd_msgs) by extension 'ros'
[0.275s] DEBUG:colcon.colcon_core.package_identification:Package 'external/SD-VehicleInterface/sd_msgs' with type 'ros.ament_cmake' and name 'sd_msgs'
[0.275s] Level 1:colcon.colcon_core.package_identification:_identify(external/SD-VehicleInterface/vehicle_interface) by extensions ['ignore', 'ignore_ament_install']
[0.275s] Level 1:colcon.colcon_core.package_identification:_identify(external/SD-VehicleInterface/vehicle_interface) by extension 'ignore'
[0.275s] Level 1:colcon.colcon_core.package_identification:_identify(external/SD-VehicleInterface/vehicle_interface) by extension 'ignore_ament_install'
[0.275s] Level 1:colcon.colcon_core.package_identification:_identify(external/SD-VehicleInterface/vehicle_interface) by extensions ['colcon_pkg']
[0.275s] Level 1:colcon.colcon_core.package_identification:_identify(external/SD-VehicleInterface/vehicle_interface) by extension 'colcon_pkg'
[0.275s] Level 1:colcon.colcon_core.package_identification:_identify(external/SD-VehicleInterface/vehicle_interface) by extensions ['colcon_meta']
[0.275s] Level 1:colcon.colcon_core.package_identification:_identify(external/SD-VehicleInterface/vehicle_interface) by extension 'colcon_meta'
[0.275s] Level 1:colcon.colcon_core.package_identification:_identify(external/SD-VehicleInterface/vehicle_interface) by extensions ['ros']
[0.275s] Level 1:colcon.colcon_core.package_identification:_identify(external/SD-VehicleInterface/vehicle_interface) by extension 'ros'
[0.276s] DEBUG:colcon.colcon_core.package_identification:Package 'external/SD-VehicleInterface/vehicle_interface' with type 'ros.ament_cmake' and name 'sd_vehicle_interface'
[0.276s] Level 1:colcon.colcon_core.package_identification:_identify(external/kiss-icp) by extensions ['ignore', 'ignore_ament_install']
[0.276s] Level 1:colcon.colcon_core.package_identification:_identify(external/kiss-icp) by extension 'ignore'
[0.276s] Level 1:colcon.colcon_core.package_identification:_identify(external/kiss-icp) by extension 'ignore_ament_install'
[0.276s] Level 1:colcon.colcon_core.package_identification:_identify(external/kiss-icp) by extensions ['colcon_pkg']
[0.276s] Level 1:colcon.colcon_core.package_identification:_identify(external/kiss-icp) by extension 'colcon_pkg'
[0.276s] Level 1:colcon.colcon_core.package_identification:_identify(external/kiss-icp) by extensions ['colcon_meta']
[0.276s] Level 1:colcon.colcon_core.package_identification:_identify(external/kiss-icp) by extension 'colcon_meta'
[0.276s] Level 1:colcon.colcon_core.package_identification:_identify(external/kiss-icp) by extensions ['ros']
[0.276s] Level 1:colcon.colcon_core.package_identification:_identify(external/kiss-icp) by extension 'ros'
[0.276s] Level 1:colcon.colcon_core.package_identification:_identify(external/kiss-icp) by extensions ['cmake', 'python']
[0.276s] Level 1:colcon.colcon_core.package_identification:_identify(external/kiss-icp) by extension 'cmake'
[0.276s] Level 1:colcon.colcon_core.package_identification:_identify(external/kiss-icp) by extension 'python'
[0.276s] Level 1:colcon.colcon_core.package_identification:_identify(external/kiss-icp) by extensions ['python_setup_py']
[0.277s] Level 1:colcon.colcon_core.package_identification:_identify(external/kiss-icp) by extension 'python_setup_py'
[0.277s] Level 1:colcon.colcon_core.package_identification:_identify(external/kiss-icp/config) by extensions ['ignore', 'ignore_ament_install']
[0.277s] Level 1:colcon.colcon_core.package_identification:_identify(external/kiss-icp/config) by extension 'ignore'
[0.277s] Level 1:colcon.colcon_core.package_identification:_identify(external/kiss-icp/config) by extension 'ignore_ament_install'
[0.277s] Level 1:colcon.colcon_core.package_identification:_identify(external/kiss-icp/config) by extensions ['colcon_pkg']
[0.277s] Level 1:colcon.colcon_core.package_identification:_identify(external/kiss-icp/config) by extension 'colcon_pkg'
[0.277s] Level 1:colcon.colcon_core.package_identification:_identify(external/kiss-icp/config) by extensions ['colcon_meta']
[0.277s] Level 1:colcon.colcon_core.package_identification:_identify(external/kiss-icp/config) by extension 'colcon_meta'
[0.277s] Level 1:colcon.colcon_core.package_identification:_identify(external/kiss-icp/config) by extensions ['ros']
[0.277s] Level 1:colcon.colcon_core.package_identification:_identify(external/kiss-icp/config) by extension 'ros'
[0.277s] Level 1:colcon.colcon_core.package_identification:_identify(external/kiss-icp/config) by extensions ['cmake', 'python']
[0.277s] Level 1:colcon.colcon_core.package_identification:_identify(external/kiss-icp/config) by extension 'cmake'
[0.277s] Level 1:colcon.colcon_core.package_identification:_identify(external/kiss-icp/config) by extension 'python'
[0.277s] Level 1:colcon.colcon_core.package_identification:_identify(external/kiss-icp/config) by extensions ['python_setup_py']
[0.277s] Level 1:colcon.colcon_core.package_identification:_identify(external/kiss-icp/config) by extension 'python_setup_py'
[0.277s] Level 1:colcon.colcon_core.package_identification:_identify(external/kiss-icp/cpp) by extensions ['ignore', 'ignore_ament_install']
[0.277s] Level 1:colcon.colcon_core.package_identification:_identify(external/kiss-icp/cpp) by extension 'ignore'
[0.277s] Level 1:colcon.colcon_core.package_identification:_identify(external/kiss-icp/cpp) ignored
[0.277s] Level 1:colcon.colcon_core.package_identification:_identify(external/kiss-icp/eval) by extensions ['ignore', 'ignore_ament_install']
[0.277s] Level 1:colcon.colcon_core.package_identification:_identify(external/kiss-icp/eval) by extension 'ignore'
[0.277s] Level 1:colcon.colcon_core.package_identification:_identify(external/kiss-icp/eval) by extension 'ignore_ament_install'
[0.277s] Level 1:colcon.colcon_core.package_identification:_identify(external/kiss-icp/eval) by extensions ['colcon_pkg']
[0.277s] Level 1:colcon.colcon_core.package_identification:_identify(external/kiss-icp/eval) by extension 'colcon_pkg'
[0.277s] Level 1:colcon.colcon_core.package_identification:_identify(external/kiss-icp/eval) by extensions ['colcon_meta']
[0.277s] Level 1:colcon.colcon_core.package_identification:_identify(external/kiss-icp/eval) by extension 'colcon_meta'
[0.278s] Level 1:colcon.colcon_core.package_identification:_identify(external/kiss-icp/eval) by extensions ['ros']
[0.278s] Level 1:colcon.colcon_core.package_identification:_identify(external/kiss-icp/eval) by extension 'ros'
[0.278s] Level 1:colcon.colcon_core.package_identification:_identify(external/kiss-icp/eval) by extensions ['cmake', 'python']
[0.278s] Level 1:colcon.colcon_core.package_identification:_identify(external/kiss-icp/eval) by extension 'cmake'
[0.278s] Level 1:colcon.colcon_core.package_identification:_identify(external/kiss-icp/eval) by extension 'python'
[0.278s] Level 1:colcon.colcon_core.package_identification:_identify(external/kiss-icp/eval) by extensions ['python_setup_py']
[0.278s] Level 1:colcon.colcon_core.package_identification:_identify(external/kiss-icp/eval) by extension 'python_setup_py'
[0.278s] Level 1:colcon.colcon_core.package_identification:_identify(external/kiss-icp/python) by extensions ['ignore', 'ignore_ament_install']
[0.278s] Level 1:colcon.colcon_core.package_identification:_identify(external/kiss-icp/python) by extension 'ignore'
[0.278s] Level 1:colcon.colcon_core.package_identification:_identify(external/kiss-icp/python) ignored
[0.278s] Level 1:colcon.colcon_core.package_identification:_identify(external/kiss-icp/ros) by extensions ['ignore', 'ignore_ament_install']
[0.278s] Level 1:colcon.colcon_core.package_identification:_identify(external/kiss-icp/ros) by extension 'ignore'
[0.278s] Level 1:colcon.colcon_core.package_identification:_identify(external/kiss-icp/ros) by extension 'ignore_ament_install'
[0.278s] Level 1:colcon.colcon_core.package_identification:_identify(external/kiss-icp/ros) by extensions ['colcon_pkg']
[0.278s] Level 1:colcon.colcon_core.package_identification:_identify(external/kiss-icp/ros) by extension 'colcon_pkg'
[0.278s] Level 1:colcon.colcon_core.package_identification:_identify(external/kiss-icp/ros) by extensions ['colcon_meta']
[0.278s] Level 1:colcon.colcon_core.package_identification:_identify(external/kiss-icp/ros) by extension 'colcon_meta'
[0.278s] Level 1:colcon.colcon_core.package_identification:_identify(external/kiss-icp/ros) by extensions ['ros']
[0.278s] Level 1:colcon.colcon_core.package_identification:_identify(external/kiss-icp/ros) by extension 'ros'
[0.282s] DEBUG:colcon.colcon_core.package_identification:Package 'external/kiss-icp/ros' with type 'ros.ament_cmake' and name 'kiss_icp'
[0.282s] Level 1:colcon.colcon_core.package_identification:_identify(gazebo_sim) by extensions ['ignore', 'ignore_ament_install']
[0.283s] Level 1:colcon.colcon_core.package_identification:_identify(gazebo_sim) by extension 'ignore'
[0.283s] Level 1:colcon.colcon_core.package_identification:_identify(gazebo_sim) by extension 'ignore_ament_install'
[0.283s] Level 1:colcon.colcon_core.package_identification:_identify(gazebo_sim) by extensions ['colcon_pkg']
[0.283s] Level 1:colcon.colcon_core.package_identification:_identify(gazebo_sim) by extension 'colcon_pkg'
[0.283s] Level 1:colcon.colcon_core.package_identification:_identify(gazebo_sim) by extensions ['colcon_meta']
[0.283s] Level 1:colcon.colcon_core.package_identification:_identify(gazebo_sim) by extension 'colcon_meta'
[0.283s] Level 1:colcon.colcon_core.package_identification:_identify(gazebo_sim) by extensions ['ros']
[0.283s] Level 1:colcon.colcon_core.package_identification:_identify(gazebo_sim) by extension 'ros'
[0.283s] DEBUG:colcon.colcon_core.package_identification:Package 'gazebo_sim' with type 'ros.ament_python' and name 'gazebo_sim'
[0.283s] Level 1:colcon.colcon_core.package_identification:_identify(install) by extensions ['ignore', 'ignore_ament_install']
[0.283s] Level 1:colcon.colcon_core.package_identification:_identify(install) by extension 'ignore'
[0.283s] Level 1:colcon.colcon_core.package_identification:_identify(install) ignored
[0.283s] Level 1:colcon.colcon_core.package_identification:_identify(line_strip_test) by extensions ['ignore', 'ignore_ament_install']
[0.283s] Level 1:colcon.colcon_core.package_identification:_identify(line_strip_test) by extension 'ignore'
[0.283s] Level 1:colcon.colcon_core.package_identification:_identify(line_strip_test) by extension 'ignore_ament_install'
[0.284s] Level 1:colcon.colcon_core.package_identification:_identify(line_strip_test) by extensions ['colcon_pkg']
[0.284s] Level 1:colcon.colcon_core.package_identification:_identify(line_strip_test) by extension 'colcon_pkg'
[0.284s] Level 1:colcon.colcon_core.package_identification:_identify(line_strip_test) by extensions ['colcon_meta']
[0.284s] Level 1:colcon.colcon_core.package_identification:_identify(line_strip_test) by extension 'colcon_meta'
[0.284s] Level 1:colcon.colcon_core.package_identification:_identify(line_strip_test) by extensions ['ros']
[0.284s] Level 1:colcon.colcon_core.package_identification:_identify(line_strip_test) by extension 'ros'
[0.284s] DEBUG:colcon.colcon_core.package_identification:Package 'line_strip_test' with type 'ros.ament_python' and name 'line_strip_test'
[0.284s] Level 1:colcon.colcon_core.package_identification:_identify(log) by extensions ['ignore', 'ignore_ament_install']
[0.284s] Level 1:colcon.colcon_core.package_identification:_identify(log) by extension 'ignore'
[0.284s] Level 1:colcon.colcon_core.package_identification:_identify(log) ignored
[0.284s] Level 1:colcon.colcon_core.package_identification:_identify(mcav_interfaces) by extensions ['ignore', 'ignore_ament_install']
[0.284s] Level 1:colcon.colcon_core.package_identification:_identify(mcav_interfaces) by extension 'ignore'
[0.284s] Level 1:colcon.colcon_core.package_identification:_identify(mcav_interfaces) by extension 'ignore_ament_install'
[0.284s] Level 1:colcon.colcon_core.package_identification:_identify(mcav_interfaces) by extensions ['colcon_pkg']
[0.284s] Level 1:colcon.colcon_core.package_identification:_identify(mcav_interfaces) by extension 'colcon_pkg'
[0.284s] Level 1:colcon.colcon_core.package_identification:_identify(mcav_interfaces) by extensions ['colcon_meta']
[0.284s] Level 1:colcon.colcon_core.package_identification:_identify(mcav_interfaces) by extension 'colcon_meta'
[0.285s] Level 1:colcon.colcon_core.package_identification:_identify(mcav_interfaces) by extensions ['ros']
[0.285s] Level 1:colcon.colcon_core.package_identification:_identify(mcav_interfaces) by extension 'ros'
[0.285s] DEBUG:colcon.colcon_core.package_identification:Package 'mcav_interfaces' with type 'ros.ament_cmake' and name 'mcav_interfaces'
[0.285s] Level 1:colcon.colcon_core.package_identification:_identify(project_tracker) by extensions ['ignore', 'ignore_ament_install']
[0.285s] Level 1:colcon.colcon_core.package_identification:_identify(project_tracker) by extension 'ignore'
[0.285s] Level 1:colcon.colcon_core.package_identification:_identify(project_tracker) by extension 'ignore_ament_install'
[0.285s] Level 1:colcon.colcon_core.package_identification:_identify(project_tracker) by extensions ['colcon_pkg']
[0.285s] Level 1:colcon.colcon_core.package_identification:_identify(project_tracker) by extension 'colcon_pkg'
[0.285s] Level 1:colcon.colcon_core.package_identification:_identify(project_tracker) by extensions ['colcon_meta']
[0.285s] Level 1:colcon.colcon_core.package_identification:_identify(project_tracker) by extension 'colcon_meta'
[0.285s] Level 1:colcon.colcon_core.package_identification:_identify(project_tracker) by extensions ['ros']
[0.285s] Level 1:colcon.colcon_core.package_identification:_identify(project_tracker) by extension 'ros'
[0.286s] DEBUG:colcon.colcon_core.package_identification:Package 'project_tracker' with type 'ros.ament_cmake' and name 'project_tracker'
[0.286s] Level 1:colcon.colcon_core.package_identification:_identify(pure_pursuit) by extensions ['ignore', 'ignore_ament_install']
[0.286s] Level 1:colcon.colcon_core.package_identification:_identify(pure_pursuit) by extension 'ignore'
[0.286s] Level 1:colcon.colcon_core.package_identification:_identify(pure_pursuit) by extension 'ignore_ament_install'
[0.286s] Level 1:colcon.colcon_core.package_identification:_identify(pure_pursuit) by extensions ['colcon_pkg']
[0.286s] Level 1:colcon.colcon_core.package_identification:_identify(pure_pursuit) by extension 'colcon_pkg'
[0.286s] Level 1:colcon.colcon_core.package_identification:_identify(pure_pursuit) by extensions ['colcon_meta']
[0.286s] Level 1:colcon.colcon_core.package_identification:_identify(pure_pursuit) by extension 'colcon_meta'
[0.286s] Level 1:colcon.colcon_core.package_identification:_identify(pure_pursuit) by extensions ['ros']
[0.286s] Level 1:colcon.colcon_core.package_identification:_identify(pure_pursuit) by extension 'ros'
[0.287s] DEBUG:colcon.colcon_core.package_identification:Package 'pure_pursuit' with type 'ros.ament_python' and name 'pure_pursuit'
[0.287s] Level 1:colcon.colcon_core.package_identification:_identify(sensors_launch) by extensions ['ignore', 'ignore_ament_install']
[0.287s] Level 1:colcon.colcon_core.package_identification:_identify(sensors_launch) by extension 'ignore'
[0.287s] Level 1:colcon.colcon_core.package_identification:_identify(sensors_launch) by extension 'ignore_ament_install'
[0.287s] Level 1:colcon.colcon_core.package_identification:_identify(sensors_launch) by extensions ['colcon_pkg']
[0.287s] Level 1:colcon.colcon_core.package_identification:_identify(sensors_launch) by extension 'colcon_pkg'
[0.287s] Level 1:colcon.colcon_core.package_identification:_identify(sensors_launch) by extensions ['colcon_meta']
[0.287s] Level 1:colcon.colcon_core.package_identification:_identify(sensors_launch) by extension 'colcon_meta'
[0.287s] Level 1:colcon.colcon_core.package_identification:_identify(sensors_launch) by extensions ['ros']
[0.287s] Level 1:colcon.colcon_core.package_identification:_identify(sensors_launch) by extension 'ros'
[0.287s] DEBUG:colcon.colcon_core.package_identification:Package 'sensors_launch' with type 'ros.ament_cmake' and name 'sensors_launch'
[0.287s] Level 1:colcon.colcon_core.package_identification:_identify(simulation) by extensions ['ignore', 'ignore_ament_install']
[0.287s] Level 1:colcon.colcon_core.package_identification:_identify(simulation) by extension 'ignore'
[0.287s] Level 1:colcon.colcon_core.package_identification:_identify(simulation) by extension 'ignore_ament_install'
[0.288s] Level 1:colcon.colcon_core.package_identification:_identify(simulation) by extensions ['colcon_pkg']
[0.288s] Level 1:colcon.colcon_core.package_identification:_identify(simulation) by extension 'colcon_pkg'
[0.288s] Level 1:colcon.colcon_core.package_identification:_identify(simulation) by extensions ['colcon_meta']
[0.288s] Level 1:colcon.colcon_core.package_identification:_identify(simulation) by extension 'colcon_meta'
[0.288s] Level 1:colcon.colcon_core.package_identification:_identify(simulation) by extensions ['ros']
[0.288s] Level 1:colcon.colcon_core.package_identification:_identify(simulation) by extension 'ros'
[0.288s] DEBUG:colcon.colcon_core.package_identification:Package 'simulation' with type 'ros.ament_python' and name 'simulation'
[0.288s] Level 1:colcon.colcon_core.package_identification:_identify(supervisor) by extensions ['ignore', 'ignore_ament_install']
[0.288s] Level 1:colcon.colcon_core.package_identification:_identify(supervisor) by extension 'ignore'
[0.288s] Level 1:colcon.colcon_core.package_identification:_identify(supervisor) by extension 'ignore_ament_install'
[0.288s] Level 1:colcon.colcon_core.package_identification:_identify(supervisor) by extensions ['colcon_pkg']
[0.288s] Level 1:colcon.colcon_core.package_identification:_identify(supervisor) by extension 'colcon_pkg'
[0.288s] Level 1:colcon.colcon_core.package_identification:_identify(supervisor) by extensions ['colcon_meta']
[0.288s] Level 1:colcon.colcon_core.package_identification:_identify(supervisor) by extension 'colcon_meta'
[0.288s] Level 1:colcon.colcon_core.package_identification:_identify(supervisor) by extensions ['ros']
[0.288s] Level 1:colcon.colcon_core.package_identification:_identify(supervisor) by extension 'ros'
[0.289s] DEBUG:colcon.colcon_core.package_identification:Package 'supervisor' with type 'ros.ament_python' and name 'supervisor'
[0.289s] Level 1:colcon.colcon_core.package_identification:_identify(velocity_planner) by extensions ['ignore', 'ignore_ament_install']
[0.289s] Level 1:colcon.colcon_core.package_identification:_identify(velocity_planner) by extension 'ignore'
[0.289s] Level 1:colcon.colcon_core.package_identification:_identify(velocity_planner) by extension 'ignore_ament_install'
[0.289s] Level 1:colcon.colcon_core.package_identification:_identify(velocity_planner) by extensions ['colcon_pkg']
[0.289s] Level 1:colcon.colcon_core.package_identification:_identify(velocity_planner) by extension 'colcon_pkg'
[0.289s] Level 1:colcon.colcon_core.package_identification:_identify(velocity_planner) by extensions ['colcon_meta']
[0.289s] Level 1:colcon.colcon_core.package_identification:_identify(velocity_planner) by extension 'colcon_meta'
[0.289s] Level 1:colcon.colcon_core.package_identification:_identify(velocity_planner) by extensions ['ros']
[0.289s] Level 1:colcon.colcon_core.package_identification:_identify(velocity_planner) by extension 'ros'
[0.289s] DEBUG:colcon.colcon_core.package_identification:Package 'velocity_planner' with type 'ros.ament_python' and name 'velocity_planner'
[0.290s] Level 1:colcon.colcon_core.package_identification:_identify(visualisation) by extensions ['ignore', 'ignore_ament_install']
[0.290s] Level 1:colcon.colcon_core.package_identification:_identify(visualisation) by extension 'ignore'
[0.290s] Level 1:colcon.colcon_core.package_identification:_identify(visualisation) by extension 'ignore_ament_install'
[0.290s] Level 1:colcon.colcon_core.package_identification:_identify(visualisation) by extensions ['colcon_pkg']
[0.290s] Level 1:colcon.colcon_core.package_identification:_identify(visualisation) by extension 'colcon_pkg'
[0.290s] Level 1:colcon.colcon_core.package_identification:_identify(visualisation) by extensions ['colcon_meta']
[0.290s] Level 1:colcon.colcon_core.package_identification:_identify(visualisation) by extension 'colcon_meta'
[0.290s] Level 1:colcon.colcon_core.package_identification:_identify(visualisation) by extensions ['ros']
[0.290s] Level 1:colcon.colcon_core.package_identification:_identify(visualisation) by extension 'ros'
[0.290s] Level 1:colcon.colcon_core.package_identification:_identify(visualisation) by extensions ['cmake', 'python']
[0.290s] Level 1:colcon.colcon_core.package_identification:_identify(visualisation) by extension 'cmake'
[0.290s] Level 1:colcon.colcon_core.package_identification:_identify(visualisation) by extension 'python'
[0.290s] Level 1:colcon.colcon_core.package_identification:_identify(visualisation) by extensions ['python_setup_py']
[0.290s] Level 1:colcon.colcon_core.package_identification:_identify(visualisation) by extension 'python_setup_py'
[0.290s] Level 1:colcon.colcon_core.package_identification:_identify(visualisation/foxglove_configs) by extensions ['ignore', 'ignore_ament_install']
[0.290s] Level 1:colcon.colcon_core.package_identification:_identify(visualisation/foxglove_configs) by extension 'ignore'
[0.290s] Level 1:colcon.colcon_core.package_identification:_identify(visualisation/foxglove_configs) by extension 'ignore_ament_install'
[0.290s] Level 1:colcon.colcon_core.package_identification:_identify(visualisation/foxglove_configs) by extensions ['colcon_pkg']
[0.290s] Level 1:colcon.colcon_core.package_identification:_identify(visualisation/foxglove_configs) by extension 'colcon_pkg'
[0.290s] Level 1:colcon.colcon_core.package_identification:_identify(visualisation/foxglove_configs) by extensions ['colcon_meta']
[0.290s] Level 1:colcon.colcon_core.package_identification:_identify(visualisation/foxglove_configs) by extension 'colcon_meta'
[0.290s] Level 1:colcon.colcon_core.package_identification:_identify(visualisation/foxglove_configs) by extensions ['ros']
[0.290s] Level 1:colcon.colcon_core.package_identification:_identify(visualisation/foxglove_configs) by extension 'ros'
[0.290s] Level 1:colcon.colcon_core.package_identification:_identify(visualisation/foxglove_configs) by extensions ['cmake', 'python']
[0.290s] Level 1:colcon.colcon_core.package_identification:_identify(visualisation/foxglove_configs) by extension 'cmake'
[0.291s] Level 1:colcon.colcon_core.package_identification:_identify(visualisation/foxglove_configs) by extension 'python'
[0.291s] Level 1:colcon.colcon_core.package_identification:_identify(visualisation/foxglove_configs) by extensions ['python_setup_py']
[0.291s] Level 1:colcon.colcon_core.package_identification:_identify(visualisation/foxglove_configs) by extension 'python_setup_py'
[0.291s] Level 1:colcon.colcon_core.package_identification:_identify(visualisation/vehicle_model) by extensions ['ignore', 'ignore_ament_install']
[0.291s] Level 1:colcon.colcon_core.package_identification:_identify(visualisation/vehicle_model) by extension 'ignore'
[0.291s] Level 1:colcon.colcon_core.package_identification:_identify(visualisation/vehicle_model) by extension 'ignore_ament_install'
[0.291s] Level 1:colcon.colcon_core.package_identification:_identify(visualisation/vehicle_model) by extensions ['colcon_pkg']
[0.291s] Level 1:colcon.colcon_core.package_identification:_identify(visualisation/vehicle_model) by extension 'colcon_pkg'
[0.291s] Level 1:colcon.colcon_core.package_identification:_identify(visualisation/vehicle_model) by extensions ['colcon_meta']
[0.291s] Level 1:colcon.colcon_core.package_identification:_identify(visualisation/vehicle_model) by extension 'colcon_meta'
[0.291s] Level 1:colcon.colcon_core.package_identification:_identify(visualisation/vehicle_model) by extensions ['ros']
[0.291s] Level 1:colcon.colcon_core.package_identification:_identify(visualisation/vehicle_model) by extension 'ros'
[0.291s] DEBUG:colcon.colcon_core.package_identification:Package 'visualisation/vehicle_model' with type 'ros.ament_python' and name 'vehicle_model'
[0.291s] Level 1:colcon.colcon_core.package_discovery:discover_packages(recursive) using defaults
[0.291s] Level 1:colcon.colcon_core.package_discovery:discover_packages(ignore) discover
[0.291s] Level 1:colcon.colcon_core.package_discovery:discover_packages(ignore) using defaults
[0.291s] Level 1:colcon.colcon_core.package_discovery:discover_packages(path) discover
[0.291s] Level 1:colcon.colcon_core.package_discovery:discover_packages(path) using defaults
[0.309s] INFO:colcon.colcon_core.package_selection:Skipping not selected package 'autonomy_launch' in 'autonomy_launch'
[0.309s] INFO:colcon.colcon_core.package_selection:Skipping not selected package 'data_recording' in 'data_recording'
[0.309s] INFO:colcon.colcon_core.package_selection:Skipping not selected package 'gazebo_sim' in 'gazebo_sim'
[0.309s] INFO:colcon.colcon_core.package_selection:Skipping not selected package 'kiss_icp' in 'external/kiss-icp/ros'
[0.309s] INFO:colcon.colcon_core.package_selection:Skipping not selected package 'line_strip_test' in 'line_strip_test'
[0.309s] INFO:colcon.colcon_core.package_selection:Skipping not selected package 'mcav_interfaces' in 'mcav_interfaces'
[0.309s] INFO:colcon.colcon_core.package_selection:Skipping not selected package 'sd_msgs' in 'external/SD-VehicleInterface/sd_msgs'
[0.309s] INFO:colcon.colcon_core.package_selection:Skipping not selected package 'sensors_launch' in 'sensors_launch'
[0.309s] INFO:colcon.colcon_core.package_selection:Skipping not selected package 'supervisor' in 'supervisor'
[0.309s] INFO:colcon.colcon_core.package_selection:Skipping not selected package 'vehicle_model' in 'visualisation/vehicle_model'
[0.309s] INFO:colcon.colcon_core.package_selection:Skipping not selected package 'project_tracker' in 'project_tracker'
[0.309s] INFO:colcon.colcon_core.package_selection:Skipping not selected package 'sd_vehicle_interface' in 'external/SD-VehicleInterface/vehicle_interface'
[0.309s] INFO:colcon.colcon_core.package_selection:Skipping not selected package 'velocity_planner' in 'velocity_planner'
[0.309s] INFO:colcon.colcon_core.package_selection:Skipping not selected package 'simulation' in 'simulation'
[0.310s] Level 5:colcon.colcon_core.verb:set package 'pure_pursuit' build argument 'cmake_args' from command line to 'None'
[0.310s] Level 5:colcon.colcon_core.verb:set package 'pure_pursuit' build argument 'cmake_target' from command line to 'None'
[0.310s] Level 5:colcon.colcon_core.verb:set package 'pure_pursuit' build argument 'cmake_target_skip_unavailable' from command line to 'False'
[0.310s] Level 5:colcon.colcon_core.verb:set package 'pure_pursuit' build argument 'cmake_clean_cache' from command line to 'False'
[0.310s] Level 5:colcon.colcon_core.verb:set package 'pure_pursuit' build argument 'cmake_clean_first' from command line to 'False'
[0.310s] Level 5:colcon.colcon_core.verb:set package 'pure_pursuit' build argument 'cmake_force_configure' from command line to 'False'
[0.310s] Level 5:colcon.colcon_core.verb:set package 'pure_pursuit' build argument 'ament_cmake_args' from command line to 'None'
[0.310s] Level 5:colcon.colcon_core.verb:set package 'pure_pursuit' build argument 'catkin_cmake_args' from command line to 'None'
[0.310s] Level 5:colcon.colcon_core.verb:set package 'pure_pursuit' build argument 'catkin_skip_building_tests' from command line to 'False'
[0.310s] DEBUG:colcon.colcon_core.verb:Building package 'pure_pursuit' with the following arguments: {'ament_cmake_args': None, 'build_base': '/home/mcav/mcav_ws/src/mcav_autonomy/build/pure_pursuit', 'catkin_cmake_args': None, 'catkin_skip_building_tests': False, 'cmake_args': None, 'cmake_clean_cache': False, 'cmake_clean_first': False, 'cmake_force_configure': False, 'cmake_target': None, 'cmake_target_skip_unavailable': False, 'install_base': '/home/mcav/mcav_ws/src/mcav_autonomy/install/pure_pursuit', 'merge_install': False, 'path': '/home/mcav/mcav_ws/src/mcav_autonomy/pure_pursuit', 'symlink_install': False, 'test_result_base': None}
[0.311s] INFO:colcon.colcon_core.executor:Executing jobs using 'parallel' executor
[0.313s] DEBUG:colcon.colcon_parallel_executor.executor.parallel:run_until_complete
[0.313s] INFO:colcon.colcon_ros.task.ament_python.build:Building ROS package in '/home/mcav/mcav_ws/src/mcav_autonomy/pure_pursuit' with build type 'ament_python'
[0.313s] Level 1:colcon.colcon_core.shell:create_environment_hook('pure_pursuit', 'ament_prefix_path')
[0.317s] INFO:colcon.colcon_core.plugin_system:Skipping extension 'colcon_core.shell.bat': Not used on non-Windows systems
[0.317s] INFO:colcon.colcon_core.shell:Creating environment hook '/home/mcav/mcav_ws/src/mcav_autonomy/install/pure_pursuit/share/pure_pursuit/hook/ament_prefix_path.ps1'
[0.318s] INFO:colcon.colcon_core.shell:Creating environment descriptor '/home/mcav/mcav_ws/src/mcav_autonomy/install/pure_pursuit/share/pure_pursuit/hook/ament_prefix_path.dsv'
[0.318s] INFO:colcon.colcon_core.shell:Creating environment hook '/home/mcav/mcav_ws/src/mcav_autonomy/install/pure_pursuit/share/pure_pursuit/hook/ament_prefix_path.sh'
[0.320s] INFO:colcon.colcon_core.shell:Skip shell extension 'powershell' for command environment: Not usable outside of PowerShell
[0.320s] DEBUG:colcon.colcon_core.shell:Skip shell extension 'dsv' for command environment
[0.497s] INFO:colcon.colcon_core.task.python.build:Building Python package in '/home/mcav/mcav_ws/src/mcav_autonomy/pure_pursuit'
[0.498s] INFO:colcon.colcon_core.shell:Skip shell extension 'powershell' for command environment: Not usable outside of PowerShell
[0.498s] DEBUG:colcon.colcon_core.shell:Skip shell extension 'dsv' for command environment
[0.768s] DEBUG:colcon.colcon_core.event_handler.log_command:Invoking command in '/home/mcav/mcav_ws/src/mcav_autonomy/pure_pursuit': PS1=\[]0;\u@docker: \w\]\[[01;32m\]\u@docker\[[00m\]:\[[01;34m\]\w\[[00m\]$ PYTHONPATH=/home/mcav/mcav_ws/src/mcav_autonomy/build/pure_pursuit/prefix_override:/home/mcav/mcav_ws/src/mcav_autonomy/install/pure_pursuit/lib/python3.10/site-packages:${PYTHONPATH} /usr/bin/python3 setup.py egg_info --egg-base ../build/pure_pursuit build --build-base /home/mcav/mcav_ws/src/mcav_autonomy/build/pure_pursuit/build install --record /home/mcav/mcav_ws/src/mcav_autonomy/build/pure_pursuit/install.log --single-version-externally-managed
[0.970s] DEBUG:colcon.colcon_core.event_handler.log_command:Invoked command in '/home/mcav/mcav_ws/src/mcav_autonomy/pure_pursuit' returned '0': PS1=\[]0;\u@docker: \w\]\[[01;32m\]\u@docker\[[00m\]:\[[01;34m\]\w\[[00m\]$ PYTHONPATH=/home/mcav/mcav_ws/src/mcav_autonomy/build/pure_pursuit/prefix_override:/home/mcav/mcav_ws/src/mcav_autonomy/install/pure_pursuit/lib/python3.10/site-packages:${PYTHONPATH} /usr/bin/python3 setup.py egg_info --egg-base ../build/pure_pursuit build --build-base /home/mcav/mcav_ws/src/mcav_autonomy/build/pure_pursuit/build install --record /home/mcav/mcav_ws/src/mcav_autonomy/build/pure_pursuit/install.log --single-version-externally-managed
[0.973s] Level 1:colcon.colcon_core.environment:checking '/home/mcav/mcav_ws/src/mcav_autonomy/install/pure_pursuit' for CMake module files
[0.974s] Level 1:colcon.colcon_core.environment:checking '/home/mcav/mcav_ws/src/mcav_autonomy/install/pure_pursuit' for CMake config files
[0.974s] Level 1:colcon.colcon_core.environment:checking '/home/mcav/mcav_ws/src/mcav_autonomy/install/pure_pursuit/lib'
[0.974s] Level 1:colcon.colcon_core.environment:checking '/home/mcav/mcav_ws/src/mcav_autonomy/install/pure_pursuit/bin'
[0.974s] Level 1:colcon.colcon_core.environment:checking '/home/mcav/mcav_ws/src/mcav_autonomy/install/pure_pursuit/lib/pkgconfig/pure_pursuit.pc'
[0.975s] Level 1:colcon.colcon_core.environment:checking '/home/mcav/mcav_ws/src/mcav_autonomy/install/pure_pursuit/lib/python3.10/site-packages'
[0.975s] Level 1:colcon.colcon_core.shell:create_environment_hook('pure_pursuit', 'pythonpath')
[0.976s] INFO:colcon.colcon_core.shell:Creating environment hook '/home/mcav/mcav_ws/src/mcav_autonomy/install/pure_pursuit/share/pure_pursuit/hook/pythonpath.ps1'
[0.976s] INFO:colcon.colcon_core.shell:Creating environment descriptor '/home/mcav/mcav_ws/src/mcav_autonomy/install/pure_pursuit/share/pure_pursuit/hook/pythonpath.dsv'
[0.976s] INFO:colcon.colcon_core.shell:Creating environment hook '/home/mcav/mcav_ws/src/mcav_autonomy/install/pure_pursuit/share/pure_pursuit/hook/pythonpath.sh'
[0.976s] Level 1:colcon.colcon_core.environment:checking '/home/mcav/mcav_ws/src/mcav_autonomy/install/pure_pursuit/bin'
[0.976s] Level 1:colcon.colcon_core.environment:create_environment_scripts_only(pure_pursuit)
[0.977s] INFO:colcon.colcon_core.shell:Creating package script '/home/mcav/mcav_ws/src/mcav_autonomy/install/pure_pursuit/share/pure_pursuit/package.ps1'
[0.978s] INFO:colcon.colcon_core.shell:Creating package descriptor '/home/mcav/mcav_ws/src/mcav_autonomy/install/pure_pursuit/share/pure_pursuit/package.dsv'
[0.978s] INFO:colcon.colcon_core.shell:Creating package script '/home/mcav/mcav_ws/src/mcav_autonomy/install/pure_pursuit/share/pure_pursuit/package.sh'
[0.979s] INFO:colcon.colcon_core.shell:Creating package script '/home/mcav/mcav_ws/src/mcav_autonomy/install/pure_pursuit/share/pure_pursuit/package.bash'
[0.979s] INFO:colcon.colcon_core.shell:Creating package script '/home/mcav/mcav_ws/src/mcav_autonomy/install/pure_pursuit/share/pure_pursuit/package.zsh'
[0.980s] Level 1:colcon.colcon_core.environment:create_file_with_runtime_dependencies(/home/mcav/mcav_ws/src/mcav_autonomy/install/pure_pursuit/share/colcon-core/packages/pure_pursuit)
[0.980s] DEBUG:colcon.colcon_parallel_executor.executor.parallel:closing loop
[0.980s] DEBUG:colcon.colcon_parallel_executor.executor.parallel:loop closed
[0.980s] DEBUG:colcon.colcon_parallel_executor.executor.parallel:run_until_complete finished with '0'
[0.980s] DEBUG:colcon.colcon_core.event_reactor:joining thread
[0.985s] INFO:colcon.colcon_core.plugin_system:Skipping extension 'colcon_notification.desktop_notification.notify_send': Could not find 'notify-send'
[0.985s] INFO:colcon.colcon_core.plugin_system:Skipping extension 'colcon_notification.desktop_notification.terminal_notifier': Not used on non-Darwin systems
[0.985s] INFO:colcon.colcon_core.plugin_system:Skipping extension 'colcon_notification.desktop_notification.win32': Not used on non-Windows systems
[0.985s] INFO:colcon.colcon_notification.desktop_notification:Sending desktop notification using 'notify2'
[0.986s] DEBUG:colcon.colcon_notification.desktop_notification.notify2:Failed to initialize notify2: org.freedesktop.DBus.Error.Spawn.ExecFailed: /usr/bin/dbus-launch terminated abnormally without any error message
[0.986s] DEBUG:colcon.colcon_core.event_reactor:joined thread
[0.988s] INFO:colcon.colcon_core.shell:Creating prefix script '/home/mcav/mcav_ws/src/mcav_autonomy/install/local_setup.ps1'
[0.988s] INFO:colcon.colcon_core.shell:Creating prefix util module '/home/mcav/mcav_ws/src/mcav_autonomy/install/_local_setup_util_ps1.py'
[0.989s] INFO:colcon.colcon_core.shell:Creating prefix chain script '/home/mcav/mcav_ws/src/mcav_autonomy/install/setup.ps1'
[0.990s] INFO:colcon.colcon_core.shell:Creating prefix script '/home/mcav/mcav_ws/src/mcav_autonomy/install/local_setup.sh'
[0.991s] INFO:colcon.colcon_core.shell:Creating prefix util module '/home/mcav/mcav_ws/src/mcav_autonomy/install/_local_setup_util_sh.py'
[0.991s] INFO:colcon.colcon_core.shell:Creating prefix chain script '/home/mcav/mcav_ws/src/mcav_autonomy/install/setup.sh'
[0.992s] INFO:colcon.colcon_core.shell:Creating prefix script '/home/mcav/mcav_ws/src/mcav_autonomy/install/local_setup.bash'
[0.992s] INFO:colcon.colcon_core.shell:Creating prefix chain script '/home/mcav/mcav_ws/src/mcav_autonomy/install/setup.bash'
[0.993s] INFO:colcon.colcon_core.shell:Creating prefix script '/home/mcav/mcav_ws/src/mcav_autonomy/install/local_setup.zsh'
[0.993s] INFO:colcon.colcon_core.shell:Creating prefix chain script '/home/mcav/mcav_ws/src/mcav_autonomy/install/setup.zsh'
