[0.161s] Invoking command in '/home/pham/ultrasonic/build/ros2_socketcan_msgs': CMAKE_PREFIX_PATH=/opt/ros/humble /usr/bin/cmake --build /home/pham/ultrasonic/build/ros2_socketcan_msgs -- -j4 -l4
[1.815s] [  3%] Built target ros2_socketcan_msgs__cpp
[1.817s] [35m[1mConsolidate compiler generated dependencies of target ros2_socketcan_msgs__rosidl_generator_c[0m
[1.845s] [  3%] Built target ament_cmake_python_copy_ros2_socketcan_msgs
[1.923s] [35m[1mConsolidate compiler generated dependencies of target ros2_socketcan_msgs__rosidl_typesupport_cpp[0m
[1.929s] [35m[1mConsolidate compiler generated dependencies of target ros2_socketcan_msgs__rosidl_typesupport_fastrtps_cpp[0m
[1.996s] [35m[1mConsolidate compiler generated dependencies of target ros2_socketcan_msgs__rosidl_typesupport_introspection_cpp[0m
[2.056s] [ 12%] Built target ros2_socketcan_msgs__rosidl_generator_c
[2.221s] [ 22%] Built target ros2_socketcan_msgs__rosidl_typesupport_introspection_cpp
[2.223s] [ 32%] Built target ros2_socketcan_msgs__rosidl_typesupport_cpp
[2.231s] [ 41%] Built target ros2_socketcan_msgs__rosidl_typesupport_fastrtps_cpp
[2.283s] [35m[1mConsolidate compiler generated dependencies of target ros2_socketcan_msgs__rosidl_typesupport_fastrtps_c[0m
[2.317s] [35m[1mConsolidate compiler generated dependencies of target ros2_socketcan_msgs__rosidl_typesupport_introspection_c[0m
[2.324s] [35m[1mConsolidate compiler generated dependencies of target ros2_socketcan_msgs__rosidl_typesupport_c[0m
[2.326s] [ 51%] Built target ros2_socketcan_msgs__rosidl_typesupport_fastrtps_c
[2.340s] [ 61%] Built target ros2_socketcan_msgs__rosidl_typesupport_introspection_c
[2.345s] [ 70%] Built target ros2_socketcan_msgs__rosidl_typesupport_c
[2.428s] [ 70%] Built target ros2_socketcan_msgs
[2.483s] [ 74%] Built target ros2_socketcan_msgs__py
[2.507s] running egg_info
[2.509s] writing ros2_socketcan_msgs.egg-info/PKG-INFO
[2.509s] writing dependency_links to ros2_socketcan_msgs.egg-info/dependency_links.txt
[2.517s] writing top-level names to ros2_socketcan_msgs.egg-info/top_level.txt
[2.520s] reading manifest file 'ros2_socketcan_msgs.egg-info/SOURCES.txt'
[2.529s] writing manifest file 'ros2_socketcan_msgs.egg-info/SOURCES.txt'
[2.529s] [35m[1mConsolidate compiler generated dependencies of target ros2_socketcan_msgs__rosidl_generator_py[0m
[2.574s] [ 74%] Built target ament_cmake_python_build_ros2_socketcan_msgs_egg
[2.637s] [ 80%] Built target ros2_socketcan_msgs__rosidl_generator_py
[2.683s] [35m[1mConsolidate compiler generated dependencies of target ros2_socketcan_msgs__rosidl_typesupport_c__pyext[0m
[2.687s] [35m[1mConsolidate compiler generated dependencies of target ros2_socketcan_msgs__rosidl_typesupport_introspection_c__pyext[0m
[2.687s] [35m[1mConsolidate compiler generated dependencies of target ros2_socketcan_msgs__rosidl_typesupport_fastrtps_c__pyext[0m
[2.713s] [ 93%] Built target ros2_socketcan_msgs__rosidl_typesupport_c__pyext
[2.713s] [ 93%] Built target ros2_socketcan_msgs__rosidl_typesupport_fastrtps_c__pyext
[2.714s] [100%] Built target ros2_socketcan_msgs__rosidl_typesupport_introspection_c__pyext
[2.730s] Invoked command in '/home/pham/ultrasonic/build/ros2_socketcan_msgs' returned '0': CMAKE_PREFIX_PATH=/opt/ros/humble /usr/bin/cmake --build /home/pham/ultrasonic/build/ros2_socketcan_msgs -- -j4 -l4
[2.922s] Invoking command in '/home/pham/ultrasonic/build/ros2_socketcan_msgs': CMAKE_PREFIX_PATH=/opt/ros/humble /usr/bin/cmake --install /home/pham/ultrasonic/build/ros2_socketcan_msgs
[3.079s] -- Install configuration: ""
[3.121s] -- Up-to-date: /home/pham/ultrasonic/install/ros2_socketcan_msgs/share/ament_index/resource_index/rosidl_interfaces/ros2_socketcan_msgs
[3.123s] -- Up-to-date: /home/pham/ultrasonic/install/ros2_socketcan_msgs/include/ros2_socketcan_msgs/ros2_socketcan_msgs
[3.124s] -- Up-to-date: /home/pham/ultrasonic/install/ros2_socketcan_msgs/include/ros2_socketcan_msgs/ros2_socketcan_msgs/msg
[3.125s] -- Up-to-date: /home/pham/ultrasonic/install/ros2_socketcan_msgs/include/ros2_socketcan_msgs/ros2_socketcan_msgs/msg/rosidl_generator_c__visibility_control.h
[3.125s] -- Up-to-date: /home/pham/ultrasonic/install/ros2_socketcan_msgs/include/ros2_socketcan_msgs/ros2_socketcan_msgs/msg/fd_frame.h
[3.125s] -- Up-to-date: /home/pham/ultrasonic/install/ros2_socketcan_msgs/include/ros2_socketcan_msgs/ros2_socketcan_msgs/msg/detail
[3.143s] -- Up-to-date: /home/pham/ultrasonic/install/ros2_socketcan_msgs/include/ros2_socketcan_msgs/ros2_socketcan_msgs/msg/detail/fd_frame__struct.h
[3.143s] -- Up-to-date: /home/pham/ultrasonic/install/ros2_socketcan_msgs/include/ros2_socketcan_msgs/ros2_socketcan_msgs/msg/detail/fd_frame__functions.c
[3.143s] -- Up-to-date: /home/pham/ultrasonic/install/ros2_socketcan_msgs/include/ros2_socketcan_msgs/ros2_socketcan_msgs/msg/detail/fd_frame__functions.h
[3.143s] -- Up-to-date: /home/pham/ultrasonic/install/ros2_socketcan_msgs/include/ros2_socketcan_msgs/ros2_socketcan_msgs/msg/detail/fd_frame__type_support.h
[3.163s] -- Up-to-date: /home/pham/ultrasonic/install/ros2_socketcan_msgs/share/ros2_socketcan_msgs/environment/library_path.sh
[3.163s] -- Up-to-date: /home/pham/ultrasonic/install/ros2_socketcan_msgs/share/ros2_socketcan_msgs/environment/library_path.dsv
[3.170s] -- Up-to-date: /home/pham/ultrasonic/install/ros2_socketcan_msgs/lib/libros2_socketcan_msgs__rosidl_generator_c.so
[3.170s] -- Up-to-date: /home/pham/ultrasonic/install/ros2_socketcan_msgs/include/ros2_socketcan_msgs/ros2_socketcan_msgs
[3.170s] -- Up-to-date: /home/pham/ultrasonic/install/ros2_socketcan_msgs/include/ros2_socketcan_msgs/ros2_socketcan_msgs/msg
[3.170s] -- Up-to-date: /home/pham/ultrasonic/install/ros2_socketcan_msgs/include/ros2_socketcan_msgs/ros2_socketcan_msgs/msg/rosidl_typesupport_fastrtps_c__visibility_control.h
[3.170s] -- Up-to-date: /home/pham/ultrasonic/install/ros2_socketcan_msgs/include/ros2_socketcan_msgs/ros2_socketcan_msgs/msg/detail
[3.170s] -- Up-to-date: /home/pham/ultrasonic/install/ros2_socketcan_msgs/include/ros2_socketcan_msgs/ros2_socketcan_msgs/msg/detail/fd_frame__rosidl_typesupport_fastrtps_c.h
[3.174s] -- Up-to-date: /home/pham/ultrasonic/install/ros2_socketcan_msgs/lib/libros2_socketcan_msgs__rosidl_typesupport_fastrtps_c.so
[3.174s] -- Up-to-date: /home/pham/ultrasonic/install/ros2_socketcan_msgs/include/ros2_socketcan_msgs/ros2_socketcan_msgs
[3.174s] -- Up-to-date: /home/pham/ultrasonic/install/ros2_socketcan_msgs/include/ros2_socketcan_msgs/ros2_socketcan_msgs/msg
[3.174s] -- Up-to-date: /home/pham/ultrasonic/install/ros2_socketcan_msgs/include/ros2_socketcan_msgs/ros2_socketcan_msgs/msg/rosidl_typesupport_introspection_c__visibility_control.h
[3.174s] -- Up-to-date: /home/pham/ultrasonic/install/ros2_socketcan_msgs/include/ros2_socketcan_msgs/ros2_socketcan_msgs/msg/detail
[3.174s] -- Up-to-date: /home/pham/ultrasonic/install/ros2_socketcan_msgs/include/ros2_socketcan_msgs/ros2_socketcan_msgs/msg/detail/fd_frame__rosidl_typesupport_introspection_c.h
[3.174s] -- Up-to-date: /home/pham/ultrasonic/install/ros2_socketcan_msgs/include/ros2_socketcan_msgs/ros2_socketcan_msgs/msg/detail/fd_frame__type_support.c
[3.177s] -- Up-to-date: /home/pham/ultrasonic/install/ros2_socketcan_msgs/lib/libros2_socketcan_msgs__rosidl_typesupport_introspection_c.so
[3.178s] -- Up-to-date: /home/pham/ultrasonic/install/ros2_socketcan_msgs/lib/libros2_socketcan_msgs__rosidl_typesupport_c.so
[3.178s] -- Up-to-date: /home/pham/ultrasonic/install/ros2_socketcan_msgs/include/ros2_socketcan_msgs/ros2_socketcan_msgs
[3.178s] -- Up-to-date: /home/pham/ultrasonic/install/ros2_socketcan_msgs/include/ros2_socketcan_msgs/ros2_socketcan_msgs/msg
[3.178s] -- Up-to-date: /home/pham/ultrasonic/install/ros2_socketcan_msgs/include/ros2_socketcan_msgs/ros2_socketcan_msgs/msg/detail
[3.178s] -- Up-to-date: /home/pham/ultrasonic/install/ros2_socketcan_msgs/include/ros2_socketcan_msgs/ros2_socketcan_msgs/msg/detail/fd_frame__struct.hpp
[3.178s] -- Up-to-date: /home/pham/ultrasonic/install/ros2_socketcan_msgs/include/ros2_socketcan_msgs/ros2_socketcan_msgs/msg/detail/fd_frame__traits.hpp
[3.178s] -- Up-to-date: /home/pham/ultrasonic/install/ros2_socketcan_msgs/include/ros2_socketcan_msgs/ros2_socketcan_msgs/msg/detail/fd_frame__builder.hpp
[3.178s] -- Up-to-date: /home/pham/ultrasonic/install/ros2_socketcan_msgs/include/ros2_socketcan_msgs/ros2_socketcan_msgs/msg/fd_frame.hpp
[3.178s] -- Up-to-date: /home/pham/ultrasonic/install/ros2_socketcan_msgs/include/ros2_socketcan_msgs/ros2_socketcan_msgs
[3.178s] -- Up-to-date: /home/pham/ultrasonic/install/ros2_socketcan_msgs/include/ros2_socketcan_msgs/ros2_socketcan_msgs/msg
[3.179s] -- Up-to-date: /home/pham/ultrasonic/install/ros2_socketcan_msgs/include/ros2_socketcan_msgs/ros2_socketcan_msgs/msg/rosidl_typesupport_fastrtps_cpp__visibility_control.h
[3.179s] -- Up-to-date: /home/pham/ultrasonic/install/ros2_socketcan_msgs/include/ros2_socketcan_msgs/ros2_socketcan_msgs/msg/detail
[3.179s] -- Up-to-date: /home/pham/ultrasonic/install/ros2_socketcan_msgs/include/ros2_socketcan_msgs/ros2_socketcan_msgs/msg/detail/fd_frame__rosidl_typesupport_fastrtps_cpp.hpp
[3.179s] -- Up-to-date: /home/pham/ultrasonic/install/ros2_socketcan_msgs/include/ros2_socketcan_msgs/ros2_socketcan_msgs/msg/detail/dds_fastrtps
[3.216s] -- Up-to-date: /home/pham/ultrasonic/install/ros2_socketcan_msgs/lib/libros2_socketcan_msgs__rosidl_typesupport_fastrtps_cpp.so
[3.216s] -- Up-to-date: /home/pham/ultrasonic/install/ros2_socketcan_msgs/include/ros2_socketcan_msgs/ros2_socketcan_msgs
[3.216s] -- Up-to-date: /home/pham/ultrasonic/install/ros2_socketcan_msgs/include/ros2_socketcan_msgs/ros2_socketcan_msgs/msg
[3.216s] -- Up-to-date: /home/pham/ultrasonic/install/ros2_socketcan_msgs/include/ros2_socketcan_msgs/ros2_socketcan_msgs/msg/detail
[3.217s] -- Up-to-date: /home/pham/ultrasonic/install/ros2_socketcan_msgs/include/ros2_socketcan_msgs/ros2_socketcan_msgs/msg/detail/fd_frame__rosidl_typesupport_introspection_cpp.hpp
[3.217s] -- Up-to-date: /home/pham/ultrasonic/install/ros2_socketcan_msgs/include/ros2_socketcan_msgs/ros2_socketcan_msgs/msg/detail/fd_frame__type_support.cpp
[3.229s] -- Up-to-date: /home/pham/ultrasonic/install/ros2_socketcan_msgs/lib/libros2_socketcan_msgs__rosidl_typesupport_introspection_cpp.so
[3.232s] -- Up-to-date: /home/pham/ultrasonic/install/ros2_socketcan_msgs/lib/libros2_socketcan_msgs__rosidl_typesupport_cpp.so
[3.233s] -- Up-to-date: /home/pham/ultrasonic/install/ros2_socketcan_msgs/share/ros2_socketcan_msgs/environment/pythonpath.sh
[3.233s] -- Up-to-date: /home/pham/ultrasonic/install/ros2_socketcan_msgs/share/ros2_socketcan_msgs/environment/pythonpath.dsv
[3.237s] -- Up-to-date: /home/pham/ultrasonic/install/ros2_socketcan_msgs/local/lib/python3.10/dist-packages/ros2_socketcan_msgs-1.2.0-py3.10.egg-info
[3.238s] -- Installing: /home/pham/ultrasonic/install/ros2_socketcan_msgs/local/lib/python3.10/dist-packages/ros2_socketcan_msgs-1.2.0-py3.10.egg-info/dependency_links.txt
[3.238s] -- Installing: /home/pham/ultrasonic/install/ros2_socketcan_msgs/local/lib/python3.10/dist-packages/ros2_socketcan_msgs-1.2.0-py3.10.egg-info/PKG-INFO
[3.238s] -- Installing: /home/pham/ultrasonic/install/ros2_socketcan_msgs/local/lib/python3.10/dist-packages/ros2_socketcan_msgs-1.2.0-py3.10.egg-info/SOURCES.txt
[3.238s] -- Installing: /home/pham/ultrasonic/install/ros2_socketcan_msgs/local/lib/python3.10/dist-packages/ros2_socketcan_msgs-1.2.0-py3.10.egg-info/top_level.txt
[3.239s] -- Up-to-date: /home/pham/ultrasonic/install/ros2_socketcan_msgs/local/lib/python3.10/dist-packages/ros2_socketcan_msgs
[3.240s] -- Up-to-date: /home/pham/ultrasonic/install/ros2_socketcan_msgs/local/lib/python3.10/dist-packages/ros2_socketcan_msgs/ros2_socketcan_msgs_s__rosidl_typesupport_c.cpython-310-x86_64-linux-gnu.so
[3.240s] -- Up-to-date: /home/pham/ultrasonic/install/ros2_socketcan_msgs/local/lib/python3.10/dist-packages/ros2_socketcan_msgs/ros2_socketcan_msgs_s__rosidl_typesupport_fastrtps_c.cpython-310-x86_64-linux-gnu.so
[3.240s] -- Up-to-date: /home/pham/ultrasonic/install/ros2_socketcan_msgs/local/lib/python3.10/dist-packages/ros2_socketcan_msgs/__init__.py
[3.240s] -- Up-to-date: /home/pham/ultrasonic/install/ros2_socketcan_msgs/local/lib/python3.10/dist-packages/ros2_socketcan_msgs/libros2_socketcan_msgs__rosidl_generator_py.so
[3.240s] -- Up-to-date: /home/pham/ultrasonic/install/ros2_socketcan_msgs/local/lib/python3.10/dist-packages/ros2_socketcan_msgs/_ros2_socketcan_msgs_s.ep.rosidl_typesupport_c.c
[3.241s] -- Up-to-date: /home/pham/ultrasonic/install/ros2_socketcan_msgs/local/lib/python3.10/dist-packages/ros2_socketcan_msgs/ros2_socketcan_msgs_s__rosidl_typesupport_introspection_c.cpython-310-x86_64-linux-gnu.so
[3.241s] -- Up-to-date: /home/pham/ultrasonic/install/ros2_socketcan_msgs/local/lib/python3.10/dist-packages/ros2_socketcan_msgs/msg
[3.267s] -- Up-to-date: /home/pham/ultrasonic/install/ros2_socketcan_msgs/local/lib/python3.10/dist-packages/ros2_socketcan_msgs/msg/__init__.py
[3.267s] -- Up-to-date: /home/pham/ultrasonic/install/ros2_socketcan_msgs/local/lib/python3.10/dist-packages/ros2_socketcan_msgs/msg/_fd_frame.py
[3.267s] -- Up-to-date: /home/pham/ultrasonic/install/ros2_socketcan_msgs/local/lib/python3.10/dist-packages/ros2_socketcan_msgs/msg/_fd_frame_s.c
[3.267s] -- Up-to-date: /home/pham/ultrasonic/install/ros2_socketcan_msgs/local/lib/python3.10/dist-packages/ros2_socketcan_msgs/_ros2_socketcan_msgs_s.ep.rosidl_typesupport_introspection_c.c
[3.267s] -- Up-to-date: /home/pham/ultrasonic/install/ros2_socketcan_msgs/local/lib/python3.10/dist-packages/ros2_socketcan_msgs/_ros2_socketcan_msgs_s.ep.rosidl_typesupport_fastrtps_c.c
[3.336s] Listing '/home/pham/ultrasonic/install/ros2_socketcan_msgs/local/lib/python3.10/dist-packages/ros2_socketcan_msgs'...
[3.336s] Listing '/home/pham/ultrasonic/install/ros2_socketcan_msgs/local/lib/python3.10/dist-packages/ros2_socketcan_msgs/msg'...
[3.349s] -- Up-to-date: /home/pham/ultrasonic/install/ros2_socketcan_msgs/local/lib/python3.10/dist-packages/ros2_socketcan_msgs/ros2_socketcan_msgs_s__rosidl_typesupport_fastrtps_c.cpython-310-x86_64-linux-gnu.so
[3.351s] -- Up-to-date: /home/pham/ultrasonic/install/ros2_socketcan_msgs/local/lib/python3.10/dist-packages/ros2_socketcan_msgs/ros2_socketcan_msgs_s__rosidl_typesupport_introspection_c.cpython-310-x86_64-linux-gnu.so
[3.353s] -- Up-to-date: /home/pham/ultrasonic/install/ros2_socketcan_msgs/local/lib/python3.10/dist-packages/ros2_socketcan_msgs/ros2_socketcan_msgs_s__rosidl_typesupport_c.cpython-310-x86_64-linux-gnu.so
[3.355s] -- Up-to-date: /home/pham/ultrasonic/install/ros2_socketcan_msgs/lib/libros2_socketcan_msgs__rosidl_generator_py.so
[3.362s] -- Up-to-date: /home/pham/ultrasonic/install/ros2_socketcan_msgs/share/ros2_socketcan_msgs/msg/FdFrame.idl
[3.362s] -- Up-to-date: /home/pham/ultrasonic/install/ros2_socketcan_msgs/share/ros2_socketcan_msgs/msg/FdFrame.msg
[3.363s] -- Up-to-date: /home/pham/ultrasonic/install/ros2_socketcan_msgs/share/ament_index/resource_index/package_run_dependencies/ros2_socketcan_msgs
[3.365s] -- Up-to-date: /home/pham/ultrasonic/install/ros2_socketcan_msgs/share/ament_index/resource_index/parent_prefix_path/ros2_socketcan_msgs
[3.365s] -- Up-to-date: /home/pham/ultrasonic/install/ros2_socketcan_msgs/share/ros2_socketcan_msgs/environment/ament_prefix_path.sh
[3.366s] -- Up-to-date: /home/pham/ultrasonic/install/ros2_socketcan_msgs/share/ros2_socketcan_msgs/environment/ament_prefix_path.dsv
[3.366s] -- Up-to-date: /home/pham/ultrasonic/install/ros2_socketcan_msgs/share/ros2_socketcan_msgs/environment/path.sh
[3.366s] -- Up-to-date: /home/pham/ultrasonic/install/ros2_socketcan_msgs/share/ros2_socketcan_msgs/environment/path.dsv
[3.366s] -- Up-to-date: /home/pham/ultrasonic/install/ros2_socketcan_msgs/share/ros2_socketcan_msgs/local_setup.bash
[3.366s] -- Up-to-date: /home/pham/ultrasonic/install/ros2_socketcan_msgs/share/ros2_socketcan_msgs/local_setup.sh
[3.366s] -- Up-to-date: /home/pham/ultrasonic/install/ros2_socketcan_msgs/share/ros2_socketcan_msgs/local_setup.zsh
[3.366s] -- Up-to-date: /home/pham/ultrasonic/install/ros2_socketcan_msgs/share/ros2_socketcan_msgs/local_setup.dsv
[3.367s] -- Installing: /home/pham/ultrasonic/install/ros2_socketcan_msgs/share/ros2_socketcan_msgs/package.dsv
[3.369s] -- Up-to-date: /home/pham/ultrasonic/install/ros2_socketcan_msgs/share/ament_index/resource_index/packages/ros2_socketcan_msgs
[3.377s] -- Up-to-date: /home/pham/ultrasonic/install/ros2_socketcan_msgs/share/ros2_socketcan_msgs/cmake/export_ros2_socketcan_msgs__rosidl_generator_cExport.cmake
[3.377s] -- Up-to-date: /home/pham/ultrasonic/install/ros2_socketcan_msgs/share/ros2_socketcan_msgs/cmake/export_ros2_socketcan_msgs__rosidl_generator_cExport-noconfig.cmake
[3.379s] -- Up-to-date: /home/pham/ultrasonic/install/ros2_socketcan_msgs/share/ros2_socketcan_msgs/cmake/export_ros2_socketcan_msgs__rosidl_typesupport_fastrtps_cExport.cmake
[3.379s] -- Up-to-date: /home/pham/ultrasonic/install/ros2_socketcan_msgs/share/ros2_socketcan_msgs/cmake/export_ros2_socketcan_msgs__rosidl_typesupport_fastrtps_cExport-noconfig.cmake
[3.384s] -- Up-to-date: /home/pham/ultrasonic/install/ros2_socketcan_msgs/share/ros2_socketcan_msgs/cmake/ros2_socketcan_msgs__rosidl_typesupport_introspection_cExport.cmake
[3.384s] -- Up-to-date: /home/pham/ultrasonic/install/ros2_socketcan_msgs/share/ros2_socketcan_msgs/cmake/ros2_socketcan_msgs__rosidl_typesupport_introspection_cExport-noconfig.cmake
[3.385s] -- Up-to-date: /home/pham/ultrasonic/install/ros2_socketcan_msgs/share/ros2_socketcan_msgs/cmake/ros2_socketcan_msgs__rosidl_typesupport_cExport.cmake
[3.385s] -- Up-to-date: /home/pham/ultrasonic/install/ros2_socketcan_msgs/share/ros2_socketcan_msgs/cmake/ros2_socketcan_msgs__rosidl_typesupport_cExport-noconfig.cmake
[3.387s] -- Up-to-date: /home/pham/ultrasonic/install/ros2_socketcan_msgs/share/ros2_socketcan_msgs/cmake/export_ros2_socketcan_msgs__rosidl_generator_cppExport.cmake
[3.388s] -- Up-to-date: /home/pham/ultrasonic/install/ros2_socketcan_msgs/share/ros2_socketcan_msgs/cmake/export_ros2_socketcan_msgs__rosidl_typesupport_fastrtps_cppExport.cmake
[3.388s] -- Up-to-date: /home/pham/ultrasonic/install/ros2_socketcan_msgs/share/ros2_socketcan_msgs/cmake/export_ros2_socketcan_msgs__rosidl_typesupport_fastrtps_cppExport-noconfig.cmake
[3.390s] -- Up-to-date: /home/pham/ultrasonic/install/ros2_socketcan_msgs/share/ros2_socketcan_msgs/cmake/ros2_socketcan_msgs__rosidl_typesupport_introspection_cppExport.cmake
[3.390s] -- Up-to-date: /home/pham/ultrasonic/install/ros2_socketcan_msgs/share/ros2_socketcan_msgs/cmake/ros2_socketcan_msgs__rosidl_typesupport_introspection_cppExport-noconfig.cmake
[3.392s] -- Up-to-date: /home/pham/ultrasonic/install/ros2_socketcan_msgs/share/ros2_socketcan_msgs/cmake/ros2_socketcan_msgs__rosidl_typesupport_cppExport.cmake
[3.392s] -- Up-to-date: /home/pham/ultrasonic/install/ros2_socketcan_msgs/share/ros2_socketcan_msgs/cmake/ros2_socketcan_msgs__rosidl_typesupport_cppExport-noconfig.cmake
[3.394s] -- Up-to-date: /home/pham/ultrasonic/install/ros2_socketcan_msgs/share/ros2_socketcan_msgs/cmake/export_ros2_socketcan_msgs__rosidl_generator_pyExport.cmake
[3.395s] -- Up-to-date: /home/pham/ultrasonic/install/ros2_socketcan_msgs/share/ros2_socketcan_msgs/cmake/export_ros2_socketcan_msgs__rosidl_generator_pyExport-noconfig.cmake
[3.395s] -- Up-to-date: /home/pham/ultrasonic/install/ros2_socketcan_msgs/share/ros2_socketcan_msgs/cmake/rosidl_cmake-extras.cmake
[3.395s] -- Up-to-date: /home/pham/ultrasonic/install/ros2_socketcan_msgs/share/ros2_socketcan_msgs/cmake/ament_cmake_export_dependencies-extras.cmake
[3.395s] -- Up-to-date: /home/pham/ultrasonic/install/ros2_socketcan_msgs/share/ros2_socketcan_msgs/cmake/ament_cmake_export_include_directories-extras.cmake
[3.395s] -- Up-to-date: /home/pham/ultrasonic/install/ros2_socketcan_msgs/share/ros2_socketcan_msgs/cmake/ament_cmake_export_libraries-extras.cmake
[3.395s] -- Up-to-date: /home/pham/ultrasonic/install/ros2_socketcan_msgs/share/ros2_socketcan_msgs/cmake/ament_cmake_export_targets-extras.cmake
[3.396s] -- Up-to-date: /home/pham/ultrasonic/install/ros2_socketcan_msgs/share/ros2_socketcan_msgs/cmake/rosidl_cmake_export_typesupport_targets-extras.cmake
[3.396s] -- Up-to-date: /home/pham/ultrasonic/install/ros2_socketcan_msgs/share/ros2_socketcan_msgs/cmake/rosidl_cmake_export_typesupport_libraries-extras.cmake
[3.396s] -- Up-to-date: /home/pham/ultrasonic/install/ros2_socketcan_msgs/share/ros2_socketcan_msgs/cmake/ros2_socketcan_msgsConfig.cmake
[3.396s] -- Up-to-date: /home/pham/ultrasonic/install/ros2_socketcan_msgs/share/ros2_socketcan_msgs/cmake/ros2_socketcan_msgsConfig-version.cmake
[3.396s] -- Up-to-date: /home/pham/ultrasonic/install/ros2_socketcan_msgs/share/ros2_socketcan_msgs/package.xml
[3.423s] Invoked command in '/home/pham/ultrasonic/build/ros2_socketcan_msgs' returned '0': CMAKE_PREFIX_PATH=/opt/ros/humble /usr/bin/cmake --install /home/pham/ultrasonic/build/ros2_socketcan_msgs
