[0.054s] Invoking command in '/home/pham/ultrasonic/build/ros2_socketcan': AMENT_PREFIX_PATH=/home/pham/ultrasonic/install/ros2_socketcan_msgs:${AMENT_PREFIX_PATH} CMAKE_PREFIX_PATH=/home/pham/ultrasonic/install/ros2_socketcan_msgs:/opt/ros/humble LD_LIBRARY_PATH=/home/pham/ultrasonic/install/ros2_socketcan_msgs/lib:${LD_LIBRARY_PATH} PYTHONPATH=/home/pham/ultrasonic/install/ros2_socketcan_msgs/local/lib/python3.10/dist-packages:${PYTHONPATH} /usr/bin/cmake --build /home/pham/ultrasonic/build/ros2_socketcan -- -j4 -l4
[0.144s] [  9%] Built target socket_can_sender_node_exe
[0.152s] [ 19%] Built target gtest_main
[0.155s] [ 28%] Built target socket_can_receiver_node_exe
[0.157s] [ 52%] Built target ros2_socketcan
[0.183s] [ 61%] Built target gtest
[0.191s] [ 71%] Built target socket_can_receiver_node
[0.219s] [ 90%] Built target ros2_socketcan_test
[0.226s] [100%] Built target socket_can_sender_node
[0.249s] Invoked command in '/home/pham/ultrasonic/build/ros2_socketcan' returned '0': AMENT_PREFIX_PATH=/home/pham/ultrasonic/install/ros2_socketcan_msgs:${AMENT_PREFIX_PATH} CMAKE_PREFIX_PATH=/home/pham/ultrasonic/install/ros2_socketcan_msgs:/opt/ros/humble LD_LIBRARY_PATH=/home/pham/ultrasonic/install/ros2_socketcan_msgs/lib:${LD_LIBRARY_PATH} PYTHONPATH=/home/pham/ultrasonic/install/ros2_socketcan_msgs/local/lib/python3.10/dist-packages:${PYTHONPATH} /usr/bin/cmake --build /home/pham/ultrasonic/build/ros2_socketcan -- -j4 -l4
[0.416s] Invoking command in '/home/pham/ultrasonic/build/ros2_socketcan': AMENT_PREFIX_PATH=/home/pham/ultrasonic/install/ros2_socketcan_msgs:${AMENT_PREFIX_PATH} CMAKE_PREFIX_PATH=/home/pham/ultrasonic/install/ros2_socketcan_msgs:/opt/ros/humble LD_LIBRARY_PATH=/home/pham/ultrasonic/install/ros2_socketcan_msgs/lib:${LD_LIBRARY_PATH} PYTHONPATH=/home/pham/ultrasonic/install/ros2_socketcan_msgs/local/lib/python3.10/dist-packages:${PYTHONPATH} /usr/bin/cmake --install /home/pham/ultrasonic/build/ros2_socketcan
[0.424s] -- Install configuration: ""
[0.425s] -- Up-to-date: /home/pham/ultrasonic/install/ros2_socketcan/lib/ros2_socketcan/socket_can_receiver_node_exe
[0.425s] -- Up-to-date: /home/pham/ultrasonic/install/ros2_socketcan/lib/ros2_socketcan/socket_can_sender_node_exe
[0.425s] -- Up-to-date: /home/pham/ultrasonic/install/ros2_socketcan/include
[0.426s] -- Up-to-date: /home/pham/ultrasonic/install/ros2_socketcan/include/ros2_socketcan
[0.426s] -- Up-to-date: /home/pham/ultrasonic/install/ros2_socketcan/include/ros2_socketcan/socket_can_common.hpp
[0.426s] -- Up-to-date: /home/pham/ultrasonic/install/ros2_socketcan/include/ros2_socketcan/socket_can_receiver.hpp
[0.426s] -- Up-to-date: /home/pham/ultrasonic/install/ros2_socketcan/include/ros2_socketcan/visibility_control.hpp
[0.426s] -- Up-to-date: /home/pham/ultrasonic/install/ros2_socketcan/include/ros2_socketcan/socket_can_sender_node.hpp
[0.426s] -- Up-to-date: /home/pham/ultrasonic/install/ros2_socketcan/include/ros2_socketcan/socket_can_receiver_node.hpp
[0.427s] -- Up-to-date: /home/pham/ultrasonic/install/ros2_socketcan/include/ros2_socketcan/socket_can_id.hpp
[0.427s] -- Up-to-date: /home/pham/ultrasonic/install/ros2_socketcan/include/ros2_socketcan/socket_can_sender.hpp
[0.428s] -- Up-to-date: /home/pham/ultrasonic/install/ros2_socketcan/share/ros2_socketcan/environment/library_path.sh
[0.428s] -- Up-to-date: /home/pham/ultrasonic/install/ros2_socketcan/share/ros2_socketcan/environment/library_path.dsv
[0.428s] -- Up-to-date: /home/pham/ultrasonic/install/ros2_socketcan/lib/libros2_socketcan.so
[0.428s] -- Up-to-date: /home/pham/ultrasonic/install/ros2_socketcan/lib/libsocket_can_receiver_node.so
[0.428s] -- Up-to-date: /home/pham/ultrasonic/install/ros2_socketcan/lib/libsocket_can_sender_node.so
[0.428s] -- Up-to-date: /home/pham/ultrasonic/install/ros2_socketcan/share/ros2_socketcan/launch
[0.428s] -- Up-to-date: /home/pham/ultrasonic/install/ros2_socketcan/share/ros2_socketcan/launch/socket_can_sender.launch.py
[0.428s] -- Up-to-date: /home/pham/ultrasonic/install/ros2_socketcan/share/ros2_socketcan/launch/socket_can_receiver.launch.py
[0.428s] -- Up-to-date: /home/pham/ultrasonic/install/ros2_socketcan/share/ros2_socketcan/launch/socket_can_bridge.launch.xml
[0.428s] -- Up-to-date: /home/pham/ultrasonic/install/ros2_socketcan/share/ament_index/resource_index/package_run_dependencies/ros2_socketcan
[0.429s] -- Up-to-date: /home/pham/ultrasonic/install/ros2_socketcan/share/ament_index/resource_index/parent_prefix_path/ros2_socketcan
[0.429s] -- Up-to-date: /home/pham/ultrasonic/install/ros2_socketcan/share/ros2_socketcan/environment/ament_prefix_path.sh
[0.429s] -- Up-to-date: /home/pham/ultrasonic/install/ros2_socketcan/share/ros2_socketcan/environment/ament_prefix_path.dsv
[0.435s] -- Up-to-date: /home/pham/ultrasonic/install/ros2_socketcan/share/ros2_socketcan/environment/path.sh
[0.435s] -- Up-to-date: /home/pham/ultrasonic/install/ros2_socketcan/share/ros2_socketcan/environment/path.dsv
[0.436s] -- Up-to-date: /home/pham/ultrasonic/install/ros2_socketcan/share/ros2_socketcan/local_setup.bash
[0.437s] -- Up-to-date: /home/pham/ultrasonic/install/ros2_socketcan/share/ros2_socketcan/local_setup.sh
[0.437s] -- Up-to-date: /home/pham/ultrasonic/install/ros2_socketcan/share/ros2_socketcan/local_setup.zsh
[0.437s] -- Up-to-date: /home/pham/ultrasonic/install/ros2_socketcan/share/ros2_socketcan/local_setup.dsv
[0.437s] -- Installing: /home/pham/ultrasonic/install/ros2_socketcan/share/ros2_socketcan/package.dsv
[0.437s] -- Up-to-date: /home/pham/ultrasonic/install/ros2_socketcan/share/ament_index/resource_index/packages/ros2_socketcan
[0.437s] -- Up-to-date: /home/pham/ultrasonic/install/ros2_socketcan/share/ament_index/resource_index/rclcpp_components/ros2_socketcan
[0.437s] -- Up-to-date: /home/pham/ultrasonic/install/ros2_socketcan/share/ros2_socketcan/cmake/ament_cmake_export_dependencies-extras.cmake
[0.437s] -- Up-to-date: /home/pham/ultrasonic/install/ros2_socketcan/share/ros2_socketcan/cmake/ament_cmake_export_include_directories-extras.cmake
[0.437s] -- Up-to-date: /home/pham/ultrasonic/install/ros2_socketcan/share/ros2_socketcan/cmake/ament_cmake_export_libraries-extras.cmake
[0.437s] -- Up-to-date: /home/pham/ultrasonic/install/ros2_socketcan/share/ros2_socketcan/cmake/ros2_socketcanConfig.cmake
[0.451s] -- Up-to-date: /home/pham/ultrasonic/install/ros2_socketcan/share/ros2_socketcan/cmake/ros2_socketcanConfig-version.cmake
[0.451s] -- Up-to-date: /home/pham/ultrasonic/install/ros2_socketcan/share/ros2_socketcan/package.xml
[0.456s] Invoked command in '/home/pham/ultrasonic/build/ros2_socketcan' returned '0': AMENT_PREFIX_PATH=/home/pham/ultrasonic/install/ros2_socketcan_msgs:${AMENT_PREFIX_PATH} CMAKE_PREFIX_PATH=/home/pham/ultrasonic/install/ros2_socketcan_msgs:/opt/ros/humble LD_LIBRARY_PATH=/home/pham/ultrasonic/install/ros2_socketcan_msgs/lib:${LD_LIBRARY_PATH} PYTHONPATH=/home/pham/ultrasonic/install/ros2_socketcan_msgs/local/lib/python3.10/dist-packages:${PYTHONPATH} /usr/bin/cmake --install /home/pham/ultrasonic/build/ros2_socketcan
