[0.466s] Invoking command in '/home/mcav/mcav_ws/src/mcav_autonomy/pure_pursuit': PS1=\[]0;\u@docker: \w\]\[[01;32m\]\u@docker\[[00m\]:\[[01;34m\]\w\[[00m\]$ PYTHONPATH=/home/mcav/mcav_ws/src/mcav_autonomy/build/pure_pursuit/prefix_override:/home/mcav/mcav_ws/src/mcav_autonomy/install/pure_pursuit/lib/python3.10/site-packages:${PYTHONPATH} /usr/bin/python3 setup.py egg_info --egg-base ../build/pure_pursuit build --build-base /home/mcav/mcav_ws/src/mcav_autonomy/build/pure_pursuit/build install --record /home/mcav/mcav_ws/src/mcav_autonomy/build/pure_pursuit/install.log --single-version-externally-managed
[0.632s] running egg_info
[0.632s] writing ../build/pure_pursuit/pure_pursuit.egg-info/PKG-INFO
[0.632s] writing dependency_links to ../build/pure_pursuit/pure_pursuit.egg-info/dependency_links.txt
[0.633s] writing entry points to ../build/pure_pursuit/pure_pursuit.egg-info/entry_points.txt
[0.633s] writing requirements to ../build/pure_pursuit/pure_pursuit.egg-info/requires.txt
[0.633s] writing top-level names to ../build/pure_pursuit/pure_pursuit.egg-info/top_level.txt
[0.634s] reading manifest file '../build/pure_pursuit/pure_pursuit.egg-info/SOURCES.txt'
[0.635s] writing manifest file '../build/pure_pursuit/pure_pursuit.egg-info/SOURCES.txt'
[0.635s] running build
[0.635s] running build_py
[0.635s] copying pure_pursuit/purepursuit.py -> /home/mcav/mcav_ws/src/mcav_autonomy/build/pure_pursuit/build/lib/pure_pursuit
[0.635s] running install
[0.635s] running install_lib
[0.636s] copying /home/mcav/mcav_ws/src/mcav_autonomy/build/pure_pursuit/build/lib/pure_pursuit/purepursuit.py -> /home/mcav/mcav_ws/src/mcav_autonomy/install/pure_pursuit/lib/python3.10/site-packages/pure_pursuit
[0.637s] byte-compiling /home/mcav/mcav_ws/src/mcav_autonomy/install/pure_pursuit/lib/python3.10/site-packages/pure_pursuit/purepursuit.py to purepursuit.cpython-310.pyc
[0.637s] running install_data
[0.637s] Sorry: IndentationError: unindent does not match any outer indentation level (purepursuit.py, line 59)
[0.637s] running install_egg_info
[0.639s] removing '/home/mcav/mcav_ws/src/mcav_autonomy/install/pure_pursuit/lib/python3.10/site-packages/pure_pursuit-0.0.0-py3.10.egg-info' (and everything under it)
[0.639s] Copying ../build/pure_pursuit/pure_pursuit.egg-info to /home/mcav/mcav_ws/src/mcav_autonomy/install/pure_pursuit/lib/python3.10/site-packages/pure_pursuit-0.0.0-py3.10.egg-info
[0.639s] running install_scripts
[0.655s] Installing carla_global_planner script to /home/mcav/mcav_ws/src/mcav_autonomy/install/pure_pursuit/lib/pure_pursuit
[0.655s] Installing carla_spawner script to /home/mcav/mcav_ws/src/mcav_autonomy/install/pure_pursuit/lib/pure_pursuit
[0.655s] Installing carla_spawner_local_planner script to /home/mcav/mcav_ws/src/mcav_autonomy/install/pure_pursuit/lib/pure_pursuit
[0.655s] Installing purepursuit script to /home/mcav/mcav_ws/src/mcav_autonomy/install/pure_pursuit/lib/pure_pursuit
[0.656s] writing list of installed files to '/home/mcav/mcav_ws/src/mcav_autonomy/build/pure_pursuit/install.log'
[0.670s] Invoked command in '/home/mcav/mcav_ws/src/mcav_autonomy/pure_pursuit' returned '0': PS1=\[]0;\u@docker: \w\]\[[01;32m\]\u@docker\[[00m\]:\[[01;34m\]\w\[[00m\]$ PYTHONPATH=/home/mcav/mcav_ws/src/mcav_autonomy/build/pure_pursuit/prefix_override:/home/mcav/mcav_ws/src/mcav_autonomy/install/pure_pursuit/lib/python3.10/site-packages:${PYTHONPATH} /usr/bin/python3 setup.py egg_info --egg-base ../build/pure_pursuit build --build-base /home/mcav/mcav_ws/src/mcav_autonomy/build/pure_pursuit/build install --record /home/mcav/mcav_ws/src/mcav_autonomy/build/pure_pursuit/install.log --single-version-externally-managed
