[1.607s] Invoking command in '/home/pham/ultrasonic/src/ultrasonic': PYTHONPATH=/home/pham/ultrasonic/build/ultrasonic/prefix_override:/home/pham/ultrasonic/install/ultrasonic/lib/python3.10/site-packages:${PYTHONPATH} /usr/bin/python3 setup.py egg_info --egg-base ../../build/ultrasonic build --build-base /home/pham/ultrasonic/build/ultrasonic/build install --record /home/pham/ultrasonic/build/ultrasonic/install.log --single-version-externally-managed
[1.848s] running egg_info
[1.849s] writing ../../build/ultrasonic/ultrasonic.egg-info/PKG-INFO
[1.880s] writing dependency_links to ../../build/ultrasonic/ultrasonic.egg-info/dependency_links.txt
[1.881s] writing entry points to ../../build/ultrasonic/ultrasonic.egg-info/entry_points.txt
[1.882s] writing requirements to ../../build/ultrasonic/ultrasonic.egg-info/requires.txt
[1.882s] writing top-level names to ../../build/ultrasonic/ultrasonic.egg-info/top_level.txt
[1.885s] reading manifest file '../../build/ultrasonic/ultrasonic.egg-info/SOURCES.txt'
[1.910s] writing manifest file '../../build/ultrasonic/ultrasonic.egg-info/SOURCES.txt'
[1.910s] running build
[1.910s] running build_py
[1.950s] copying ultrasonic/ultrasonic.py -> /home/pham/ultrasonic/build/ultrasonic/build/lib/ultrasonic
[1.950s] running install
[1.973s] /usr/lib/python3/dist-packages/setuptools/command/install.py:34: SetuptoolsDeprecationWarning: setup.py install is deprecated. Use build and pip and other standards-based tools.
[1.973s]   warnings.warn(
[1.974s] running install_lib
[1.978s] copying /home/pham/ultrasonic/build/ultrasonic/build/lib/ultrasonic/ultrasonic.py -> /home/pham/ultrasonic/install/ultrasonic/lib/python3.10/site-packages/ultrasonic
[1.980s] byte-compiling /home/pham/ultrasonic/install/ultrasonic/lib/python3.10/site-packages/ultrasonic/ultrasonic.py to ultrasonic.cpython-310.pyc
[1.982s] running install_data
[2.013s] running install_egg_info
[2.015s] removing '/home/pham/ultrasonic/install/ultrasonic/lib/python3.10/site-packages/ultrasonic-0.0.0-py3.10.egg-info' (and everything under it)
[2.015s] Copying ../../build/ultrasonic/ultrasonic.egg-info to /home/pham/ultrasonic/install/ultrasonic/lib/python3.10/site-packages/ultrasonic-0.0.0-py3.10.egg-info
[2.028s] running install_scripts
[2.053s] Installing reader script to /home/pham/ultrasonic/install/ultrasonic/lib/ultrasonic
[2.061s] writing list of installed files to '/home/pham/ultrasonic/build/ultrasonic/install.log'
[2.119s] Invoked command in '/home/pham/ultrasonic/src/ultrasonic' returned '0': PYTHONPATH=/home/pham/ultrasonic/build/ultrasonic/prefix_override:/home/pham/ultrasonic/install/ultrasonic/lib/python3.10/site-packages:${PYTHONPATH} /usr/bin/python3 setup.py egg_info --egg-base ../../build/ultrasonic build --build-base /home/pham/ultrasonic/build/ultrasonic/build install --record /home/pham/ultrasonic/build/ultrasonic/install.log --single-version-externally-managed
