[1.786s] Invoking command in '/home/pham/ultrasonic/src/ultrasonic': PYTHONPATH=/home/pham/ultrasonic/build/ultrasonic/prefix_override:/home/pham/ultrasonic/install/ultrasonic/lib/python3.10/site-packages:${PYTHONPATH} /usr/bin/python3 setup.py egg_info --egg-base ../../build/ultrasonic build --build-base /home/pham/ultrasonic/build/ultrasonic/build install --record /home/pham/ultrasonic/build/ultrasonic/install.log --single-version-externally-managed
[2.028s] running egg_info
[2.028s] writing ../../build/ultrasonic/ultrasonic.egg-info/PKG-INFO
[2.072s] writing dependency_links to ../../build/ultrasonic/ultrasonic.egg-info/dependency_links.txt
[2.072s] writing entry points to ../../build/ultrasonic/ultrasonic.egg-info/entry_points.txt
[2.073s] writing requirements to ../../build/ultrasonic/ultrasonic.egg-info/requires.txt
[2.074s] writing top-level names to ../../build/ultrasonic/ultrasonic.egg-info/top_level.txt
[2.075s] reading manifest file '../../build/ultrasonic/ultrasonic.egg-info/SOURCES.txt'
[2.103s] writing manifest file '../../build/ultrasonic/ultrasonic.egg-info/SOURCES.txt'
[2.103s] running build
[2.104s] running build_py
[2.125s] copying ultrasonic/ultrasonic.py -> /home/pham/ultrasonic/build/ultrasonic/build/lib/ultrasonic
[2.125s] running install
[2.144s] /usr/lib/python3/dist-packages/setuptools/command/install.py:34: SetuptoolsDeprecationWarning: setup.py install is deprecated. Use build and pip and other standards-based tools.
[2.144s]   warnings.warn(
[2.144s] running install_lib
[2.145s] copying /home/pham/ultrasonic/build/ultrasonic/build/lib/ultrasonic/ultrasonic.py -> /home/pham/ultrasonic/install/ultrasonic/lib/python3.10/site-packages/ultrasonic
[2.147s] byte-compiling /home/pham/ultrasonic/install/ultrasonic/lib/python3.10/site-packages/ultrasonic/ultrasonic.py to ultrasonic.cpython-310.pyc
[2.148s] running install_data
[2.166s] copying launch/ultrasonic.launch.py -> /home/pham/ultrasonic/install/ultrasonic/share/ultrasonic
[2.166s] running install_egg_info
[2.167s] removing '/home/pham/ultrasonic/install/ultrasonic/lib/python3.10/site-packages/ultrasonic-0.0.0-py3.10.egg-info' (and everything under it)
[2.168s] Copying ../../build/ultrasonic/ultrasonic.egg-info to /home/pham/ultrasonic/install/ultrasonic/lib/python3.10/site-packages/ultrasonic-0.0.0-py3.10.egg-info
[2.184s] running install_scripts
[2.238s] Installing reader script to /home/pham/ultrasonic/install/ultrasonic/lib/ultrasonic
[2.241s] writing list of installed files to '/home/pham/ultrasonic/build/ultrasonic/install.log'
[2.274s] Invoked command in '/home/pham/ultrasonic/src/ultrasonic' returned '0': PYTHONPATH=/home/pham/ultrasonic/build/ultrasonic/prefix_override:/home/pham/ultrasonic/install/ultrasonic/lib/python3.10/site-packages:${PYTHONPATH} /usr/bin/python3 setup.py egg_info --egg-base ../../build/ultrasonic build --build-base /home/pham/ultrasonic/build/ultrasonic/build install --record /home/pham/ultrasonic/build/ultrasonic/install.log --single-version-externally-managed
