[0.035s] Invoking command in '/home/pham/ultrasonic/build/ros2_socketcan': AMENT_PREFIX_PATH=/home/pham/ultrasonic/install/ros2_socketcan_msgs:${AMENT_PREFIX_PATH} CMAKE_PREFIX_PATH=/home/pham/ultrasonic/install/ros2_socketcan_msgs:/opt/ros/humble LD_LIBRARY_PATH=/home/pham/ultrasonic/install/ros2_socketcan_msgs/lib:${LD_LIBRARY_PATH} PYTHONPATH=/home/pham/ultrasonic/install/ros2_socketcan_msgs/local/lib/python3.10/dist-packages:${PYTHONPATH} /usr/bin/cmake /home/pham/ultrasonic/src/ros2_socketcan/ros2_socketcan -DCMAKE_INSTALL_PREFIX=/home/pham/ultrasonic/install/ros2_socketcan
[0.140s] -- The C compiler identification is GNU 11.4.0
[0.220s] -- The CXX compiler identification is GNU 11.4.0
[0.231s] -- Detecting C compiler ABI info
[0.375s] -- Detecting C compiler ABI info - done
[0.375s] -- Check for working C compiler: /usr/bin/cc - skipped
[0.376s] -- Detecting C compile features
[0.377s] -- Detecting C compile features - done
[0.380s] -- Detecting CXX compiler ABI info
[0.492s] -- Detecting CXX compiler ABI info - done
[0.495s] -- Check for working CXX compiler: /usr/bin/c++ - skipped
[0.495s] -- Detecting CXX compile features
[0.495s] -- Detecting CXX compile features - done
[0.498s] -- Found ament_cmake_auto: 1.3.5 (/opt/ros/humble/share/ament_cmake_auto/cmake)
[0.680s] -- Found Python3: /usr/bin/python3.10 (found version "3.10.12") found components: Interpreter 
[1.128s] -- Found rosidl_generator_c: 3.1.5 (/opt/ros/humble/share/rosidl_generator_c/cmake)
[1.132s] -- Found rosidl_adapter: 3.1.5 (/opt/ros/humble/share/rosidl_adapter/cmake)
[1.140s] -- Found rosidl_generator_cpp: 3.1.5 (/opt/ros/humble/share/rosidl_generator_cpp/cmake)
[1.162s] -- Using all available rosidl_typesupport_c: rosidl_typesupport_fastrtps_c;rosidl_typesupport_introspection_c
[1.183s] -- Using all available rosidl_typesupport_cpp: rosidl_typesupport_fastrtps_cpp;rosidl_typesupport_introspection_cpp
[1.406s] -- Found rmw_implementation_cmake: 6.1.1 (/opt/ros/humble/share/rmw_implementation_cmake/cmake)
[1.437s] -- Found rmw_fastrtps_cpp: 6.2.3 (/opt/ros/humble/share/rmw_fastrtps_cpp/cmake)
[2.003s] -- Found OpenSSL: /usr/lib/x86_64-linux-gnu/libcrypto.so (found version "3.0.2")  
[2.060s] -- Found FastRTPS: /opt/ros/humble/include  
[2.123s] -- Using RMW implementation 'rmw_fastrtps_cpp' as default
[2.218s] -- Looking for pthread.h
[2.422s] -- Looking for pthread.h - found
[2.422s] -- Performing Test CMAKE_HAVE_LIBC_PTHREAD
[2.538s] -- Performing Test CMAKE_HAVE_LIBC_PTHREAD - Success
[2.539s] -- Found Threads: TRUE  
[3.358s] -- Found ament_lint_auto: 0.12.7 (/opt/ros/humble/share/ament_lint_auto/cmake)
[3.427s] -- Found gtest sources under '/opt/ros/humble/src/gtest_vendor': C++ tests using 'Google Test' will be built
[3.439s] -- Added test 'copyright' to check source files copyright and LICENSE
[3.440s] -- Added test 'cppcheck' to perform static code analysis on C / C++ code
[3.440s] -- Configured cppcheck include dirs: /home/pham/ultrasonic/src/ros2_socketcan/ros2_socketcan/include
[3.440s] -- Configured cppcheck exclude dirs and/or files: 
[3.442s] -- Added test 'cpplint' to check C / C++ code against the Google style
[3.442s] -- Configured cpplint exclude dirs and/or files: 
[3.443s] -- Added test 'flake8' to check Python code syntax and style conventions
[3.443s] -- Added test 'lint_cmake' to check CMake code style
[3.444s] -- Added test 'pep257' to check Python code against some of the docstring style conventions in PEP 257
[3.445s] -- Added test 'uncrustify' to check C / C++ code style
[3.445s] -- Configured uncrustify additional arguments: 
[3.445s] -- Added test 'xmllint' to check XML markup files
[3.449s] -- Configuring done
[3.491s] -- Generating done
[3.497s] -- Build files have been written to: /home/pham/ultrasonic/build/ros2_socketcan
[3.514s] Invoked command in '/home/pham/ultrasonic/build/ros2_socketcan' returned '0': AMENT_PREFIX_PATH=/home/pham/ultrasonic/install/ros2_socketcan_msgs:${AMENT_PREFIX_PATH} CMAKE_PREFIX_PATH=/home/pham/ultrasonic/install/ros2_socketcan_msgs:/opt/ros/humble LD_LIBRARY_PATH=/home/pham/ultrasonic/install/ros2_socketcan_msgs/lib:${LD_LIBRARY_PATH} PYTHONPATH=/home/pham/ultrasonic/install/ros2_socketcan_msgs/local/lib/python3.10/dist-packages:${PYTHONPATH} /usr/bin/cmake /home/pham/ultrasonic/src/ros2_socketcan/ros2_socketcan -DCMAKE_INSTALL_PREFIX=/home/pham/ultrasonic/install/ros2_socketcan
[3.516s] Invoking command in '/home/pham/ultrasonic/build/ros2_socketcan': AMENT_PREFIX_PATH=/home/pham/ultrasonic/install/ros2_socketcan_msgs:${AMENT_PREFIX_PATH} CMAKE_PREFIX_PATH=/home/pham/ultrasonic/install/ros2_socketcan_msgs:/opt/ros/humble LD_LIBRARY_PATH=/home/pham/ultrasonic/install/ros2_socketcan_msgs/lib:${LD_LIBRARY_PATH} PYTHONPATH=/home/pham/ultrasonic/install/ros2_socketcan_msgs/local/lib/python3.10/dist-packages:${PYTHONPATH} /usr/bin/cmake --build /home/pham/ultrasonic/build/ros2_socketcan -- -j4 -l4
[3.609s] [  4%] [32mBuilding CXX object CMakeFiles/socket_can_receiver_node_exe.dir/rclcpp_components/node_main_socket_can_receiver_node_exe.cpp.o[0m
[3.615s] [  9%] [32mBuilding CXX object CMakeFiles/socket_can_sender_node_exe.dir/rclcpp_components/node_main_socket_can_sender_node_exe.cpp.o[0m
[3.623s] [ 14%] [32mBuilding CXX object CMakeFiles/ros2_socketcan.dir/src/socket_can_common.cpp.o[0m
[3.623s] [ 19%] [32mBuilding CXX object gtest/CMakeFiles/gtest_main.dir/src/gtest_main.cc.o[0m
[4.384s] [ 23%] [32mBuilding CXX object CMakeFiles/ros2_socketcan.dir/src/socket_can_id.cpp.o[0m
[4.678s] [ 28%] [32mBuilding CXX object CMakeFiles/ros2_socketcan.dir/src/socket_can_receiver.cpp.o[0m
[5.496s] [ 33%] [32m[1mLinking CXX static library libgtest_main.a[0m
[5.595s] [ 38%] [32mBuilding CXX object CMakeFiles/ros2_socketcan.dir/src/socket_can_sender.cpp.o[0m
[5.634s] [ 38%] Built target gtest_main
[5.691s] [ 42%] [32mBuilding CXX object gtest/CMakeFiles/gtest.dir/src/gtest-all.cc.o[0m
[6.196s] [ 47%] [32m[1mLinking CXX shared library libros2_socketcan.so[0m
[7.630s] [ 47%] Built target ros2_socketcan
[7.887s] [ 52%] [32mBuilding CXX object CMakeFiles/socket_can_receiver_node.dir/src/socket_can_receiver_node.cpp.o[0m
[19.680s] [ 57%] [32m[1mLinking CXX static library libgtest.a[0m
[19.683s] [ 61%] [32m[1mLinking CXX executable socket_can_sender_node_exe[0m
[19.689s] [ 66%] [32m[1mLinking CXX executable socket_can_receiver_node_exe[0m
[19.857s] [ 66%] Built target gtest
[20.021s] [ 71%] [32mBuilding CXX object CMakeFiles/ros2_socketcan_test.dir/test/gtest_main.cpp.o[0m
[20.148s] [ 71%] Built target socket_can_sender_node_exe
[20.151s] [ 71%] Built target socket_can_receiver_node_exe
[20.164s] [ 76%] [32mBuilding CXX object CMakeFiles/ros2_socketcan_test.dir/test/receiver.cpp.o[0m
[20.167s] [ 80%] [32mBuilding CXX object CMakeFiles/ros2_socketcan_test.dir/test/sanity_checks.cpp.o[0m
[22.745s] [ 85%] [32m[1mLinking CXX executable ros2_socketcan_test[0m
[23.223s] [ 85%] Built target ros2_socketcan_test
[25.820s] [ 90%] [32m[1mLinking CXX shared library libsocket_can_receiver_node.so[0m
[26.422s] [ 90%] Built target socket_can_receiver_node
[26.515s] [ 95%] [32mBuilding CXX object CMakeFiles/socket_can_sender_node.dir/src/socket_can_sender_node.cpp.o[0m
[43.909s] [100%] [32m[1mLinking CXX shared library libsocket_can_sender_node.so[0m
[44.871s] [100%] Built target socket_can_sender_node
[44.984s] Invoked command in '/home/pham/ultrasonic/build/ros2_socketcan' returned '0': AMENT_PREFIX_PATH=/home/pham/ultrasonic/install/ros2_socketcan_msgs:${AMENT_PREFIX_PATH} CMAKE_PREFIX_PATH=/home/pham/ultrasonic/install/ros2_socketcan_msgs:/opt/ros/humble LD_LIBRARY_PATH=/home/pham/ultrasonic/install/ros2_socketcan_msgs/lib:${LD_LIBRARY_PATH} PYTHONPATH=/home/pham/ultrasonic/install/ros2_socketcan_msgs/local/lib/python3.10/dist-packages:${PYTHONPATH} /usr/bin/cmake --build /home/pham/ultrasonic/build/ros2_socketcan -- -j4 -l4
[45.159s] Invoking command in '/home/pham/ultrasonic/build/ros2_socketcan': AMENT_PREFIX_PATH=/home/pham/ultrasonic/install/ros2_socketcan_msgs:${AMENT_PREFIX_PATH} CMAKE_PREFIX_PATH=/home/pham/ultrasonic/install/ros2_socketcan_msgs:/opt/ros/humble LD_LIBRARY_PATH=/home/pham/ultrasonic/install/ros2_socketcan_msgs/lib:${LD_LIBRARY_PATH} PYTHONPATH=/home/pham/ultrasonic/install/ros2_socketcan_msgs/local/lib/python3.10/dist-packages:${PYTHONPATH} /usr/bin/cmake --install /home/pham/ultrasonic/build/ros2_socketcan
[45.170s] -- Install configuration: ""
[45.171s] -- Installing: /home/pham/ultrasonic/install/ros2_socketcan/lib/ros2_socketcan/socket_can_receiver_node_exe
[45.171s] -- Set runtime path of "/home/pham/ultrasonic/install/ros2_socketcan/lib/ros2_socketcan/socket_can_receiver_node_exe" to ""
[45.172s] -- Installing: /home/pham/ultrasonic/install/ros2_socketcan/lib/ros2_socketcan/socket_can_sender_node_exe
[45.172s] -- Set runtime path of "/home/pham/ultrasonic/install/ros2_socketcan/lib/ros2_socketcan/socket_can_sender_node_exe" to ""
[45.173s] -- Installing: /home/pham/ultrasonic/install/ros2_socketcan/include
[45.173s] -- Installing: /home/pham/ultrasonic/install/ros2_socketcan/include/ros2_socketcan
[45.173s] -- Installing: /home/pham/ultrasonic/install/ros2_socketcan/include/ros2_socketcan/socket_can_common.hpp
[45.173s] -- Installing: /home/pham/ultrasonic/install/ros2_socketcan/include/ros2_socketcan/socket_can_receiver.hpp
[45.173s] -- Installing: /home/pham/ultrasonic/install/ros2_socketcan/include/ros2_socketcan/visibility_control.hpp
[45.173s] -- Installing: /home/pham/ultrasonic/install/ros2_socketcan/include/ros2_socketcan/socket_can_sender_node.hpp
[45.173s] -- Installing: /home/pham/ultrasonic/install/ros2_socketcan/include/ros2_socketcan/socket_can_receiver_node.hpp
[45.177s] -- Installing: /home/pham/ultrasonic/install/ros2_socketcan/include/ros2_socketcan/socket_can_id.hpp
[45.177s] -- Installing: /home/pham/ultrasonic/install/ros2_socketcan/include/ros2_socketcan/socket_can_sender.hpp
[45.178s] -- Installing: /home/pham/ultrasonic/install/ros2_socketcan/share/ros2_socketcan/environment/library_path.sh
[45.179s] -- Installing: /home/pham/ultrasonic/install/ros2_socketcan/share/ros2_socketcan/environment/library_path.dsv
[45.180s] -- Installing: /home/pham/ultrasonic/install/ros2_socketcan/lib/libros2_socketcan.so
[45.180s] -- Set runtime path of "/home/pham/ultrasonic/install/ros2_socketcan/lib/libros2_socketcan.so" to ""
[45.180s] -- Installing: /home/pham/ultrasonic/install/ros2_socketcan/lib/libsocket_can_receiver_node.so
[45.183s] -- Set runtime path of "/home/pham/ultrasonic/install/ros2_socketcan/lib/libsocket_can_receiver_node.so" to ""
[45.183s] -- Installing: /home/pham/ultrasonic/install/ros2_socketcan/lib/libsocket_can_sender_node.so
[45.191s] -- Set runtime path of "/home/pham/ultrasonic/install/ros2_socketcan/lib/libsocket_can_sender_node.so" to ""
[45.191s] -- Installing: /home/pham/ultrasonic/install/ros2_socketcan/share/ros2_socketcan/launch
[45.191s] -- Installing: /home/pham/ultrasonic/install/ros2_socketcan/share/ros2_socketcan/launch/socket_can_sender.launch.py
[45.193s] -- Installing: /home/pham/ultrasonic/install/ros2_socketcan/share/ros2_socketcan/launch/socket_can_receiver.launch.py
[45.194s] -- Installing: /home/pham/ultrasonic/install/ros2_socketcan/share/ros2_socketcan/launch/socket_can_bridge.launch.xml
[45.195s] -- Installing: /home/pham/ultrasonic/install/ros2_socketcan/share/ament_index/resource_index/package_run_dependencies/ros2_socketcan
[45.197s] -- Installing: /home/pham/ultrasonic/install/ros2_socketcan/share/ament_index/resource_index/parent_prefix_path/ros2_socketcan
[45.198s] -- Installing: /home/pham/ultrasonic/install/ros2_socketcan/share/ros2_socketcan/environment/ament_prefix_path.sh
[45.198s] -- Installing: /home/pham/ultrasonic/install/ros2_socketcan/share/ros2_socketcan/environment/ament_prefix_path.dsv
[45.199s] -- Installing: /home/pham/ultrasonic/install/ros2_socketcan/share/ros2_socketcan/environment/path.sh
[45.199s] -- Installing: /home/pham/ultrasonic/install/ros2_socketcan/share/ros2_socketcan/environment/path.dsv
[45.200s] -- Installing: /home/pham/ultrasonic/install/ros2_socketcan/share/ros2_socketcan/local_setup.bash
[45.201s] -- Installing: /home/pham/ultrasonic/install/ros2_socketcan/share/ros2_socketcan/local_setup.sh
[45.203s] -- Installing: /home/pham/ultrasonic/install/ros2_socketcan/share/ros2_socketcan/local_setup.zsh
[45.204s] -- Installing: /home/pham/ultrasonic/install/ros2_socketcan/share/ros2_socketcan/local_setup.dsv
[45.208s] -- Installing: /home/pham/ultrasonic/install/ros2_socketcan/share/ros2_socketcan/package.dsv
[45.208s] -- Installing: /home/pham/ultrasonic/install/ros2_socketcan/share/ament_index/resource_index/packages/ros2_socketcan
[45.208s] -- Installing: /home/pham/ultrasonic/install/ros2_socketcan/share/ament_index/resource_index/rclcpp_components/ros2_socketcan
[45.210s] -- Installing: /home/pham/ultrasonic/install/ros2_socketcan/share/ros2_socketcan/cmake/ament_cmake_export_dependencies-extras.cmake
[45.210s] -- Installing: /home/pham/ultrasonic/install/ros2_socketcan/share/ros2_socketcan/cmake/ament_cmake_export_include_directories-extras.cmake
[45.211s] -- Installing: /home/pham/ultrasonic/install/ros2_socketcan/share/ros2_socketcan/cmake/ament_cmake_export_libraries-extras.cmake
[45.212s] -- Installing: /home/pham/ultrasonic/install/ros2_socketcan/share/ros2_socketcan/cmake/ros2_socketcanConfig.cmake
[45.218s] -- Installing: /home/pham/ultrasonic/install/ros2_socketcan/share/ros2_socketcan/cmake/ros2_socketcanConfig-version.cmake
[45.219s] -- Installing: /home/pham/ultrasonic/install/ros2_socketcan/share/ros2_socketcan/package.xml
[45.237s] Invoked command in '/home/pham/ultrasonic/build/ros2_socketcan' returned '0': AMENT_PREFIX_PATH=/home/pham/ultrasonic/install/ros2_socketcan_msgs:${AMENT_PREFIX_PATH} CMAKE_PREFIX_PATH=/home/pham/ultrasonic/install/ros2_socketcan_msgs:/opt/ros/humble LD_LIBRARY_PATH=/home/pham/ultrasonic/install/ros2_socketcan_msgs/lib:${LD_LIBRARY_PATH} PYTHONPATH=/home/pham/ultrasonic/install/ros2_socketcan_msgs/local/lib/python3.10/dist-packages:${PYTHONPATH} /usr/bin/cmake --install /home/pham/ultrasonic/build/ros2_socketcan
