[0.053s] Invoking command in '/home/pham/ultrasonic/build/ros2_socketcan_msgs': CMAKE_PREFIX_PATH=/opt/ros/humble /usr/bin/cmake --build /home/pham/ultrasonic/build/ros2_socketcan_msgs -- -j4 -l4
[0.356s] [  3%] Built target ros2_socketcan_msgs__cpp
[0.356s] [ 12%] Built target ros2_socketcan_msgs__rosidl_generator_c
[0.356s] [ 12%] Built target ament_cmake_python_copy_ros2_socketcan_msgs
[0.356s] [ 22%] Built target ros2_socketcan_msgs__rosidl_typesupport_fastrtps_cpp
[0.356s] [ 32%] Built target ros2_socketcan_msgs__rosidl_typesupport_cpp
[0.356s] [ 41%] Built target ros2_socketcan_msgs__rosidl_typesupport_introspection_cpp
[0.356s] [ 51%] Built target ros2_socketcan_msgs__rosidl_typesupport_fastrtps_c
[0.356s] [ 61%] Built target ros2_socketcan_msgs__rosidl_typesupport_introspection_c
[0.356s] [ 70%] Built target ros2_socketcan_msgs__rosidl_typesupport_c
[0.357s] [ 70%] Built target ros2_socketcan_msgs
[0.357s] [ 74%] Built target ros2_socketcan_msgs__py
[0.357s] [ 80%] Built target ros2_socketcan_msgs__rosidl_generator_py
[0.396s] [ 87%] Built target ros2_socketcan_msgs__rosidl_typesupport_introspection_c__pyext
[0.412s] [ 93%] Built target ros2_socketcan_msgs__rosidl_typesupport_c__pyext
[0.412s] [100%] Built target ros2_socketcan_msgs__rosidl_typesupport_fastrtps_c__pyext
[0.519s] running egg_info
[0.520s] writing ros2_socketcan_msgs.egg-info/PKG-INFO
[0.521s] writing dependency_links to ros2_socketcan_msgs.egg-info/dependency_links.txt
[0.522s] writing top-level names to ros2_socketcan_msgs.egg-info/top_level.txt
[0.525s] reading manifest file 'ros2_socketcan_msgs.egg-info/SOURCES.txt'
[0.525s] writing manifest file 'ros2_socketcan_msgs.egg-info/SOURCES.txt'
[0.557s] [100%] Built target ament_cmake_python_build_ros2_socketcan_msgs_egg
[0.571s] Invoked command in '/home/pham/ultrasonic/build/ros2_socketcan_msgs' returned '0': CMAKE_PREFIX_PATH=/opt/ros/humble /usr/bin/cmake --build /home/pham/ultrasonic/build/ros2_socketcan_msgs -- -j4 -l4
[0.769s] Invoking command in '/home/pham/ultrasonic/build/ros2_socketcan_msgs': CMAKE_PREFIX_PATH=/opt/ros/humble /usr/bin/cmake --install /home/pham/ultrasonic/build/ros2_socketcan_msgs
[0.778s] -- Install configuration: ""
[0.778s] -- Up-to-date: /home/pham/ultrasonic/install/ros2_socketcan_msgs/share/ament_index/resource_index/rosidl_interfaces/ros2_socketcan_msgs
[0.778s] -- Up-to-date: /home/pham/ultrasonic/install/ros2_socketcan_msgs/include/ros2_socketcan_msgs/ros2_socketcan_msgs
[0.778s] -- Up-to-date: /home/pham/ultrasonic/install/ros2_socketcan_msgs/include/ros2_socketcan_msgs/ros2_socketcan_msgs/msg
[0.778s] -- Up-to-date: /home/pham/ultrasonic/install/ros2_socketcan_msgs/include/ros2_socketcan_msgs/ros2_socketcan_msgs/msg/rosidl_generator_c__visibility_control.h
[0.778s] -- Up-to-date: /home/pham/ultrasonic/install/ros2_socketcan_msgs/include/ros2_socketcan_msgs/ros2_socketcan_msgs/msg/fd_frame.h
[0.778s] -- Up-to-date: /home/pham/ultrasonic/install/ros2_socketcan_msgs/include/ros2_socketcan_msgs/ros2_socketcan_msgs/msg/detail
[0.778s] -- Up-to-date: /home/pham/ultrasonic/install/ros2_socketcan_msgs/include/ros2_socketcan_msgs/ros2_socketcan_msgs/msg/detail/fd_frame__struct.h
[0.779s] -- Up-to-date: /home/pham/ultrasonic/install/ros2_socketcan_msgs/include/ros2_socketcan_msgs/ros2_socketcan_msgs/msg/detail/fd_frame__functions.c
[0.779s] -- Up-to-date: /home/pham/ultrasonic/install/ros2_socketcan_msgs/include/ros2_socketcan_msgs/ros2_socketcan_msgs/msg/detail/fd_frame__functions.h
[0.779s] -- Up-to-date: /home/pham/ultrasonic/install/ros2_socketcan_msgs/include/ros2_socketcan_msgs/ros2_socketcan_msgs/msg/detail/fd_frame__type_support.h
[0.779s] -- Up-to-date: /home/pham/ultrasonic/install/ros2_socketcan_msgs/share/ros2_socketcan_msgs/environment/library_path.sh
[0.780s] -- Up-to-date: /home/pham/ultrasonic/install/ros2_socketcan_msgs/share/ros2_socketcan_msgs/environment/library_path.dsv
[0.780s] -- Up-to-date: /home/pham/ultrasonic/install/ros2_socketcan_msgs/lib/libros2_socketcan_msgs__rosidl_generator_c.so
[0.781s] -- Up-to-date: /home/pham/ultrasonic/install/ros2_socketcan_msgs/include/ros2_socketcan_msgs/ros2_socketcan_msgs
[0.781s] -- Up-to-date: /home/pham/ultrasonic/install/ros2_socketcan_msgs/include/ros2_socketcan_msgs/ros2_socketcan_msgs/msg
[0.781s] -- Up-to-date: /home/pham/ultrasonic/install/ros2_socketcan_msgs/include/ros2_socketcan_msgs/ros2_socketcan_msgs/msg/rosidl_typesupport_fastrtps_c__visibility_control.h
[0.781s] -- Up-to-date: /home/pham/ultrasonic/install/ros2_socketcan_msgs/include/ros2_socketcan_msgs/ros2_socketcan_msgs/msg/detail
[0.782s] -- Up-to-date: /home/pham/ultrasonic/install/ros2_socketcan_msgs/include/ros2_socketcan_msgs/ros2_socketcan_msgs/msg/detail/fd_frame__rosidl_typesupport_fastrtps_c.h
[0.782s] -- Up-to-date: /home/pham/ultrasonic/install/ros2_socketcan_msgs/lib/libros2_socketcan_msgs__rosidl_typesupport_fastrtps_c.so
[0.783s] -- Up-to-date: /home/pham/ultrasonic/install/ros2_socketcan_msgs/include/ros2_socketcan_msgs/ros2_socketcan_msgs
[0.783s] -- Up-to-date: /home/pham/ultrasonic/install/ros2_socketcan_msgs/include/ros2_socketcan_msgs/ros2_socketcan_msgs/msg
[0.783s] -- Up-to-date: /home/pham/ultrasonic/install/ros2_socketcan_msgs/include/ros2_socketcan_msgs/ros2_socketcan_msgs/msg/rosidl_typesupport_introspection_c__visibility_control.h
[0.783s] -- Up-to-date: /home/pham/ultrasonic/install/ros2_socketcan_msgs/include/ros2_socketcan_msgs/ros2_socketcan_msgs/msg/detail
[0.783s] -- Up-to-date: /home/pham/ultrasonic/install/ros2_socketcan_msgs/include/ros2_socketcan_msgs/ros2_socketcan_msgs/msg/detail/fd_frame__rosidl_typesupport_introspection_c.h
[0.784s] -- Up-to-date: /home/pham/ultrasonic/install/ros2_socketcan_msgs/include/ros2_socketcan_msgs/ros2_socketcan_msgs/msg/detail/fd_frame__type_support.c
[0.784s] -- Up-to-date: /home/pham/ultrasonic/install/ros2_socketcan_msgs/lib/libros2_socketcan_msgs__rosidl_typesupport_introspection_c.so
[0.785s] -- Up-to-date: /home/pham/ultrasonic/install/ros2_socketcan_msgs/lib/libros2_socketcan_msgs__rosidl_typesupport_c.so
[0.785s] -- Up-to-date: /home/pham/ultrasonic/install/ros2_socketcan_msgs/include/ros2_socketcan_msgs/ros2_socketcan_msgs
[0.786s] -- Up-to-date: /home/pham/ultrasonic/install/ros2_socketcan_msgs/include/ros2_socketcan_msgs/ros2_socketcan_msgs/msg
[0.786s] -- Up-to-date: /home/pham/ultrasonic/install/ros2_socketcan_msgs/include/ros2_socketcan_msgs/ros2_socketcan_msgs/msg/detail
[0.786s] -- Up-to-date: /home/pham/ultrasonic/install/ros2_socketcan_msgs/include/ros2_socketcan_msgs/ros2_socketcan_msgs/msg/detail/fd_frame__struct.hpp
[0.786s] -- Up-to-date: /home/pham/ultrasonic/install/ros2_socketcan_msgs/include/ros2_socketcan_msgs/ros2_socketcan_msgs/msg/detail/fd_frame__traits.hpp
[0.786s] -- Up-to-date: /home/pham/ultrasonic/install/ros2_socketcan_msgs/include/ros2_socketcan_msgs/ros2_socketcan_msgs/msg/detail/fd_frame__builder.hpp
[0.786s] -- Up-to-date: /home/pham/ultrasonic/install/ros2_socketcan_msgs/include/ros2_socketcan_msgs/ros2_socketcan_msgs/msg/fd_frame.hpp
[0.787s] -- Up-to-date: /home/pham/ultrasonic/install/ros2_socketcan_msgs/include/ros2_socketcan_msgs/ros2_socketcan_msgs
[0.787s] -- Up-to-date: /home/pham/ultrasonic/install/ros2_socketcan_msgs/include/ros2_socketcan_msgs/ros2_socketcan_msgs/msg
[0.787s] -- Up-to-date: /home/pham/ultrasonic/install/ros2_socketcan_msgs/include/ros2_socketcan_msgs/ros2_socketcan_msgs/msg/rosidl_typesupport_fastrtps_cpp__visibility_control.h
[0.787s] -- Up-to-date: /home/pham/ultrasonic/install/ros2_socketcan_msgs/include/ros2_socketcan_msgs/ros2_socketcan_msgs/msg/detail
[0.788s] -- Up-to-date: /home/pham/ultrasonic/install/ros2_socketcan_msgs/include/ros2_socketcan_msgs/ros2_socketcan_msgs/msg/detail/fd_frame__rosidl_typesupport_fastrtps_cpp.hpp
[0.788s] -- Up-to-date: /home/pham/ultrasonic/install/ros2_socketcan_msgs/include/ros2_socketcan_msgs/ros2_socketcan_msgs/msg/detail/dds_fastrtps
[0.788s] -- Up-to-date: /home/pham/ultrasonic/install/ros2_socketcan_msgs/lib/libros2_socketcan_msgs__rosidl_typesupport_fastrtps_cpp.so
[0.789s] -- Up-to-date: /home/pham/ultrasonic/install/ros2_socketcan_msgs/include/ros2_socketcan_msgs/ros2_socketcan_msgs
[0.789s] -- Up-to-date: /home/pham/ultrasonic/install/ros2_socketcan_msgs/include/ros2_socketcan_msgs/ros2_socketcan_msgs/msg
[0.789s] -- Up-to-date: /home/pham/ultrasonic/install/ros2_socketcan_msgs/include/ros2_socketcan_msgs/ros2_socketcan_msgs/msg/detail
[0.789s] -- Up-to-date: /home/pham/ultrasonic/install/ros2_socketcan_msgs/include/ros2_socketcan_msgs/ros2_socketcan_msgs/msg/detail/fd_frame__rosidl_typesupport_introspection_cpp.hpp
[0.789s] -- Up-to-date: /home/pham/ultrasonic/install/ros2_socketcan_msgs/include/ros2_socketcan_msgs/ros2_socketcan_msgs/msg/detail/fd_frame__type_support.cpp
[0.790s] -- Up-to-date: /home/pham/ultrasonic/install/ros2_socketcan_msgs/lib/libros2_socketcan_msgs__rosidl_typesupport_introspection_cpp.so
[0.790s] -- Up-to-date: /home/pham/ultrasonic/install/ros2_socketcan_msgs/lib/libros2_socketcan_msgs__rosidl_typesupport_cpp.so
[0.791s] -- Up-to-date: /home/pham/ultrasonic/install/ros2_socketcan_msgs/share/ros2_socketcan_msgs/environment/pythonpath.sh
[0.791s] -- Up-to-date: /home/pham/ultrasonic/install/ros2_socketcan_msgs/share/ros2_socketcan_msgs/environment/pythonpath.dsv
[0.791s] -- Up-to-date: /home/pham/ultrasonic/install/ros2_socketcan_msgs/local/lib/python3.10/dist-packages/ros2_socketcan_msgs-1.2.0-py3.10.egg-info
[0.791s] -- Installing: /home/pham/ultrasonic/install/ros2_socketcan_msgs/local/lib/python3.10/dist-packages/ros2_socketcan_msgs-1.2.0-py3.10.egg-info/dependency_links.txt
[0.792s] -- Installing: /home/pham/ultrasonic/install/ros2_socketcan_msgs/local/lib/python3.10/dist-packages/ros2_socketcan_msgs-1.2.0-py3.10.egg-info/PKG-INFO
[0.792s] -- Installing: /home/pham/ultrasonic/install/ros2_socketcan_msgs/local/lib/python3.10/dist-packages/ros2_socketcan_msgs-1.2.0-py3.10.egg-info/SOURCES.txt
[0.793s] -- Installing: /home/pham/ultrasonic/install/ros2_socketcan_msgs/local/lib/python3.10/dist-packages/ros2_socketcan_msgs-1.2.0-py3.10.egg-info/top_level.txt
[0.793s] -- Up-to-date: /home/pham/ultrasonic/install/ros2_socketcan_msgs/local/lib/python3.10/dist-packages/ros2_socketcan_msgs
[0.793s] -- Up-to-date: /home/pham/ultrasonic/install/ros2_socketcan_msgs/local/lib/python3.10/dist-packages/ros2_socketcan_msgs/ros2_socketcan_msgs_s__rosidl_typesupport_c.cpython-310-x86_64-linux-gnu.so
[0.793s] -- Up-to-date: /home/pham/ultrasonic/install/ros2_socketcan_msgs/local/lib/python3.10/dist-packages/ros2_socketcan_msgs/ros2_socketcan_msgs_s__rosidl_typesupport_fastrtps_c.cpython-310-x86_64-linux-gnu.so
[0.794s] -- Up-to-date: /home/pham/ultrasonic/install/ros2_socketcan_msgs/local/lib/python3.10/dist-packages/ros2_socketcan_msgs/__init__.py
[0.794s] -- Up-to-date: /home/pham/ultrasonic/install/ros2_socketcan_msgs/local/lib/python3.10/dist-packages/ros2_socketcan_msgs/libros2_socketcan_msgs__rosidl_generator_py.so
[0.794s] -- Up-to-date: /home/pham/ultrasonic/install/ros2_socketcan_msgs/local/lib/python3.10/dist-packages/ros2_socketcan_msgs/_ros2_socketcan_msgs_s.ep.rosidl_typesupport_c.c
[0.794s] -- Up-to-date: /home/pham/ultrasonic/install/ros2_socketcan_msgs/local/lib/python3.10/dist-packages/ros2_socketcan_msgs/ros2_socketcan_msgs_s__rosidl_typesupport_introspection_c.cpython-310-x86_64-linux-gnu.so
[0.794s] -- Up-to-date: /home/pham/ultrasonic/install/ros2_socketcan_msgs/local/lib/python3.10/dist-packages/ros2_socketcan_msgs/msg
[0.795s] -- Up-to-date: /home/pham/ultrasonic/install/ros2_socketcan_msgs/local/lib/python3.10/dist-packages/ros2_socketcan_msgs/msg/__init__.py
[0.795s] -- Up-to-date: /home/pham/ultrasonic/install/ros2_socketcan_msgs/local/lib/python3.10/dist-packages/ros2_socketcan_msgs/msg/_fd_frame.py
[0.795s] -- Up-to-date: /home/pham/ultrasonic/install/ros2_socketcan_msgs/local/lib/python3.10/dist-packages/ros2_socketcan_msgs/msg/_fd_frame_s.c
[0.795s] -- Up-to-date: /home/pham/ultrasonic/install/ros2_socketcan_msgs/local/lib/python3.10/dist-packages/ros2_socketcan_msgs/_ros2_socketcan_msgs_s.ep.rosidl_typesupport_introspection_c.c
[0.795s] -- Up-to-date: /home/pham/ultrasonic/install/ros2_socketcan_msgs/local/lib/python3.10/dist-packages/ros2_socketcan_msgs/_ros2_socketcan_msgs_s.ep.rosidl_typesupport_fastrtps_c.c
[0.824s] Listing '/home/pham/ultrasonic/install/ros2_socketcan_msgs/local/lib/python3.10/dist-packages/ros2_socketcan_msgs'...
[0.824s] Listing '/home/pham/ultrasonic/install/ros2_socketcan_msgs/local/lib/python3.10/dist-packages/ros2_socketcan_msgs/msg'...
[0.828s] -- Up-to-date: /home/pham/ultrasonic/install/ros2_socketcan_msgs/local/lib/python3.10/dist-packages/ros2_socketcan_msgs/ros2_socketcan_msgs_s__rosidl_typesupport_fastrtps_c.cpython-310-x86_64-linux-gnu.so
[0.829s] -- Up-to-date: /home/pham/ultrasonic/install/ros2_socketcan_msgs/local/lib/python3.10/dist-packages/ros2_socketcan_msgs/ros2_socketcan_msgs_s__rosidl_typesupport_introspection_c.cpython-310-x86_64-linux-gnu.so
[0.829s] -- Up-to-date: /home/pham/ultrasonic/install/ros2_socketcan_msgs/local/lib/python3.10/dist-packages/ros2_socketcan_msgs/ros2_socketcan_msgs_s__rosidl_typesupport_c.cpython-310-x86_64-linux-gnu.so
[0.830s] -- Up-to-date: /home/pham/ultrasonic/install/ros2_socketcan_msgs/lib/libros2_socketcan_msgs__rosidl_generator_py.so
[0.830s] -- Up-to-date: /home/pham/ultrasonic/install/ros2_socketcan_msgs/share/ros2_socketcan_msgs/msg/FdFrame.idl
[0.830s] -- Up-to-date: /home/pham/ultrasonic/install/ros2_socketcan_msgs/share/ros2_socketcan_msgs/msg/FdFrame.msg
[0.830s] -- Up-to-date: /home/pham/ultrasonic/install/ros2_socketcan_msgs/share/ament_index/resource_index/package_run_dependencies/ros2_socketcan_msgs
[0.830s] -- Up-to-date: /home/pham/ultrasonic/install/ros2_socketcan_msgs/share/ament_index/resource_index/parent_prefix_path/ros2_socketcan_msgs
[0.830s] -- Up-to-date: /home/pham/ultrasonic/install/ros2_socketcan_msgs/share/ros2_socketcan_msgs/environment/ament_prefix_path.sh
[0.831s] -- Up-to-date: /home/pham/ultrasonic/install/ros2_socketcan_msgs/share/ros2_socketcan_msgs/environment/ament_prefix_path.dsv
[0.831s] -- Up-to-date: /home/pham/ultrasonic/install/ros2_socketcan_msgs/share/ros2_socketcan_msgs/environment/path.sh
[0.831s] -- Up-to-date: /home/pham/ultrasonic/install/ros2_socketcan_msgs/share/ros2_socketcan_msgs/environment/path.dsv
[0.831s] -- Up-to-date: /home/pham/ultrasonic/install/ros2_socketcan_msgs/share/ros2_socketcan_msgs/local_setup.bash
[0.831s] -- Up-to-date: /home/pham/ultrasonic/install/ros2_socketcan_msgs/share/ros2_socketcan_msgs/local_setup.sh
[0.832s] -- Up-to-date: /home/pham/ultrasonic/install/ros2_socketcan_msgs/share/ros2_socketcan_msgs/local_setup.zsh
[0.832s] -- Up-to-date: /home/pham/ultrasonic/install/ros2_socketcan_msgs/share/ros2_socketcan_msgs/local_setup.dsv
[0.832s] -- Installing: /home/pham/ultrasonic/install/ros2_socketcan_msgs/share/ros2_socketcan_msgs/package.dsv
[0.832s] -- Up-to-date: /home/pham/ultrasonic/install/ros2_socketcan_msgs/share/ament_index/resource_index/packages/ros2_socketcan_msgs
[0.832s] -- Up-to-date: /home/pham/ultrasonic/install/ros2_socketcan_msgs/share/ros2_socketcan_msgs/cmake/export_ros2_socketcan_msgs__rosidl_generator_cExport.cmake
[0.832s] -- Up-to-date: /home/pham/ultrasonic/install/ros2_socketcan_msgs/share/ros2_socketcan_msgs/cmake/export_ros2_socketcan_msgs__rosidl_generator_cExport-noconfig.cmake
[0.832s] -- Up-to-date: /home/pham/ultrasonic/install/ros2_socketcan_msgs/share/ros2_socketcan_msgs/cmake/export_ros2_socketcan_msgs__rosidl_typesupport_fastrtps_cExport.cmake
[0.832s] -- Up-to-date: /home/pham/ultrasonic/install/ros2_socketcan_msgs/share/ros2_socketcan_msgs/cmake/export_ros2_socketcan_msgs__rosidl_typesupport_fastrtps_cExport-noconfig.cmake
[0.833s] -- Up-to-date: /home/pham/ultrasonic/install/ros2_socketcan_msgs/share/ros2_socketcan_msgs/cmake/ros2_socketcan_msgs__rosidl_typesupport_introspection_cExport.cmake
[0.833s] -- Up-to-date: /home/pham/ultrasonic/install/ros2_socketcan_msgs/share/ros2_socketcan_msgs/cmake/ros2_socketcan_msgs__rosidl_typesupport_introspection_cExport-noconfig.cmake
[0.833s] -- Up-to-date: /home/pham/ultrasonic/install/ros2_socketcan_msgs/share/ros2_socketcan_msgs/cmake/ros2_socketcan_msgs__rosidl_typesupport_cExport.cmake
[0.833s] -- Up-to-date: /home/pham/ultrasonic/install/ros2_socketcan_msgs/share/ros2_socketcan_msgs/cmake/ros2_socketcan_msgs__rosidl_typesupport_cExport-noconfig.cmake
[0.833s] -- Up-to-date: /home/pham/ultrasonic/install/ros2_socketcan_msgs/share/ros2_socketcan_msgs/cmake/export_ros2_socketcan_msgs__rosidl_generator_cppExport.cmake
[0.834s] -- Up-to-date: /home/pham/ultrasonic/install/ros2_socketcan_msgs/share/ros2_socketcan_msgs/cmake/export_ros2_socketcan_msgs__rosidl_typesupport_fastrtps_cppExport.cmake
[0.834s] -- Up-to-date: /home/pham/ultrasonic/install/ros2_socketcan_msgs/share/ros2_socketcan_msgs/cmake/export_ros2_socketcan_msgs__rosidl_typesupport_fastrtps_cppExport-noconfig.cmake
[0.834s] -- Up-to-date: /home/pham/ultrasonic/install/ros2_socketcan_msgs/share/ros2_socketcan_msgs/cmake/ros2_socketcan_msgs__rosidl_typesupport_introspection_cppExport.cmake
[0.834s] -- Up-to-date: /home/pham/ultrasonic/install/ros2_socketcan_msgs/share/ros2_socketcan_msgs/cmake/ros2_socketcan_msgs__rosidl_typesupport_introspection_cppExport-noconfig.cmake
[0.834s] -- Up-to-date: /home/pham/ultrasonic/install/ros2_socketcan_msgs/share/ros2_socketcan_msgs/cmake/ros2_socketcan_msgs__rosidl_typesupport_cppExport.cmake
[0.834s] -- Up-to-date: /home/pham/ultrasonic/install/ros2_socketcan_msgs/share/ros2_socketcan_msgs/cmake/ros2_socketcan_msgs__rosidl_typesupport_cppExport-noconfig.cmake
[0.835s] -- Up-to-date: /home/pham/ultrasonic/install/ros2_socketcan_msgs/share/ros2_socketcan_msgs/cmake/export_ros2_socketcan_msgs__rosidl_generator_pyExport.cmake
[0.835s] -- Up-to-date: /home/pham/ultrasonic/install/ros2_socketcan_msgs/share/ros2_socketcan_msgs/cmake/export_ros2_socketcan_msgs__rosidl_generator_pyExport-noconfig.cmake
[0.835s] -- Up-to-date: /home/pham/ultrasonic/install/ros2_socketcan_msgs/share/ros2_socketcan_msgs/cmake/rosidl_cmake-extras.cmake
[0.835s] -- Up-to-date: /home/pham/ultrasonic/install/ros2_socketcan_msgs/share/ros2_socketcan_msgs/cmake/ament_cmake_export_dependencies-extras.cmake
[0.835s] -- Up-to-date: /home/pham/ultrasonic/install/ros2_socketcan_msgs/share/ros2_socketcan_msgs/cmake/ament_cmake_export_include_directories-extras.cmake
[0.835s] -- Up-to-date: /home/pham/ultrasonic/install/ros2_socketcan_msgs/share/ros2_socketcan_msgs/cmake/ament_cmake_export_libraries-extras.cmake
[0.835s] -- Up-to-date: /home/pham/ultrasonic/install/ros2_socketcan_msgs/share/ros2_socketcan_msgs/cmake/ament_cmake_export_targets-extras.cmake
[0.835s] -- Up-to-date: /home/pham/ultrasonic/install/ros2_socketcan_msgs/share/ros2_socketcan_msgs/cmake/rosidl_cmake_export_typesupport_targets-extras.cmake
[0.835s] -- Up-to-date: /home/pham/ultrasonic/install/ros2_socketcan_msgs/share/ros2_socketcan_msgs/cmake/rosidl_cmake_export_typesupport_libraries-extras.cmake
[0.835s] -- Up-to-date: /home/pham/ultrasonic/install/ros2_socketcan_msgs/share/ros2_socketcan_msgs/cmake/ros2_socketcan_msgsConfig.cmake
[0.835s] -- Up-to-date: /home/pham/ultrasonic/install/ros2_socketcan_msgs/share/ros2_socketcan_msgs/cmake/ros2_socketcan_msgsConfig-version.cmake
[0.835s] -- Up-to-date: /home/pham/ultrasonic/install/ros2_socketcan_msgs/share/ros2_socketcan_msgs/package.xml
[0.841s] Invoked command in '/home/pham/ultrasonic/build/ros2_socketcan_msgs' returned '0': CMAKE_PREFIX_PATH=/opt/ros/humble /usr/bin/cmake --install /home/pham/ultrasonic/build/ros2_socketcan_msgs
