[0.306s] DEBUG:colcon:Command line arguments: ['/usr/bin/colcon', 'build']
[0.306s] DEBUG:colcon:Parsed command line arguments: Namespace(log_base=None, log_level=None, verb_name='build', build_base='build', install_base='install', merge_install=False, symlink_install=False, test_result_base=None, continue_on_error=False, executor='parallel', parallel_workers=4, event_handlers=None, ignore_user_meta=False, metas=['./colcon.meta'], base_paths=['.'], packages_ignore=None, packages_ignore_regex=None, paths=None, packages_up_to=None, packages_up_to_regex=None, packages_above=None, packages_above_and_dependencies=None, packages_above_depth=None, packages_select_by_dep=None, packages_skip_by_dep=None, packages_skip_up_to=None, packages_select_build_failed=False, packages_skip_build_finished=False, packages_select_test_failures=False, packages_skip_test_passed=False, packages_select=None, packages_skip=None, packages_select_regex=None, packages_skip_regex=None, packages_start=None, packages_end=None, allow_overriding=[], cmake_args=None, cmake_target=None, cmake_target_skip_unavailable=False, cmake_clean_cache=False, cmake_clean_first=False, cmake_force_configure=False, ament_cmake_args=None, catkin_cmake_args=None, catkin_skip_building_tests=False, verb_parser=<colcon_defaults.argument_parser.defaults.DefaultArgumentsDecorator object at 0x7f5333e2f7c0>, verb_extension=<colcon_core.verb.build.BuildVerb object at 0x7f5334667520>, main=<bound method BuildVerb.main of <colcon_core.verb.build.BuildVerb object at 0x7f5334667520>>)
[0.340s] Level 1:colcon.colcon_core.package_discovery:discover_packages(colcon_meta) check parameters
[0.341s] Level 1:colcon.colcon_core.package_discovery:discover_packages(recursive) check parameters
[0.341s] Level 1:colcon.colcon_core.package_discovery:discover_packages(ignore) check parameters
[0.341s] Level 1:colcon.colcon_core.package_discovery:discover_packages(path) check parameters
[0.341s] Level 1:colcon.colcon_core.package_discovery:discover_packages(colcon_meta) discover
[0.341s] Level 1:colcon.colcon_core.package_discovery:discover_packages(recursive) discover
[0.341s] INFO:colcon.colcon_core.package_discovery:Crawling recursively for packages in '/home/pham/ultrasonic'
[0.341s] Level 1:colcon.colcon_core.package_identification:_identify(.) by extensions ['ignore', 'ignore_ament_install']
[0.341s] Level 1:colcon.colcon_core.package_identification:_identify(.) by extension 'ignore'
[0.341s] Level 1:colcon.colcon_core.package_identification:_identify(.) by extension 'ignore_ament_install'
[0.341s] Level 1:colcon.colcon_core.package_identification:_identify(.) by extensions ['colcon_pkg']
[0.341s] Level 1:colcon.colcon_core.package_identification:_identify(.) by extension 'colcon_pkg'
[0.341s] Level 1:colcon.colcon_core.package_identification:_identify(.) by extensions ['colcon_meta']
[0.341s] Level 1:colcon.colcon_core.package_identification:_identify(.) by extension 'colcon_meta'
[0.341s] Level 1:colcon.colcon_core.package_identification:_identify(.) by extensions ['ros']
[0.341s] Level 1:colcon.colcon_core.package_identification:_identify(.) by extension 'ros'
[0.351s] Level 1:colcon.colcon_core.package_identification:_identify(.) by extensions ['cmake', 'python']
[0.351s] Level 1:colcon.colcon_core.package_identification:_identify(.) by extension 'cmake'
[0.351s] Level 1:colcon.colcon_core.package_identification:_identify(.) by extension 'python'
[0.351s] Level 1:colcon.colcon_core.package_identification:_identify(.) by extensions ['python_setup_py']
[0.351s] Level 1:colcon.colcon_core.package_identification:_identify(.) by extension 'python_setup_py'
[0.351s] Level 1:colcon.colcon_core.package_identification:_identify(build) by extensions ['ignore', 'ignore_ament_install']
[0.352s] Level 1:colcon.colcon_core.package_identification:_identify(build) by extension 'ignore'
[0.352s] Level 1:colcon.colcon_core.package_identification:_identify(build) ignored
[0.352s] Level 1:colcon.colcon_core.package_identification:_identify(install) by extensions ['ignore', 'ignore_ament_install']
[0.352s] Level 1:colcon.colcon_core.package_identification:_identify(install) by extension 'ignore'
[0.352s] Level 1:colcon.colcon_core.package_identification:_identify(install) ignored
[0.352s] Level 1:colcon.colcon_core.package_identification:_identify(log) by extensions ['ignore', 'ignore_ament_install']
[0.352s] Level 1:colcon.colcon_core.package_identification:_identify(log) by extension 'ignore'
[0.352s] Level 1:colcon.colcon_core.package_identification:_identify(log) ignored
[0.352s] Level 1:colcon.colcon_core.package_identification:_identify(src) by extensions ['ignore', 'ignore_ament_install']
[0.352s] Level 1:colcon.colcon_core.package_identification:_identify(src) by extension 'ignore'
[0.352s] Level 1:colcon.colcon_core.package_identification:_identify(src) by extension 'ignore_ament_install'
[0.352s] Level 1:colcon.colcon_core.package_identification:_identify(src) by extensions ['colcon_pkg']
[0.352s] Level 1:colcon.colcon_core.package_identification:_identify(src) by extension 'colcon_pkg'
[0.352s] Level 1:colcon.colcon_core.package_identification:_identify(src) by extensions ['colcon_meta']
[0.352s] Level 1:colcon.colcon_core.package_identification:_identify(src) by extension 'colcon_meta'
[0.352s] Level 1:colcon.colcon_core.package_identification:_identify(src) by extensions ['ros']
[0.352s] Level 1:colcon.colcon_core.package_identification:_identify(src) by extension 'ros'
[0.352s] Level 1:colcon.colcon_core.package_identification:_identify(src) by extensions ['cmake', 'python']
[0.353s] Level 1:colcon.colcon_core.package_identification:_identify(src) by extension 'cmake'
[0.353s] Level 1:colcon.colcon_core.package_identification:_identify(src) by extension 'python'
[0.353s] Level 1:colcon.colcon_core.package_identification:_identify(src) by extensions ['python_setup_py']
[0.353s] Level 1:colcon.colcon_core.package_identification:_identify(src) by extension 'python_setup_py'
[0.353s] Level 1:colcon.colcon_core.package_identification:_identify(src/ros2_socketcan) by extensions ['ignore', 'ignore_ament_install']
[0.353s] Level 1:colcon.colcon_core.package_identification:_identify(src/ros2_socketcan) by extension 'ignore'
[0.353s] Level 1:colcon.colcon_core.package_identification:_identify(src/ros2_socketcan) by extension 'ignore_ament_install'
[0.353s] Level 1:colcon.colcon_core.package_identification:_identify(src/ros2_socketcan) by extensions ['colcon_pkg']
[0.353s] Level 1:colcon.colcon_core.package_identification:_identify(src/ros2_socketcan) by extension 'colcon_pkg'
[0.353s] Level 1:colcon.colcon_core.package_identification:_identify(src/ros2_socketcan) by extensions ['colcon_meta']
[0.353s] Level 1:colcon.colcon_core.package_identification:_identify(src/ros2_socketcan) by extension 'colcon_meta'
[0.353s] Level 1:colcon.colcon_core.package_identification:_identify(src/ros2_socketcan) by extensions ['ros']
[0.353s] Level 1:colcon.colcon_core.package_identification:_identify(src/ros2_socketcan) by extension 'ros'
[0.353s] Level 1:colcon.colcon_core.package_identification:_identify(src/ros2_socketcan) by extensions ['cmake', 'python']
[0.353s] Level 1:colcon.colcon_core.package_identification:_identify(src/ros2_socketcan) by extension 'cmake'
[0.353s] Level 1:colcon.colcon_core.package_identification:_identify(src/ros2_socketcan) by extension 'python'
[0.353s] Level 1:colcon.colcon_core.package_identification:_identify(src/ros2_socketcan) by extensions ['python_setup_py']
[0.353s] Level 1:colcon.colcon_core.package_identification:_identify(src/ros2_socketcan) by extension 'python_setup_py'
[0.353s] Level 1:colcon.colcon_core.package_identification:_identify(src/ros2_socketcan/ros2_socketcan) by extensions ['ignore', 'ignore_ament_install']
[0.353s] Level 1:colcon.colcon_core.package_identification:_identify(src/ros2_socketcan/ros2_socketcan) by extension 'ignore'
[0.353s] Level 1:colcon.colcon_core.package_identification:_identify(src/ros2_socketcan/ros2_socketcan) by extension 'ignore_ament_install'
[0.353s] Level 1:colcon.colcon_core.package_identification:_identify(src/ros2_socketcan/ros2_socketcan) by extensions ['colcon_pkg']
[0.353s] Level 1:colcon.colcon_core.package_identification:_identify(src/ros2_socketcan/ros2_socketcan) by extension 'colcon_pkg'
[0.353s] Level 1:colcon.colcon_core.package_identification:_identify(src/ros2_socketcan/ros2_socketcan) by extensions ['colcon_meta']
[0.353s] Level 1:colcon.colcon_core.package_identification:_identify(src/ros2_socketcan/ros2_socketcan) by extension 'colcon_meta'
[0.353s] Level 1:colcon.colcon_core.package_identification:_identify(src/ros2_socketcan/ros2_socketcan) by extensions ['ros']
[0.353s] Level 1:colcon.colcon_core.package_identification:_identify(src/ros2_socketcan/ros2_socketcan) by extension 'ros'
[0.356s] DEBUG:colcon.colcon_core.package_identification:Package 'src/ros2_socketcan/ros2_socketcan' with type 'ros.ament_cmake' and name 'ros2_socketcan'
[0.356s] Level 1:colcon.colcon_core.package_identification:_identify(src/ros2_socketcan/ros2_socketcan_msgs) by extensions ['ignore', 'ignore_ament_install']
[0.356s] Level 1:colcon.colcon_core.package_identification:_identify(src/ros2_socketcan/ros2_socketcan_msgs) by extension 'ignore'
[0.356s] Level 1:colcon.colcon_core.package_identification:_identify(src/ros2_socketcan/ros2_socketcan_msgs) by extension 'ignore_ament_install'
[0.356s] Level 1:colcon.colcon_core.package_identification:_identify(src/ros2_socketcan/ros2_socketcan_msgs) by extensions ['colcon_pkg']
[0.356s] Level 1:colcon.colcon_core.package_identification:_identify(src/ros2_socketcan/ros2_socketcan_msgs) by extension 'colcon_pkg'
[0.356s] Level 1:colcon.colcon_core.package_identification:_identify(src/ros2_socketcan/ros2_socketcan_msgs) by extensions ['colcon_meta']
[0.356s] Level 1:colcon.colcon_core.package_identification:_identify(src/ros2_socketcan/ros2_socketcan_msgs) by extension 'colcon_meta'
[0.356s] Level 1:colcon.colcon_core.package_identification:_identify(src/ros2_socketcan/ros2_socketcan_msgs) by extensions ['ros']
[0.356s] Level 1:colcon.colcon_core.package_identification:_identify(src/ros2_socketcan/ros2_socketcan_msgs) by extension 'ros'
[0.357s] DEBUG:colcon.colcon_core.package_identification:Package 'src/ros2_socketcan/ros2_socketcan_msgs' with type 'ros.ament_cmake' and name 'ros2_socketcan_msgs'
[0.357s] Level 1:colcon.colcon_core.package_identification:_identify(src/ultrasonic) by extensions ['ignore', 'ignore_ament_install']
[0.357s] Level 1:colcon.colcon_core.package_identification:_identify(src/ultrasonic) by extension 'ignore'
[0.357s] Level 1:colcon.colcon_core.package_identification:_identify(src/ultrasonic) by extension 'ignore_ament_install'
[0.357s] Level 1:colcon.colcon_core.package_identification:_identify(src/ultrasonic) by extensions ['colcon_pkg']
[0.357s] Level 1:colcon.colcon_core.package_identification:_identify(src/ultrasonic) by extension 'colcon_pkg'
[0.357s] Level 1:colcon.colcon_core.package_identification:_identify(src/ultrasonic) by extensions ['colcon_meta']
[0.357s] Level 1:colcon.colcon_core.package_identification:_identify(src/ultrasonic) by extension 'colcon_meta'
[0.357s] Level 1:colcon.colcon_core.package_identification:_identify(src/ultrasonic) by extensions ['ros']
[0.357s] Level 1:colcon.colcon_core.package_identification:_identify(src/ultrasonic) by extension 'ros'
[0.358s] DEBUG:colcon.colcon_core.package_identification:Package 'src/ultrasonic' with type 'ros.ament_python' and name 'ultrasonic'
[0.358s] Level 1:colcon.colcon_core.package_discovery:discover_packages(recursive) using defaults
[0.358s] Level 1:colcon.colcon_core.package_discovery:discover_packages(ignore) discover
[0.358s] Level 1:colcon.colcon_core.package_discovery:discover_packages(ignore) using defaults
[0.358s] Level 1:colcon.colcon_core.package_discovery:discover_packages(path) discover
[0.358s] Level 1:colcon.colcon_core.package_discovery:discover_packages(path) using defaults
[0.377s] Level 1:colcon.colcon_core.package_discovery:discover_packages(prefix_path) check parameters
[0.378s] Level 1:colcon.colcon_core.package_discovery:discover_packages(prefix_path) discover
[0.379s] DEBUG:colcon.colcon_installed_package_information.package_discovery:Found 3 installed packages in /home/pham/ultrasonic/install
[0.381s] DEBUG:colcon.colcon_installed_package_information.package_discovery:Found 299 installed packages in /opt/ros/humble
[0.382s] Level 1:colcon.colcon_core.package_discovery:discover_packages(prefix_path) using defaults
[0.546s] Level 5:colcon.colcon_core.verb:set package 'ros2_socketcan_msgs' build argument 'cmake_args' from command line to 'None'
[0.546s] Level 5:colcon.colcon_core.verb:set package 'ros2_socketcan_msgs' build argument 'cmake_target' from command line to 'None'
[0.546s] Level 5:colcon.colcon_core.verb:set package 'ros2_socketcan_msgs' build argument 'cmake_target_skip_unavailable' from command line to 'False'
[0.546s] Level 5:colcon.colcon_core.verb:set package 'ros2_socketcan_msgs' build argument 'cmake_clean_cache' from command line to 'False'
[0.546s] Level 5:colcon.colcon_core.verb:set package 'ros2_socketcan_msgs' build argument 'cmake_clean_first' from command line to 'False'
[0.546s] Level 5:colcon.colcon_core.verb:set package 'ros2_socketcan_msgs' build argument 'cmake_force_configure' from command line to 'False'
[0.546s] Level 5:colcon.colcon_core.verb:set package 'ros2_socketcan_msgs' build argument 'ament_cmake_args' from command line to 'None'
[0.546s] Level 5:colcon.colcon_core.verb:set package 'ros2_socketcan_msgs' build argument 'catkin_cmake_args' from command line to 'None'
[0.546s] Level 5:colcon.colcon_core.verb:set package 'ros2_socketcan_msgs' build argument 'catkin_skip_building_tests' from command line to 'False'
[0.546s] DEBUG:colcon.colcon_core.verb:Building package 'ros2_socketcan_msgs' with the following arguments: {'ament_cmake_args': None, 'build_base': '/home/pham/ultrasonic/build/ros2_socketcan_msgs', 'catkin_cmake_args': None, 'catkin_skip_building_tests': False, 'cmake_args': None, 'cmake_clean_cache': False, 'cmake_clean_first': False, 'cmake_force_configure': False, 'cmake_target': None, 'cmake_target_skip_unavailable': False, 'install_base': '/home/pham/ultrasonic/install/ros2_socketcan_msgs', 'merge_install': False, 'path': '/home/pham/ultrasonic/src/ros2_socketcan/ros2_socketcan_msgs', 'symlink_install': False, 'test_result_base': None}
[0.547s] Level 5:colcon.colcon_core.verb:set package 'ultrasonic' build argument 'cmake_args' from command line to 'None'
[0.547s] Level 5:colcon.colcon_core.verb:set package 'ultrasonic' build argument 'cmake_target' from command line to 'None'
[0.547s] Level 5:colcon.colcon_core.verb:set package 'ultrasonic' build argument 'cmake_target_skip_unavailable' from command line to 'False'
[0.547s] Level 5:colcon.colcon_core.verb:set package 'ultrasonic' build argument 'cmake_clean_cache' from command line to 'False'
[0.547s] Level 5:colcon.colcon_core.verb:set package 'ultrasonic' build argument 'cmake_clean_first' from command line to 'False'
[0.547s] Level 5:colcon.colcon_core.verb:set package 'ultrasonic' build argument 'cmake_force_configure' from command line to 'False'
[0.547s] Level 5:colcon.colcon_core.verb:set package 'ultrasonic' build argument 'ament_cmake_args' from command line to 'None'
[0.547s] Level 5:colcon.colcon_core.verb:set package 'ultrasonic' build argument 'catkin_cmake_args' from command line to 'None'
[0.547s] Level 5:colcon.colcon_core.verb:set package 'ultrasonic' build argument 'catkin_skip_building_tests' from command line to 'False'
[0.547s] DEBUG:colcon.colcon_core.verb:Building package 'ultrasonic' with the following arguments: {'ament_cmake_args': None, 'build_base': '/home/pham/ultrasonic/build/ultrasonic', 'catkin_cmake_args': None, 'catkin_skip_building_tests': False, 'cmake_args': None, 'cmake_clean_cache': False, 'cmake_clean_first': False, 'cmake_force_configure': False, 'cmake_target': None, 'cmake_target_skip_unavailable': False, 'install_base': '/home/pham/ultrasonic/install/ultrasonic', 'merge_install': False, 'path': '/home/pham/ultrasonic/src/ultrasonic', 'symlink_install': False, 'test_result_base': None}
[0.548s] Level 5:colcon.colcon_core.verb:set package 'ros2_socketcan' build argument 'cmake_args' from command line to 'None'
[0.548s] Level 5:colcon.colcon_core.verb:set package 'ros2_socketcan' build argument 'cmake_target' from command line to 'None'
[0.548s] Level 5:colcon.colcon_core.verb:set package 'ros2_socketcan' build argument 'cmake_target_skip_unavailable' from command line to 'False'
[0.548s] Level 5:colcon.colcon_core.verb:set package 'ros2_socketcan' build argument 'cmake_clean_cache' from command line to 'False'
[0.548s] Level 5:colcon.colcon_core.verb:set package 'ros2_socketcan' build argument 'cmake_clean_first' from command line to 'False'
[0.548s] Level 5:colcon.colcon_core.verb:set package 'ros2_socketcan' build argument 'cmake_force_configure' from command line to 'False'
[0.548s] Level 5:colcon.colcon_core.verb:set package 'ros2_socketcan' build argument 'ament_cmake_args' from command line to 'None'
[0.548s] Level 5:colcon.colcon_core.verb:set package 'ros2_socketcan' build argument 'catkin_cmake_args' from command line to 'None'
[0.548s] Level 5:colcon.colcon_core.verb:set package 'ros2_socketcan' build argument 'catkin_skip_building_tests' from command line to 'False'
[0.548s] DEBUG:colcon.colcon_core.verb:Building package 'ros2_socketcan' with the following arguments: {'ament_cmake_args': None, 'build_base': '/home/pham/ultrasonic/build/ros2_socketcan', 'catkin_cmake_args': None, 'catkin_skip_building_tests': False, 'cmake_args': None, 'cmake_clean_cache': False, 'cmake_clean_first': False, 'cmake_force_configure': False, 'cmake_target': None, 'cmake_target_skip_unavailable': False, 'install_base': '/home/pham/ultrasonic/install/ros2_socketcan', 'merge_install': False, 'path': '/home/pham/ultrasonic/src/ros2_socketcan/ros2_socketcan', 'symlink_install': False, 'test_result_base': None}
[0.549s] INFO:colcon.colcon_core.executor:Executing jobs using 'parallel' executor
[0.553s] DEBUG:colcon.colcon_parallel_executor.executor.parallel:run_until_complete
[0.553s] INFO:colcon.colcon_ros.task.ament_cmake.build:Building ROS package in '/home/pham/ultrasonic/src/ros2_socketcan/ros2_socketcan_msgs' with build type 'ament_cmake'
[0.553s] INFO:colcon.colcon_cmake.task.cmake.build:Building CMake package in '/home/pham/ultrasonic/src/ros2_socketcan/ros2_socketcan_msgs'
[0.559s] INFO:colcon.colcon_core.plugin_system:Skipping extension 'colcon_core.shell.bat': Not used on non-Windows systems
[0.559s] INFO:colcon.colcon_core.shell:Skip shell extension 'powershell' for command environment: Not usable outside of PowerShell
[0.559s] DEBUG:colcon.colcon_core.shell:Skip shell extension 'dsv' for command environment
[0.567s] INFO:colcon.colcon_ros.task.ament_python.build:Building ROS package in '/home/pham/ultrasonic/src/ultrasonic' with build type 'ament_python'
[0.568s] Level 1:colcon.colcon_core.shell:create_environment_hook('ultrasonic', 'ament_prefix_path')
[0.569s] INFO:colcon.colcon_core.shell:Creating environment hook '/home/pham/ultrasonic/install/ultrasonic/share/ultrasonic/hook/ament_prefix_path.ps1'
[0.570s] INFO:colcon.colcon_core.shell:Creating environment descriptor '/home/pham/ultrasonic/install/ultrasonic/share/ultrasonic/hook/ament_prefix_path.dsv'
[0.570s] INFO:colcon.colcon_core.shell:Creating environment hook '/home/pham/ultrasonic/install/ultrasonic/share/ultrasonic/hook/ament_prefix_path.sh'
[0.575s] INFO:colcon.colcon_core.shell:Skip shell extension 'powershell' for command environment: Not usable outside of PowerShell
[0.575s] DEBUG:colcon.colcon_core.shell:Skip shell extension 'dsv' for command environment
[0.596s] DEBUG:colcon.colcon_core.event_handler.log_command:Invoking command in '/home/pham/ultrasonic/build/ros2_socketcan_msgs': CMAKE_PREFIX_PATH=${CMAKE_PREFIX_PATH}:/home/pham/ultrasonic/install/ultrasonic:/opt/ros/humble /usr/bin/cmake --build /home/pham/ultrasonic/build/ros2_socketcan_msgs -- -j4 -l4
[0.889s] INFO:colcon.colcon_core.task.python.build:Building Python package in '/home/pham/ultrasonic/src/ultrasonic'
[0.891s] INFO:colcon.colcon_core.shell:Skip shell extension 'powershell' for command environment: Not usable outside of PowerShell
[0.891s] DEBUG:colcon.colcon_core.shell:Skip shell extension 'dsv' for command environment
[1.131s] DEBUG:colcon.colcon_core.event_handler.log_command:Invoked command in '/home/pham/ultrasonic/build/ros2_socketcan_msgs' returned '0': CMAKE_PREFIX_PATH=${CMAKE_PREFIX_PATH}:/home/pham/ultrasonic/install/ultrasonic:/opt/ros/humble /usr/bin/cmake --build /home/pham/ultrasonic/build/ros2_socketcan_msgs -- -j4 -l4
[1.265s] DEBUG:colcon.colcon_core.event_handler.log_command:Invoking command in '/home/pham/ultrasonic/src/ultrasonic': PYTHONPATH=/home/pham/ultrasonic/build/ultrasonic/prefix_override:/home/pham/ultrasonic/install/ultrasonic/lib/python3.10/site-packages:${PYTHONPATH} /usr/bin/python3 setup.py egg_info --egg-base ../../build/ultrasonic build --build-base /home/pham/ultrasonic/build/ultrasonic/build install --record /home/pham/ultrasonic/build/ultrasonic/install.log --single-version-externally-managed
[1.332s] DEBUG:colcon.colcon_core.event_handler.log_command:Invoking command in '/home/pham/ultrasonic/build/ros2_socketcan_msgs': CMAKE_PREFIX_PATH=${CMAKE_PREFIX_PATH}:/home/pham/ultrasonic/install/ultrasonic:/opt/ros/humble /usr/bin/cmake --install /home/pham/ultrasonic/build/ros2_socketcan_msgs
[1.398s] Level 1:colcon.colcon_core.environment:create_environment_scripts_only(ros2_socketcan_msgs)
[1.399s] DEBUG:colcon.colcon_core.event_handler.log_command:Invoked command in '/home/pham/ultrasonic/build/ros2_socketcan_msgs' returned '0': CMAKE_PREFIX_PATH=${CMAKE_PREFIX_PATH}:/home/pham/ultrasonic/install/ultrasonic:/opt/ros/humble /usr/bin/cmake --install /home/pham/ultrasonic/build/ros2_socketcan_msgs
[1.403s] Level 1:colcon.colcon_core.environment:checking '/home/pham/ultrasonic/install/ros2_socketcan_msgs' for CMake module files
[1.403s] Level 1:colcon.colcon_core.environment:checking '/home/pham/ultrasonic/install/ros2_socketcan_msgs' for CMake config files
[1.403s] Level 1:colcon.colcon_core.shell:create_environment_hook('ros2_socketcan_msgs', 'cmake_prefix_path')
[1.404s] INFO:colcon.colcon_core.shell:Creating environment hook '/home/pham/ultrasonic/install/ros2_socketcan_msgs/share/ros2_socketcan_msgs/hook/cmake_prefix_path.ps1'
[1.405s] INFO:colcon.colcon_core.shell:Creating environment descriptor '/home/pham/ultrasonic/install/ros2_socketcan_msgs/share/ros2_socketcan_msgs/hook/cmake_prefix_path.dsv'
[1.406s] INFO:colcon.colcon_core.shell:Creating environment hook '/home/pham/ultrasonic/install/ros2_socketcan_msgs/share/ros2_socketcan_msgs/hook/cmake_prefix_path.sh'
[1.407s] Level 1:colcon.colcon_core.environment:checking '/home/pham/ultrasonic/install/ros2_socketcan_msgs/lib'
[1.407s] Level 1:colcon.colcon_core.shell:create_environment_hook('ros2_socketcan_msgs', 'ld_library_path_lib')
[1.408s] INFO:colcon.colcon_core.shell:Creating environment hook '/home/pham/ultrasonic/install/ros2_socketcan_msgs/share/ros2_socketcan_msgs/hook/ld_library_path_lib.ps1'
[1.409s] INFO:colcon.colcon_core.shell:Creating environment descriptor '/home/pham/ultrasonic/install/ros2_socketcan_msgs/share/ros2_socketcan_msgs/hook/ld_library_path_lib.dsv'
[1.410s] INFO:colcon.colcon_core.shell:Creating environment hook '/home/pham/ultrasonic/install/ros2_socketcan_msgs/share/ros2_socketcan_msgs/hook/ld_library_path_lib.sh'
[1.410s] Level 1:colcon.colcon_core.environment:checking '/home/pham/ultrasonic/install/ros2_socketcan_msgs/bin'
[1.410s] Level 1:colcon.colcon_core.environment:checking '/home/pham/ultrasonic/install/ros2_socketcan_msgs/lib/pkgconfig/ros2_socketcan_msgs.pc'
[1.411s] Level 1:colcon.colcon_core.environment:checking '/home/pham/ultrasonic/install/ros2_socketcan_msgs/lib/python3.10/site-packages'
[1.411s] Level 1:colcon.colcon_core.environment:checking '/home/pham/ultrasonic/install/ros2_socketcan_msgs/bin'
[1.412s] INFO:colcon.colcon_core.shell:Creating package script '/home/pham/ultrasonic/install/ros2_socketcan_msgs/share/ros2_socketcan_msgs/package.ps1'
[1.413s] INFO:colcon.colcon_core.shell:Creating package descriptor '/home/pham/ultrasonic/install/ros2_socketcan_msgs/share/ros2_socketcan_msgs/package.dsv'
[1.414s] INFO:colcon.colcon_core.shell:Creating package script '/home/pham/ultrasonic/install/ros2_socketcan_msgs/share/ros2_socketcan_msgs/package.sh'
[1.415s] INFO:colcon.colcon_core.shell:Creating package script '/home/pham/ultrasonic/install/ros2_socketcan_msgs/share/ros2_socketcan_msgs/package.bash'
[1.416s] INFO:colcon.colcon_core.shell:Creating package script '/home/pham/ultrasonic/install/ros2_socketcan_msgs/share/ros2_socketcan_msgs/package.zsh'
[1.417s] Level 1:colcon.colcon_core.environment:create_file_with_runtime_dependencies(/home/pham/ultrasonic/install/ros2_socketcan_msgs/share/colcon-core/packages/ros2_socketcan_msgs)
[1.604s] Level 1:colcon.colcon_core.environment:checking '/home/pham/ultrasonic/install/ultrasonic' for CMake module files
[1.606s] DEBUG:colcon.colcon_core.event_handler.log_command:Invoked command in '/home/pham/ultrasonic/src/ultrasonic' returned '0': PYTHONPATH=/home/pham/ultrasonic/build/ultrasonic/prefix_override:/home/pham/ultrasonic/install/ultrasonic/lib/python3.10/site-packages:${PYTHONPATH} /usr/bin/python3 setup.py egg_info --egg-base ../../build/ultrasonic build --build-base /home/pham/ultrasonic/build/ultrasonic/build install --record /home/pham/ultrasonic/build/ultrasonic/install.log --single-version-externally-managed
[1.607s] Level 1:colcon.colcon_core.environment:checking '/home/pham/ultrasonic/install/ultrasonic' for CMake config files
[1.607s] Level 1:colcon.colcon_core.environment:checking '/home/pham/ultrasonic/install/ultrasonic/lib'
[1.607s] Level 1:colcon.colcon_core.environment:checking '/home/pham/ultrasonic/install/ultrasonic/bin'
[1.607s] Level 1:colcon.colcon_core.environment:checking '/home/pham/ultrasonic/install/ultrasonic/lib/pkgconfig/ultrasonic.pc'
[1.608s] Level 1:colcon.colcon_core.environment:checking '/home/pham/ultrasonic/install/ultrasonic/lib/python3.10/site-packages'
[1.608s] Level 1:colcon.colcon_core.shell:create_environment_hook('ultrasonic', 'pythonpath')
[1.609s] INFO:colcon.colcon_core.shell:Creating environment hook '/home/pham/ultrasonic/install/ultrasonic/share/ultrasonic/hook/pythonpath.ps1'
[1.610s] INFO:colcon.colcon_core.shell:Creating environment descriptor '/home/pham/ultrasonic/install/ultrasonic/share/ultrasonic/hook/pythonpath.dsv'
[1.610s] INFO:colcon.colcon_core.shell:Creating environment hook '/home/pham/ultrasonic/install/ultrasonic/share/ultrasonic/hook/pythonpath.sh'
[1.611s] Level 1:colcon.colcon_core.environment:checking '/home/pham/ultrasonic/install/ultrasonic/bin'
[1.611s] Level 1:colcon.colcon_core.environment:create_environment_scripts_only(ultrasonic)
[1.612s] INFO:colcon.colcon_core.shell:Creating package script '/home/pham/ultrasonic/install/ultrasonic/share/ultrasonic/package.ps1'
[1.613s] INFO:colcon.colcon_core.shell:Creating package descriptor '/home/pham/ultrasonic/install/ultrasonic/share/ultrasonic/package.dsv'
[1.613s] INFO:colcon.colcon_core.shell:Creating package script '/home/pham/ultrasonic/install/ultrasonic/share/ultrasonic/package.sh'
[1.614s] INFO:colcon.colcon_core.shell:Creating package script '/home/pham/ultrasonic/install/ultrasonic/share/ultrasonic/package.bash'
[1.614s] INFO:colcon.colcon_core.shell:Creating package script '/home/pham/ultrasonic/install/ultrasonic/share/ultrasonic/package.zsh'
[1.615s] Level 1:colcon.colcon_core.environment:create_file_with_runtime_dependencies(/home/pham/ultrasonic/install/ultrasonic/share/colcon-core/packages/ultrasonic)
[1.673s] Level 1:colcon.colcon_core.environment:create_environment_scripts_only(ros2_socketcan_msgs)
[1.676s] Level 1:colcon.colcon_core.environment:checking '/home/pham/ultrasonic/install/ros2_socketcan_msgs' for CMake module files
[1.677s] Level 1:colcon.colcon_core.environment:checking '/home/pham/ultrasonic/install/ros2_socketcan_msgs' for CMake config files
[1.677s] Level 1:colcon.colcon_core.shell:create_environment_hook('ros2_socketcan_msgs', 'cmake_prefix_path')
[1.678s] INFO:colcon.colcon_core.shell:Creating environment hook '/home/pham/ultrasonic/install/ros2_socketcan_msgs/share/ros2_socketcan_msgs/hook/cmake_prefix_path.ps1'
[1.678s] INFO:colcon.colcon_core.shell:Creating environment descriptor '/home/pham/ultrasonic/install/ros2_socketcan_msgs/share/ros2_socketcan_msgs/hook/cmake_prefix_path.dsv'
[1.679s] INFO:colcon.colcon_core.shell:Creating environment hook '/home/pham/ultrasonic/install/ros2_socketcan_msgs/share/ros2_socketcan_msgs/hook/cmake_prefix_path.sh'
[1.680s] Level 1:colcon.colcon_core.environment:checking '/home/pham/ultrasonic/install/ros2_socketcan_msgs/lib'
[1.680s] Level 1:colcon.colcon_core.shell:create_environment_hook('ros2_socketcan_msgs', 'ld_library_path_lib')
[1.681s] INFO:colcon.colcon_core.shell:Creating environment hook '/home/pham/ultrasonic/install/ros2_socketcan_msgs/share/ros2_socketcan_msgs/hook/ld_library_path_lib.ps1'
[1.682s] INFO:colcon.colcon_core.shell:Creating environment descriptor '/home/pham/ultrasonic/install/ros2_socketcan_msgs/share/ros2_socketcan_msgs/hook/ld_library_path_lib.dsv'
[1.683s] INFO:colcon.colcon_core.shell:Creating environment hook '/home/pham/ultrasonic/install/ros2_socketcan_msgs/share/ros2_socketcan_msgs/hook/ld_library_path_lib.sh'
[1.684s] Level 1:colcon.colcon_core.environment:checking '/home/pham/ultrasonic/install/ros2_socketcan_msgs/bin'
[1.684s] Level 1:colcon.colcon_core.environment:checking '/home/pham/ultrasonic/install/ros2_socketcan_msgs/lib/pkgconfig/ros2_socketcan_msgs.pc'
[1.684s] Level 1:colcon.colcon_core.environment:checking '/home/pham/ultrasonic/install/ros2_socketcan_msgs/lib/python3.10/site-packages'
[1.684s] Level 1:colcon.colcon_core.environment:checking '/home/pham/ultrasonic/install/ros2_socketcan_msgs/bin'
[1.686s] INFO:colcon.colcon_core.shell:Creating package script '/home/pham/ultrasonic/install/ros2_socketcan_msgs/share/ros2_socketcan_msgs/package.ps1'
[1.686s] INFO:colcon.colcon_core.shell:Creating package descriptor '/home/pham/ultrasonic/install/ros2_socketcan_msgs/share/ros2_socketcan_msgs/package.dsv'
[1.687s] INFO:colcon.colcon_core.shell:Creating package script '/home/pham/ultrasonic/install/ros2_socketcan_msgs/share/ros2_socketcan_msgs/package.sh'
[1.688s] INFO:colcon.colcon_core.shell:Creating package script '/home/pham/ultrasonic/install/ros2_socketcan_msgs/share/ros2_socketcan_msgs/package.bash'
[1.690s] INFO:colcon.colcon_core.shell:Creating package script '/home/pham/ultrasonic/install/ros2_socketcan_msgs/share/ros2_socketcan_msgs/package.zsh'
[1.690s] Level 1:colcon.colcon_core.environment:create_file_with_runtime_dependencies(/home/pham/ultrasonic/install/ros2_socketcan_msgs/share/colcon-core/packages/ros2_socketcan_msgs)
[1.692s] INFO:colcon.colcon_ros.task.ament_cmake.build:Building ROS package in '/home/pham/ultrasonic/src/ros2_socketcan/ros2_socketcan' with build type 'ament_cmake'
[1.692s] INFO:colcon.colcon_cmake.task.cmake.build:Building CMake package in '/home/pham/ultrasonic/src/ros2_socketcan/ros2_socketcan'
[1.693s] INFO:colcon.colcon_core.shell:Skip shell extension 'powershell' for command environment: Not usable outside of PowerShell
[1.693s] DEBUG:colcon.colcon_core.shell:Skip shell extension 'dsv' for command environment
[1.724s] DEBUG:colcon.colcon_core.event_handler.log_command:Invoking command in '/home/pham/ultrasonic/build/ros2_socketcan': CMAKE_PREFIX_PATH=/home/pham/ultrasonic/install/ros2_socketcan_msgs:/home/pham/ultrasonic/install/ros2_socketcan:/home/pham/ultrasonic/install/ultrasonic:/opt/ros/humble LD_LIBRARY_PATH=/home/pham/ultrasonic/install/ros2_socketcan_msgs/lib:/home/pham/ultrasonic/install/ros2_socketcan/lib:/opt/ros/humble/opt/rviz_ogre_vendor/lib:/opt/ros/humble/lib/x86_64-linux-gnu:/opt/ros/humble/lib /usr/bin/cmake --build /home/pham/ultrasonic/build/ros2_socketcan -- -j4 -l4
[1.962s] DEBUG:colcon.colcon_core.event_handler.log_command:Invoked command in '/home/pham/ultrasonic/build/ros2_socketcan' returned '0': CMAKE_PREFIX_PATH=/home/pham/ultrasonic/install/ros2_socketcan_msgs:/home/pham/ultrasonic/install/ros2_socketcan:/home/pham/ultrasonic/install/ultrasonic:/opt/ros/humble LD_LIBRARY_PATH=/home/pham/ultrasonic/install/ros2_socketcan_msgs/lib:/home/pham/ultrasonic/install/ros2_socketcan/lib:/opt/ros/humble/opt/rviz_ogre_vendor/lib:/opt/ros/humble/lib/x86_64-linux-gnu:/opt/ros/humble/lib /usr/bin/cmake --build /home/pham/ultrasonic/build/ros2_socketcan -- -j4 -l4
[2.261s] DEBUG:colcon.colcon_core.event_handler.log_command:Invoking command in '/home/pham/ultrasonic/build/ros2_socketcan': CMAKE_PREFIX_PATH=/home/pham/ultrasonic/install/ros2_socketcan_msgs:/home/pham/ultrasonic/install/ros2_socketcan:/home/pham/ultrasonic/install/ultrasonic:/opt/ros/humble LD_LIBRARY_PATH=/home/pham/ultrasonic/install/ros2_socketcan_msgs/lib:/home/pham/ultrasonic/install/ros2_socketcan/lib:/opt/ros/humble/opt/rviz_ogre_vendor/lib:/opt/ros/humble/lib/x86_64-linux-gnu:/opt/ros/humble/lib /usr/bin/cmake --install /home/pham/ultrasonic/build/ros2_socketcan
[2.276s] Level 1:colcon.colcon_core.environment:create_environment_scripts_only(ros2_socketcan)
[2.278s] Level 1:colcon.colcon_core.environment:checking '/home/pham/ultrasonic/install/ros2_socketcan' for CMake module files
[2.293s] DEBUG:colcon.colcon_core.event_handler.log_command:Invoked command in '/home/pham/ultrasonic/build/ros2_socketcan' returned '0': CMAKE_PREFIX_PATH=/home/pham/ultrasonic/install/ros2_socketcan_msgs:/home/pham/ultrasonic/install/ros2_socketcan:/home/pham/ultrasonic/install/ultrasonic:/opt/ros/humble LD_LIBRARY_PATH=/home/pham/ultrasonic/install/ros2_socketcan_msgs/lib:/home/pham/ultrasonic/install/ros2_socketcan/lib:/opt/ros/humble/opt/rviz_ogre_vendor/lib:/opt/ros/humble/lib/x86_64-linux-gnu:/opt/ros/humble/lib /usr/bin/cmake --install /home/pham/ultrasonic/build/ros2_socketcan
[2.293s] Level 1:colcon.colcon_core.environment:checking '/home/pham/ultrasonic/install/ros2_socketcan' for CMake config files
[2.293s] Level 1:colcon.colcon_core.shell:create_environment_hook('ros2_socketcan', 'cmake_prefix_path')
[2.295s] INFO:colcon.colcon_core.shell:Creating environment hook '/home/pham/ultrasonic/install/ros2_socketcan/share/ros2_socketcan/hook/cmake_prefix_path.ps1'
[2.310s] INFO:colcon.colcon_core.shell:Creating environment descriptor '/home/pham/ultrasonic/install/ros2_socketcan/share/ros2_socketcan/hook/cmake_prefix_path.dsv'
[2.311s] INFO:colcon.colcon_core.shell:Creating environment hook '/home/pham/ultrasonic/install/ros2_socketcan/share/ros2_socketcan/hook/cmake_prefix_path.sh'
[2.318s] Level 1:colcon.colcon_core.environment:checking '/home/pham/ultrasonic/install/ros2_socketcan/lib'
[2.318s] Level 1:colcon.colcon_core.shell:create_environment_hook('ros2_socketcan', 'ld_library_path_lib')
[2.319s] INFO:colcon.colcon_core.shell:Creating environment hook '/home/pham/ultrasonic/install/ros2_socketcan/share/ros2_socketcan/hook/ld_library_path_lib.ps1'
[2.322s] INFO:colcon.colcon_core.shell:Creating environment descriptor '/home/pham/ultrasonic/install/ros2_socketcan/share/ros2_socketcan/hook/ld_library_path_lib.dsv'
[2.326s] INFO:colcon.colcon_core.shell:Creating environment hook '/home/pham/ultrasonic/install/ros2_socketcan/share/ros2_socketcan/hook/ld_library_path_lib.sh'
[2.328s] Level 1:colcon.colcon_core.environment:checking '/home/pham/ultrasonic/install/ros2_socketcan/bin'
[2.328s] Level 1:colcon.colcon_core.environment:checking '/home/pham/ultrasonic/install/ros2_socketcan/lib/pkgconfig/ros2_socketcan.pc'
[2.328s] Level 1:colcon.colcon_core.environment:checking '/home/pham/ultrasonic/install/ros2_socketcan/lib/python3.10/site-packages'
[2.328s] Level 1:colcon.colcon_core.environment:checking '/home/pham/ultrasonic/install/ros2_socketcan/bin'
[2.330s] INFO:colcon.colcon_core.shell:Creating package script '/home/pham/ultrasonic/install/ros2_socketcan/share/ros2_socketcan/package.ps1'
[2.330s] INFO:colcon.colcon_core.shell:Creating package descriptor '/home/pham/ultrasonic/install/ros2_socketcan/share/ros2_socketcan/package.dsv'
[2.332s] INFO:colcon.colcon_core.shell:Creating package script '/home/pham/ultrasonic/install/ros2_socketcan/share/ros2_socketcan/package.sh'
[2.333s] INFO:colcon.colcon_core.shell:Creating package script '/home/pham/ultrasonic/install/ros2_socketcan/share/ros2_socketcan/package.bash'
[2.333s] INFO:colcon.colcon_core.shell:Creating package script '/home/pham/ultrasonic/install/ros2_socketcan/share/ros2_socketcan/package.zsh'
[2.334s] Level 1:colcon.colcon_core.environment:create_file_with_runtime_dependencies(/home/pham/ultrasonic/install/ros2_socketcan/share/colcon-core/packages/ros2_socketcan)
[2.574s] Level 1:colcon.colcon_core.environment:create_environment_scripts_only(ros2_socketcan)
[2.576s] Level 1:colcon.colcon_core.environment:checking '/home/pham/ultrasonic/install/ros2_socketcan' for CMake module files
[2.577s] Level 1:colcon.colcon_core.environment:checking '/home/pham/ultrasonic/install/ros2_socketcan' for CMake config files
[2.577s] Level 1:colcon.colcon_core.shell:create_environment_hook('ros2_socketcan', 'cmake_prefix_path')
[2.578s] INFO:colcon.colcon_core.shell:Creating environment hook '/home/pham/ultrasonic/install/ros2_socketcan/share/ros2_socketcan/hook/cmake_prefix_path.ps1'
[2.579s] INFO:colcon.colcon_core.shell:Creating environment descriptor '/home/pham/ultrasonic/install/ros2_socketcan/share/ros2_socketcan/hook/cmake_prefix_path.dsv'
[2.579s] INFO:colcon.colcon_core.shell:Creating environment hook '/home/pham/ultrasonic/install/ros2_socketcan/share/ros2_socketcan/hook/cmake_prefix_path.sh'
[2.580s] Level 1:colcon.colcon_core.environment:checking '/home/pham/ultrasonic/install/ros2_socketcan/lib'
[2.580s] Level 1:colcon.colcon_core.shell:create_environment_hook('ros2_socketcan', 'ld_library_path_lib')
[2.581s] INFO:colcon.colcon_core.shell:Creating environment hook '/home/pham/ultrasonic/install/ros2_socketcan/share/ros2_socketcan/hook/ld_library_path_lib.ps1'
[2.582s] INFO:colcon.colcon_core.shell:Creating environment descriptor '/home/pham/ultrasonic/install/ros2_socketcan/share/ros2_socketcan/hook/ld_library_path_lib.dsv'
[2.582s] INFO:colcon.colcon_core.shell:Creating environment hook '/home/pham/ultrasonic/install/ros2_socketcan/share/ros2_socketcan/hook/ld_library_path_lib.sh'
[2.585s] Level 1:colcon.colcon_core.environment:checking '/home/pham/ultrasonic/install/ros2_socketcan/bin'
[2.586s] Level 1:colcon.colcon_core.environment:checking '/home/pham/ultrasonic/install/ros2_socketcan/lib/pkgconfig/ros2_socketcan.pc'
[2.586s] Level 1:colcon.colcon_core.environment:checking '/home/pham/ultrasonic/install/ros2_socketcan/lib/python3.10/site-packages'
[2.586s] Level 1:colcon.colcon_core.environment:checking '/home/pham/ultrasonic/install/ros2_socketcan/bin'
[2.588s] INFO:colcon.colcon_core.shell:Creating package script '/home/pham/ultrasonic/install/ros2_socketcan/share/ros2_socketcan/package.ps1'
[2.595s] INFO:colcon.colcon_core.shell:Creating package descriptor '/home/pham/ultrasonic/install/ros2_socketcan/share/ros2_socketcan/package.dsv'
[2.598s] INFO:colcon.colcon_core.shell:Creating package script '/home/pham/ultrasonic/install/ros2_socketcan/share/ros2_socketcan/package.sh'
[2.599s] INFO:colcon.colcon_core.shell:Creating package script '/home/pham/ultrasonic/install/ros2_socketcan/share/ros2_socketcan/package.bash'
[2.600s] INFO:colcon.colcon_core.shell:Creating package script '/home/pham/ultrasonic/install/ros2_socketcan/share/ros2_socketcan/package.zsh'
[2.601s] Level 1:colcon.colcon_core.environment:create_file_with_runtime_dependencies(/home/pham/ultrasonic/install/ros2_socketcan/share/colcon-core/packages/ros2_socketcan)
[2.602s] DEBUG:colcon.colcon_parallel_executor.executor.parallel:closing loop
[2.603s] DEBUG:colcon.colcon_parallel_executor.executor.parallel:loop closed
[2.603s] DEBUG:colcon.colcon_parallel_executor.executor.parallel:run_until_complete finished with '0'
[2.603s] DEBUG:colcon.colcon_core.event_reactor:joining thread
[2.609s] INFO:colcon.colcon_core.plugin_system:Skipping extension 'colcon_notification.desktop_notification.terminal_notifier': Not used on non-Darwin systems
[2.609s] INFO:colcon.colcon_core.plugin_system:Skipping extension 'colcon_notification.desktop_notification.win32': Not used on non-Windows systems
[2.609s] INFO:colcon.colcon_notification.desktop_notification:Sending desktop notification using 'notify2'
[2.635s] DEBUG:colcon.colcon_core.event_reactor:joined thread
[2.637s] INFO:colcon.colcon_core.shell:Creating prefix script '/home/pham/ultrasonic/install/local_setup.ps1'
[2.638s] INFO:colcon.colcon_core.shell:Creating prefix util module '/home/pham/ultrasonic/install/_local_setup_util_ps1.py'
[2.640s] INFO:colcon.colcon_core.shell:Creating prefix chain script '/home/pham/ultrasonic/install/setup.ps1'
[2.643s] INFO:colcon.colcon_core.shell:Creating prefix script '/home/pham/ultrasonic/install/local_setup.sh'
[2.644s] INFO:colcon.colcon_core.shell:Creating prefix util module '/home/pham/ultrasonic/install/_local_setup_util_sh.py'
[2.645s] INFO:colcon.colcon_core.shell:Creating prefix chain script '/home/pham/ultrasonic/install/setup.sh'
[2.648s] INFO:colcon.colcon_core.shell:Creating prefix script '/home/pham/ultrasonic/install/local_setup.bash'
[2.648s] INFO:colcon.colcon_core.shell:Creating prefix chain script '/home/pham/ultrasonic/install/setup.bash'
[2.659s] INFO:colcon.colcon_core.shell:Creating prefix script '/home/pham/ultrasonic/install/local_setup.zsh'
[2.668s] INFO:colcon.colcon_core.shell:Creating prefix chain script '/home/pham/ultrasonic/install/setup.zsh'
