[  9%] Built target socket_can_receiver_node_exe
[ 33%] Built target ros2_socketcan
[ 42%] Built target gtest_main
[ 52%] Built target socket_can_sender_node_exe
[ 61%] Built target gtest
[ 71%] Built target socket_can_receiver_node
[ 90%] Built target ros2_socketcan_test
[100%] Built target socket_can_sender_node
-- Install configuration: ""
-- Up-to-date: /home/pham/ultrasonic/install/ros2_socketcan/lib/ros2_socketcan/socket_can_receiver_node_exe
-- Up-to-date: /home/pham/ultrasonic/install/ros2_socketcan/lib/ros2_socketcan/socket_can_sender_node_exe
-- Up-to-date: /home/pham/ultrasonic/install/ros2_socketcan/include
-- Up-to-date: /home/pham/ultrasonic/install/ros2_socketcan/include/ros2_socketcan
-- Up-to-date: /home/pham/ultrasonic/install/ros2_socketcan/include/ros2_socketcan/socket_can_common.hpp
-- Up-to-date: /home/pham/ultrasonic/install/ros2_socketcan/include/ros2_socketcan/socket_can_receiver.hpp
-- Up-to-date: /home/pham/ultrasonic/install/ros2_socketcan/include/ros2_socketcan/visibility_control.hpp
-- Up-to-date: /home/pham/ultrasonic/install/ros2_socketcan/include/ros2_socketcan/socket_can_sender_node.hpp
-- Up-to-date: /home/pham/ultrasonic/install/ros2_socketcan/include/ros2_socketcan/socket_can_receiver_node.hpp
-- Up-to-date: /home/pham/ultrasonic/install/ros2_socketcan/include/ros2_socketcan/socket_can_id.hpp
-- Up-to-date: /home/pham/ultrasonic/install/ros2_socketcan/include/ros2_socketcan/socket_can_sender.hpp
-- Up-to-date: /home/pham/ultrasonic/install/ros2_socketcan/share/ros2_socketcan/environment/library_path.sh
-- Up-to-date: /home/pham/ultrasonic/install/ros2_socketcan/share/ros2_socketcan/environment/library_path.dsv
-- Up-to-date: /home/pham/ultrasonic/install/ros2_socketcan/lib/libros2_socketcan.so
-- Up-to-date: /home/pham/ultrasonic/install/ros2_socketcan/lib/libsocket_can_receiver_node.so
-- Up-to-date: /home/pham/ultrasonic/install/ros2_socketcan/lib/libsocket_can_sender_node.so
-- Up-to-date: /home/pham/ultrasonic/install/ros2_socketcan/share/ros2_socketcan/launch
-- Up-to-date: /home/pham/ultrasonic/install/ros2_socketcan/share/ros2_socketcan/launch/socket_can_sender.launch.py
-- Up-to-date: /home/pham/ultrasonic/install/ros2_socketcan/share/ros2_socketcan/launch/socket_can_receiver.launch.py
-- Up-to-date: /home/pham/ultrasonic/install/ros2_socketcan/share/ros2_socketcan/launch/socket_can_bridge.launch.xml
-- Up-to-date: /home/pham/ultrasonic/install/ros2_socketcan/share/ament_index/resource_index/package_run_dependencies/ros2_socketcan
-- Up-to-date: /home/pham/ultrasonic/install/ros2_socketcan/share/ament_index/resource_index/parent_prefix_path/ros2_socketcan
-- Up-to-date: /home/pham/ultrasonic/install/ros2_socketcan/share/ros2_socketcan/environment/ament_prefix_path.sh
-- Up-to-date: /home/pham/ultrasonic/install/ros2_socketcan/share/ros2_socketcan/environment/ament_prefix_path.dsv
-- Up-to-date: /home/pham/ultrasonic/install/ros2_socketcan/share/ros2_socketcan/environment/path.sh
-- Up-to-date: /home/pham/ultrasonic/install/ros2_socketcan/share/ros2_socketcan/environment/path.dsv
-- Up-to-date: /home/pham/ultrasonic/install/ros2_socketcan/share/ros2_socketcan/local_setup.bash
-- Up-to-date: /home/pham/ultrasonic/install/ros2_socketcan/share/ros2_socketcan/local_setup.sh
-- Up-to-date: /home/pham/ultrasonic/install/ros2_socketcan/share/ros2_socketcan/local_setup.zsh
-- Up-to-date: /home/pham/ultrasonic/install/ros2_socketcan/share/ros2_socketcan/local_setup.dsv
-- Installing: /home/pham/ultrasonic/install/ros2_socketcan/share/ros2_socketcan/package.dsv
-- Up-to-date: /home/pham/ultrasonic/install/ros2_socketcan/share/ament_index/resource_index/packages/ros2_socketcan
-- Up-to-date: /home/pham/ultrasonic/install/ros2_socketcan/share/ament_index/resource_index/rclcpp_components/ros2_socketcan
-- Up-to-date: /home/pham/ultrasonic/install/ros2_socketcan/share/ros2_socketcan/cmake/ament_cmake_export_dependencies-extras.cmake
-- Up-to-date: /home/pham/ultrasonic/install/ros2_socketcan/share/ros2_socketcan/cmake/ament_cmake_export_include_directories-extras.cmake
-- Up-to-date: /home/pham/ultrasonic/install/ros2_socketcan/share/ros2_socketcan/cmake/ament_cmake_export_libraries-extras.cmake
-- Up-to-date: /home/pham/ultrasonic/install/ros2_socketcan/share/ros2_socketcan/cmake/ros2_socketcanConfig.cmake
-- Up-to-date: /home/pham/ultrasonic/install/ros2_socketcan/share/ros2_socketcan/cmake/ros2_socketcanConfig-version.cmake
-- Up-to-date: /home/pham/ultrasonic/install/ros2_socketcan/share/ros2_socketcan/package.xml
