[0.028s] Invoking command in '/home/pham/ultrasonic/build/ros2_socketcan': CMAKE_PREFIX_PATH=/home/pham/ultrasonic/install/ros2_socketcan_msgs:/home/pham/ultrasonic/install/ros2_socketcan:/home/pham/ultrasonic/install/ultrasonic:/opt/ros/humble LD_LIBRARY_PATH=/home/pham/ultrasonic/install/ros2_socketcan_msgs/lib:/home/pham/ultrasonic/install/ros2_socketcan/lib:/opt/ros/humble/opt/rviz_ogre_vendor/lib:/opt/ros/humble/lib/x86_64-linux-gnu:/opt/ros/humble/lib /usr/bin/cmake --build /home/pham/ultrasonic/build/ros2_socketcan -- -j4 -l4
[0.132s] [  9%] Built target socket_can_receiver_node_exe
[0.134s] [ 33%] Built target ros2_socketcan
[0.134s] [ 42%] Built target gtest_main
[0.147s] [ 52%] Built target socket_can_sender_node_exe
[0.182s] [ 61%] Built target gtest
[0.202s] [ 71%] Built target socket_can_receiver_node
[0.232s] [ 90%] Built target ros2_socketcan_test
[0.248s] [100%] Built target socket_can_sender_node
[0.266s] Invoked command in '/home/pham/ultrasonic/build/ros2_socketcan' returned '0': CMAKE_PREFIX_PATH=/home/pham/ultrasonic/install/ros2_socketcan_msgs:/home/pham/ultrasonic/install/ros2_socketcan:/home/pham/ultrasonic/install/ultrasonic:/opt/ros/humble LD_LIBRARY_PATH=/home/pham/ultrasonic/install/ros2_socketcan_msgs/lib:/home/pham/ultrasonic/install/ros2_socketcan/lib:/opt/ros/humble/opt/rviz_ogre_vendor/lib:/opt/ros/humble/lib/x86_64-linux-gnu:/opt/ros/humble/lib /usr/bin/cmake --build /home/pham/ultrasonic/build/ros2_socketcan -- -j4 -l4
[0.566s] Invoking command in '/home/pham/ultrasonic/build/ros2_socketcan': CMAKE_PREFIX_PATH=/home/pham/ultrasonic/install/ros2_socketcan_msgs:/home/pham/ultrasonic/install/ros2_socketcan:/home/pham/ultrasonic/install/ultrasonic:/opt/ros/humble LD_LIBRARY_PATH=/home/pham/ultrasonic/install/ros2_socketcan_msgs/lib:/home/pham/ultrasonic/install/ros2_socketcan/lib:/opt/ros/humble/opt/rviz_ogre_vendor/lib:/opt/ros/humble/lib/x86_64-linux-gnu:/opt/ros/humble/lib /usr/bin/cmake --install /home/pham/ultrasonic/build/ros2_socketcan
[0.584s] -- Install configuration: ""
[0.584s] -- Up-to-date: /home/pham/ultrasonic/install/ros2_socketcan/lib/ros2_socketcan/socket_can_receiver_node_exe
[0.584s] -- Up-to-date: /home/pham/ultrasonic/install/ros2_socketcan/lib/ros2_socketcan/socket_can_sender_node_exe
[0.584s] -- Up-to-date: /home/pham/ultrasonic/install/ros2_socketcan/include
[0.584s] -- Up-to-date: /home/pham/ultrasonic/install/ros2_socketcan/include/ros2_socketcan
[0.584s] -- Up-to-date: /home/pham/ultrasonic/install/ros2_socketcan/include/ros2_socketcan/socket_can_common.hpp
[0.584s] -- Up-to-date: /home/pham/ultrasonic/install/ros2_socketcan/include/ros2_socketcan/socket_can_receiver.hpp
[0.584s] -- Up-to-date: /home/pham/ultrasonic/install/ros2_socketcan/include/ros2_socketcan/visibility_control.hpp
[0.584s] -- Up-to-date: /home/pham/ultrasonic/install/ros2_socketcan/include/ros2_socketcan/socket_can_sender_node.hpp
[0.584s] -- Up-to-date: /home/pham/ultrasonic/install/ros2_socketcan/include/ros2_socketcan/socket_can_receiver_node.hpp
[0.584s] -- Up-to-date: /home/pham/ultrasonic/install/ros2_socketcan/include/ros2_socketcan/socket_can_id.hpp
[0.585s] -- Up-to-date: /home/pham/ultrasonic/install/ros2_socketcan/include/ros2_socketcan/socket_can_sender.hpp
[0.585s] -- Up-to-date: /home/pham/ultrasonic/install/ros2_socketcan/share/ros2_socketcan/environment/library_path.sh
[0.585s] -- Up-to-date: /home/pham/ultrasonic/install/ros2_socketcan/share/ros2_socketcan/environment/library_path.dsv
[0.585s] -- Up-to-date: /home/pham/ultrasonic/install/ros2_socketcan/lib/libros2_socketcan.so
[0.585s] -- Up-to-date: /home/pham/ultrasonic/install/ros2_socketcan/lib/libsocket_can_receiver_node.so
[0.585s] -- Up-to-date: /home/pham/ultrasonic/install/ros2_socketcan/lib/libsocket_can_sender_node.so
[0.585s] -- Up-to-date: /home/pham/ultrasonic/install/ros2_socketcan/share/ros2_socketcan/launch
[0.586s] -- Up-to-date: /home/pham/ultrasonic/install/ros2_socketcan/share/ros2_socketcan/launch/socket_can_sender.launch.py
[0.586s] -- Up-to-date: /home/pham/ultrasonic/install/ros2_socketcan/share/ros2_socketcan/launch/socket_can_receiver.launch.py
[0.586s] -- Up-to-date: /home/pham/ultrasonic/install/ros2_socketcan/share/ros2_socketcan/launch/socket_can_bridge.launch.xml
[0.586s] -- Up-to-date: /home/pham/ultrasonic/install/ros2_socketcan/share/ament_index/resource_index/package_run_dependencies/ros2_socketcan
[0.586s] -- Up-to-date: /home/pham/ultrasonic/install/ros2_socketcan/share/ament_index/resource_index/parent_prefix_path/ros2_socketcan
[0.586s] -- Up-to-date: /home/pham/ultrasonic/install/ros2_socketcan/share/ros2_socketcan/environment/ament_prefix_path.sh
[0.586s] -- Up-to-date: /home/pham/ultrasonic/install/ros2_socketcan/share/ros2_socketcan/environment/ament_prefix_path.dsv
[0.587s] -- Up-to-date: /home/pham/ultrasonic/install/ros2_socketcan/share/ros2_socketcan/environment/path.sh
[0.587s] -- Up-to-date: /home/pham/ultrasonic/install/ros2_socketcan/share/ros2_socketcan/environment/path.dsv
[0.587s] -- Up-to-date: /home/pham/ultrasonic/install/ros2_socketcan/share/ros2_socketcan/local_setup.bash
[0.587s] -- Up-to-date: /home/pham/ultrasonic/install/ros2_socketcan/share/ros2_socketcan/local_setup.sh
[0.587s] -- Up-to-date: /home/pham/ultrasonic/install/ros2_socketcan/share/ros2_socketcan/local_setup.zsh
[0.587s] -- Up-to-date: /home/pham/ultrasonic/install/ros2_socketcan/share/ros2_socketcan/local_setup.dsv
[0.587s] -- Installing: /home/pham/ultrasonic/install/ros2_socketcan/share/ros2_socketcan/package.dsv
[0.587s] -- Up-to-date: /home/pham/ultrasonic/install/ros2_socketcan/share/ament_index/resource_index/packages/ros2_socketcan
[0.587s] -- Up-to-date: /home/pham/ultrasonic/install/ros2_socketcan/share/ament_index/resource_index/rclcpp_components/ros2_socketcan
[0.587s] -- Up-to-date: /home/pham/ultrasonic/install/ros2_socketcan/share/ros2_socketcan/cmake/ament_cmake_export_dependencies-extras.cmake
[0.587s] -- Up-to-date: /home/pham/ultrasonic/install/ros2_socketcan/share/ros2_socketcan/cmake/ament_cmake_export_include_directories-extras.cmake
[0.588s] -- Up-to-date: /home/pham/ultrasonic/install/ros2_socketcan/share/ros2_socketcan/cmake/ament_cmake_export_libraries-extras.cmake
[0.588s] -- Up-to-date: /home/pham/ultrasonic/install/ros2_socketcan/share/ros2_socketcan/cmake/ros2_socketcanConfig.cmake
[0.588s] -- Up-to-date: /home/pham/ultrasonic/install/ros2_socketcan/share/ros2_socketcan/cmake/ros2_socketcanConfig-version.cmake
[0.588s] -- Up-to-date: /home/pham/ultrasonic/install/ros2_socketcan/share/ros2_socketcan/package.xml
[0.594s] Invoked command in '/home/pham/ultrasonic/build/ros2_socketcan' returned '0': CMAKE_PREFIX_PATH=/home/pham/ultrasonic/install/ros2_socketcan_msgs:/home/pham/ultrasonic/install/ros2_socketcan:/home/pham/ultrasonic/install/ultrasonic:/opt/ros/humble LD_LIBRARY_PATH=/home/pham/ultrasonic/install/ros2_socketcan_msgs/lib:/home/pham/ultrasonic/install/ros2_socketcan/lib:/opt/ros/humble/opt/rviz_ogre_vendor/lib:/opt/ros/humble/lib/x86_64-linux-gnu:/opt/ros/humble/lib /usr/bin/cmake --install /home/pham/ultrasonic/build/ros2_socketcan
