[0.587s] Invoking command in '/home/pham/ultrasonic/ultrasonic': PYTHONPATH=/home/pham/ultrasonic/build/ultrasonic/prefix_override:/home/pham/ultrasonic/install/ultrasonic/lib/python3.10/site-packages:${PYTHONPATH} /usr/bin/python3 setup.py egg_info --egg-base ../build/ultrasonic build --build-base /home/pham/ultrasonic/build/ultrasonic/build install --record /home/pham/ultrasonic/build/ultrasonic/install.log --single-version-externally-managed
[0.790s] running egg_info
[0.790s] creating ../build/ultrasonic/ros2_tutorial_quang.egg-info
[0.791s] writing ../build/ultrasonic/ros2_tutorial_quang.egg-info/PKG-INFO
[0.791s] writing dependency_links to ../build/ultrasonic/ros2_tutorial_quang.egg-info/dependency_links.txt
[0.791s] writing entry points to ../build/ultrasonic/ros2_tutorial_quang.egg-info/entry_points.txt
[0.792s] writing requirements to ../build/ultrasonic/ros2_tutorial_quang.egg-info/requires.txt
[0.792s] writing top-level names to ../build/ultrasonic/ros2_tutorial_quang.egg-info/top_level.txt
[0.792s] writing manifest file '../build/ultrasonic/ros2_tutorial_quang.egg-info/SOURCES.txt'
[0.794s] reading manifest file '../build/ultrasonic/ros2_tutorial_quang.egg-info/SOURCES.txt'
[0.795s] writing manifest file '../build/ultrasonic/ros2_tutorial_quang.egg-info/SOURCES.txt'
[0.795s] running build
[0.795s] running build_py
[0.796s] creating /home/pham/ultrasonic/build/ultrasonic/build
[0.796s] creating /home/pham/ultrasonic/build/ultrasonic/build/lib
[0.796s] creating /home/pham/ultrasonic/build/ultrasonic/build/lib/ultrasonic
[0.796s] copying ultrasonic/__init__.py -> /home/pham/ultrasonic/build/ultrasonic/build/lib/ultrasonic
[0.796s] copying ultrasonic/ultrasonic.py -> /home/pham/ultrasonic/build/ultrasonic/build/lib/ultrasonic
[0.796s] running install
[0.797s] /usr/lib/python3/dist-packages/setuptools/command/install.py:34: SetuptoolsDeprecationWarning: setup.py install is deprecated. Use build and pip and other standards-based tools.
[0.797s]   warnings.warn(
[0.797s] running install_lib
[0.797s] creating /home/pham/ultrasonic/install/ultrasonic/lib/python3.10/site-packages/ultrasonic
[0.797s] copying /home/pham/ultrasonic/build/ultrasonic/build/lib/ultrasonic/__init__.py -> /home/pham/ultrasonic/install/ultrasonic/lib/python3.10/site-packages/ultrasonic
[0.797s] copying /home/pham/ultrasonic/build/ultrasonic/build/lib/ultrasonic/ultrasonic.py -> /home/pham/ultrasonic/install/ultrasonic/lib/python3.10/site-packages/ultrasonic
[0.798s] byte-compiling /home/pham/ultrasonic/install/ultrasonic/lib/python3.10/site-packages/ultrasonic/__init__.py to __init__.cpython-310.pyc
[0.798s] byte-compiling /home/pham/ultrasonic/install/ultrasonic/lib/python3.10/site-packages/ultrasonic/ultrasonic.py to ultrasonic.cpython-310.pyc
[0.799s] running install_data
[0.799s] error: can't copy 'resource/ros2_tutorial_quang': doesn't exist or not a regular file
[0.821s] Invoked command in '/home/pham/ultrasonic/ultrasonic' returned '1': PYTHONPATH=/home/pham/ultrasonic/build/ultrasonic/prefix_override:/home/pham/ultrasonic/install/ultrasonic/lib/python3.10/site-packages:${PYTHONPATH} /usr/bin/python3 setup.py egg_info --egg-base ../build/ultrasonic build --build-base /home/pham/ultrasonic/build/ultrasonic/build install --record /home/pham/ultrasonic/build/ultrasonic/install.log --single-version-externally-managed
