/home/mcav/mcav_ws/src/mcav_autonomy/install/pure_pursuit/lib/python3.10/site-packages/pure_pursuit/carla_global_planner.py
/home/mcav/mcav_ws/src/mcav_autonomy/install/pure_pursuit/lib/python3.10/site-packages/pure_pursuit/__init__.py
/home/mcav/mcav_ws/src/mcav_autonomy/install/pure_pursuit/lib/python3.10/site-packages/pure_pursuit/purepursuit.py
/home/mcav/mcav_ws/src/mcav_autonomy/install/pure_pursuit/lib/python3.10/site-packages/pure_pursuit/carla_spawner.py
/home/mcav/mcav_ws/src/mcav_autonomy/install/pure_pursuit/lib/python3.10/site-packages/pure_pursuit/__pycache__/carla_global_planner.cpython-310.pyc
/home/mcav/mcav_ws/src/mcav_autonomy/install/pure_pursuit/lib/python3.10/site-packages/pure_pursuit/__pycache__/__init__.cpython-310.pyc
/home/mcav/mcav_ws/src/mcav_autonomy/install/pure_pursuit/lib/python3.10/site-packages/pure_pursuit/__pycache__/purepursuit.cpython-310.pyc
/home/mcav/mcav_ws/src/mcav_autonomy/install/pure_pursuit/lib/python3.10/site-packages/pure_pursuit/__pycache__/carla_spawner.cpython-310.pyc
/home/mcav/mcav_ws/src/mcav_autonomy/install/pure_pursuit/share/ament_index/resource_index/packages/pure_pursuit
/home/mcav/mcav_ws/src/mcav_autonomy/install/pure_pursuit/share/pure_pursuit/package.xml
/home/mcav/mcav_ws/src/mcav_autonomy/install/pure_pursuit/share/pure_pursuit/purepursuit_simulation_standalone.launch.py
/home/mcav/mcav_ws/src/mcav_autonomy/install/pure_pursuit/share/pure_pursuit/purepursuit.launch.py
/home/mcav/mcav_ws/src/mcav_autonomy/install/pure_pursuit/share/pure_pursuit/purepursuit_simulation.launch.py
/home/mcav/mcav_ws/src/mcav_autonomy/install/pure_pursuit/share/pure_pursuit/example_waypoints
/home/mcav/mcav_ws/src/mcav_autonomy/install/pure_pursuit/lib/python3.10/site-packages/pure_pursuit-0.0.0-py3.10.egg-info/dependency_links.txt
/home/mcav/mcav_ws/src/mcav_autonomy/install/pure_pursuit/lib/python3.10/site-packages/pure_pursuit-0.0.0-py3.10.egg-info/PKG-INFO
/home/mcav/mcav_ws/src/mcav_autonomy/install/pure_pursuit/lib/python3.10/site-packages/pure_pursuit-0.0.0-py3.10.egg-info/entry_points.txt
/home/mcav/mcav_ws/src/mcav_autonomy/install/pure_pursuit/lib/python3.10/site-packages/pure_pursuit-0.0.0-py3.10.egg-info/requires.txt
/home/mcav/mcav_ws/src/mcav_autonomy/install/pure_pursuit/lib/python3.10/site-packages/pure_pursuit-0.0.0-py3.10.egg-info/SOURCES.txt
/home/mcav/mcav_ws/src/mcav_autonomy/install/pure_pursuit/lib/python3.10/site-packages/pure_pursuit-0.0.0-py3.10.egg-info/zip-safe
/home/mcav/mcav_ws/src/mcav_autonomy/install/pure_pursuit/lib/python3.10/site-packages/pure_pursuit-0.0.0-py3.10.egg-info/top_level.txt
/home/mcav/mcav_ws/src/mcav_autonomy/install/pure_pursuit/lib/pure_pursuit/carla_global_planner
/home/mcav/mcav_ws/src/mcav_autonomy/install/pure_pursuit/lib/pure_pursuit/carla_spawner
/home/mcav/mcav_ws/src/mcav_autonomy/install/pure_pursuit/lib/pure_pursuit/carla_spawner_local_planner
/home/mcav/mcav_ws/src/mcav_autonomy/install/pure_pursuit/lib/pure_pursuit/purepursuit
