running egg_info
creating ../build/ros2_tutorial_quang/ros2_tutorial_quang.egg-info
writing ../build/ros2_tutorial_quang/ros2_tutorial_quang.egg-info/PKG-INFO
writing dependency_links to ../build/ros2_tutorial_quang/ros2_tutorial_quang.egg-info/dependency_links.txt
writing entry points to ../build/ros2_tutorial_quang/ros2_tutorial_quang.egg-info/entry_points.txt
writing requirements to ../build/ros2_tutorial_quang/ros2_tutorial_quang.egg-info/requires.txt
writing top-level names to ../build/ros2_tutorial_quang/ros2_tutorial_quang.egg-info/top_level.txt
writing manifest file '../build/ros2_tutorial_quang/ros2_tutorial_quang.egg-info/SOURCES.txt'
reading manifest file '../build/ros2_tutorial_quang/ros2_tutorial_quang.egg-info/SOURCES.txt'
writing manifest file '../build/ros2_tutorial_quang/ros2_tutorial_quang.egg-info/SOURCES.txt'
running build
running build_py
creating /home/pham/ultrasonic/build/ros2_tutorial_quang/build
creating /home/pham/ultrasonic/build/ros2_tutorial_quang/build/lib
creating /home/pham/ultrasonic/build/ros2_tutorial_quang/build/lib/ultrasonic
copying ultrasonic/__init__.py -> /home/pham/ultrasonic/build/ros2_tutorial_quang/build/lib/ultrasonic
copying ultrasonic/ultrasonic.py -> /home/pham/ultrasonic/build/ros2_tutorial_quang/build/lib/ultrasonic
running install
running install_lib
creating /home/pham/ultrasonic/install/ros2_tutorial_quang/lib/python3.10/site-packages/ultrasonic
copying /home/pham/ultrasonic/build/ros2_tutorial_quang/build/lib/ultrasonic/__init__.py -> /home/pham/ultrasonic/install/ros2_tutorial_quang/lib/python3.10/site-packages/ultrasonic
copying /home/pham/ultrasonic/build/ros2_tutorial_quang/build/lib/ultrasonic/ultrasonic.py -> /home/pham/ultrasonic/install/ros2_tutorial_quang/lib/python3.10/site-packages/ultrasonic
byte-compiling /home/pham/ultrasonic/install/ros2_tutorial_quang/lib/python3.10/site-packages/ultrasonic/__init__.py to __init__.cpython-310.pyc
byte-compiling /home/pham/ultrasonic/install/ros2_tutorial_quang/lib/python3.10/site-packages/ultrasonic/ultrasonic.py to ultrasonic.cpython-310.pyc
running install_data
creating /home/pham/ultrasonic/install/ros2_tutorial_quang/share/ament_index
creating /home/pham/ultrasonic/install/ros2_tutorial_quang/share/ament_index/resource_index
creating /home/pham/ultrasonic/install/ros2_tutorial_quang/share/ament_index/resource_index/packages
