[1.137s] Invoking command in '/home/pham/ultrasonic/ultrasonic': PYTHONPATH=/home/pham/ultrasonic/build/ros2_tutorial_quang/prefix_override:/home/pham/ultrasonic/install/ros2_tutorial_quang/lib/python3.10/site-packages:${PYTHONPATH} /usr/bin/python3 setup.py egg_info --egg-base ../build/ros2_tutorial_quang build --build-base /home/pham/ultrasonic/build/ros2_tutorial_quang/build install --record /home/pham/ultrasonic/build/ros2_tutorial_quang/install.log --single-version-externally-managed
[1.422s] running egg_info
[1.424s] creating ../build/ros2_tutorial_quang/ros2_tutorial_quang.egg-info
[1.425s] writing ../build/ros2_tutorial_quang/ros2_tutorial_quang.egg-info/PKG-INFO
[1.425s] writing dependency_links to ../build/ros2_tutorial_quang/ros2_tutorial_quang.egg-info/dependency_links.txt
[1.426s] writing entry points to ../build/ros2_tutorial_quang/ros2_tutorial_quang.egg-info/entry_points.txt
[1.426s] writing requirements to ../build/ros2_tutorial_quang/ros2_tutorial_quang.egg-info/requires.txt
[1.426s] writing top-level names to ../build/ros2_tutorial_quang/ros2_tutorial_quang.egg-info/top_level.txt
[1.427s] writing manifest file '../build/ros2_tutorial_quang/ros2_tutorial_quang.egg-info/SOURCES.txt'
[1.429s] reading manifest file '../build/ros2_tutorial_quang/ros2_tutorial_quang.egg-info/SOURCES.txt'
[1.431s] writing manifest file '../build/ros2_tutorial_quang/ros2_tutorial_quang.egg-info/SOURCES.txt'
[1.431s] running build
[1.431s] running build_py
[1.432s] creating /home/pham/ultrasonic/build/ros2_tutorial_quang/build
[1.432s] creating /home/pham/ultrasonic/build/ros2_tutorial_quang/build/lib
[1.432s] creating /home/pham/ultrasonic/build/ros2_tutorial_quang/build/lib/ultrasonic
[1.433s] copying ultrasonic/__init__.py -> /home/pham/ultrasonic/build/ros2_tutorial_quang/build/lib/ultrasonic
[1.433s] copying ultrasonic/ultrasonic.py -> /home/pham/ultrasonic/build/ros2_tutorial_quang/build/lib/ultrasonic
[1.434s] running install
[1.537s] /usr/lib/python3/dist-packages/setuptools/command/install.py:34: SetuptoolsDeprecationWarning: setup.py install is deprecated. Use build and pip and other standards-based tools.
[1.538s]   warnings.warn(
[1.539s] running install_lib
[1.541s] creating /home/pham/ultrasonic/install/ros2_tutorial_quang/lib/python3.10/site-packages/ultrasonic
[1.542s] copying /home/pham/ultrasonic/build/ros2_tutorial_quang/build/lib/ultrasonic/__init__.py -> /home/pham/ultrasonic/install/ros2_tutorial_quang/lib/python3.10/site-packages/ultrasonic
[1.542s] copying /home/pham/ultrasonic/build/ros2_tutorial_quang/build/lib/ultrasonic/ultrasonic.py -> /home/pham/ultrasonic/install/ros2_tutorial_quang/lib/python3.10/site-packages/ultrasonic
[1.543s] byte-compiling /home/pham/ultrasonic/install/ros2_tutorial_quang/lib/python3.10/site-packages/ultrasonic/__init__.py to __init__.cpython-310.pyc
[1.544s] byte-compiling /home/pham/ultrasonic/install/ros2_tutorial_quang/lib/python3.10/site-packages/ultrasonic/ultrasonic.py to ultrasonic.cpython-310.pyc
[1.545s] running install_data
[1.546s] creating /home/pham/ultrasonic/install/ros2_tutorial_quang/share/ament_index
[1.546s] creating /home/pham/ultrasonic/install/ros2_tutorial_quang/share/ament_index/resource_index
[1.546s] creating /home/pham/ultrasonic/install/ros2_tutorial_quang/share/ament_index/resource_index/packages
[1.547s] error: can't copy 'resource/ros2_tutorial_quang': doesn't exist or not a regular file
[1.568s] Invoked command in '/home/pham/ultrasonic/ultrasonic' returned '1': PYTHONPATH=/home/pham/ultrasonic/build/ros2_tutorial_quang/prefix_override:/home/pham/ultrasonic/install/ros2_tutorial_quang/lib/python3.10/site-packages:${PYTHONPATH} /usr/bin/python3 setup.py egg_info --egg-base ../build/ros2_tutorial_quang build --build-base /home/pham/ultrasonic/build/ros2_tutorial_quang/build install --record /home/pham/ultrasonic/build/ros2_tutorial_quang/install.log --single-version-externally-managed
