[2.904s] DEBUG:colcon:Command line arguments: ['/usr/bin/colcon', 'build']
[2.904s] DEBUG:colcon:Parsed command line arguments: Namespace(log_base=None, log_level=None, verb_name='build', build_base='build', install_base='install', merge_install=False, symlink_install=False, test_result_base=None, continue_on_error=False, executor='parallel', parallel_workers=4, event_handlers=None, ignore_user_meta=False, metas=['./colcon.meta'], base_paths=['.'], packages_ignore=None, packages_ignore_regex=None, paths=None, packages_up_to=None, packages_up_to_regex=None, packages_above=None, packages_above_and_dependencies=None, packages_above_depth=None, packages_select_by_dep=None, packages_skip_by_dep=None, packages_skip_up_to=None, packages_select_build_failed=False, packages_skip_build_finished=False, packages_select_test_failures=False, packages_skip_test_passed=False, packages_select=None, packages_skip=None, packages_select_regex=None, packages_skip_regex=None, packages_start=None, packages_end=None, allow_overriding=[], cmake_args=None, cmake_target=None, cmake_target_skip_unavailable=False, cmake_clean_cache=False, cmake_clean_first=False, cmake_force_configure=False, ament_cmake_args=None, catkin_cmake_args=None, catkin_skip_building_tests=False, verb_parser=<colcon_defaults.argument_parser.defaults.DefaultArgumentsDecorator object at 0x7f0c1d1bad70>, verb_extension=<colcon_core.verb.build.BuildVerb object at 0x7f0c1d9d6fe0>, main=<bound method BuildVerb.main of <colcon_core.verb.build.BuildVerb object at 0x7f0c1d9d6fe0>>)
[3.136s] Level 1:colcon.colcon_core.package_discovery:discover_packages(colcon_meta) check parameters
[3.136s] Level 1:colcon.colcon_core.package_discovery:discover_packages(recursive) check parameters
[3.136s] Level 1:colcon.colcon_core.package_discovery:discover_packages(ignore) check parameters
[3.136s] Level 1:colcon.colcon_core.package_discovery:discover_packages(path) check parameters
[3.136s] Level 1:colcon.colcon_core.package_discovery:discover_packages(colcon_meta) discover
[3.136s] Level 1:colcon.colcon_core.package_discovery:discover_packages(recursive) discover
[3.136s] INFO:colcon.colcon_core.package_discovery:Crawling recursively for packages in '/home/pham/ultrasonic'
[3.137s] Level 1:colcon.colcon_core.package_identification:_identify(.) by extensions ['ignore', 'ignore_ament_install']
[3.137s] Level 1:colcon.colcon_core.package_identification:_identify(.) by extension 'ignore'
[3.137s] Level 1:colcon.colcon_core.package_identification:_identify(.) by extension 'ignore_ament_install'
[3.137s] Level 1:colcon.colcon_core.package_identification:_identify(.) by extensions ['colcon_pkg']
[3.137s] Level 1:colcon.colcon_core.package_identification:_identify(.) by extension 'colcon_pkg'
[3.137s] Level 1:colcon.colcon_core.package_identification:_identify(.) by extensions ['colcon_meta']
[3.137s] Level 1:colcon.colcon_core.package_identification:_identify(.) by extension 'colcon_meta'
[3.137s] Level 1:colcon.colcon_core.package_identification:_identify(.) by extensions ['ros']
[3.137s] Level 1:colcon.colcon_core.package_identification:_identify(.) by extension 'ros'
[3.151s] Level 1:colcon.colcon_core.package_identification:_identify(.) by extensions ['cmake', 'python']
[3.151s] Level 1:colcon.colcon_core.package_identification:_identify(.) by extension 'cmake'
[3.151s] Level 1:colcon.colcon_core.package_identification:_identify(.) by extension 'python'
[3.151s] Level 1:colcon.colcon_core.package_identification:_identify(.) by extensions ['python_setup_py']
[3.151s] Level 1:colcon.colcon_core.package_identification:_identify(.) by extension 'python_setup_py'
[3.151s] Level 1:colcon.colcon_core.package_identification:_identify(build) by extensions ['ignore', 'ignore_ament_install']
[3.152s] Level 1:colcon.colcon_core.package_identification:_identify(build) by extension 'ignore'
[3.152s] Level 1:colcon.colcon_core.package_identification:_identify(build) ignored
[3.152s] Level 1:colcon.colcon_core.package_identification:_identify(install) by extensions ['ignore', 'ignore_ament_install']
[3.152s] Level 1:colcon.colcon_core.package_identification:_identify(install) by extension 'ignore'
[3.152s] Level 1:colcon.colcon_core.package_identification:_identify(install) ignored
[3.152s] Level 1:colcon.colcon_core.package_identification:_identify(log) by extensions ['ignore', 'ignore_ament_install']
[3.152s] Level 1:colcon.colcon_core.package_identification:_identify(log) by extension 'ignore'
[3.152s] Level 1:colcon.colcon_core.package_identification:_identify(log) ignored
[3.152s] Level 1:colcon.colcon_core.package_identification:_identify(ultrasonic) by extensions ['ignore', 'ignore_ament_install']
[3.152s] Level 1:colcon.colcon_core.package_identification:_identify(ultrasonic) by extension 'ignore'
[3.152s] Level 1:colcon.colcon_core.package_identification:_identify(ultrasonic) by extension 'ignore_ament_install'
[3.152s] Level 1:colcon.colcon_core.package_identification:_identify(ultrasonic) by extensions ['colcon_pkg']
[3.152s] Level 1:colcon.colcon_core.package_identification:_identify(ultrasonic) by extension 'colcon_pkg'
[3.152s] Level 1:colcon.colcon_core.package_identification:_identify(ultrasonic) by extensions ['colcon_meta']
[3.152s] Level 1:colcon.colcon_core.package_identification:_identify(ultrasonic) by extension 'colcon_meta'
[3.153s] Level 1:colcon.colcon_core.package_identification:_identify(ultrasonic) by extensions ['ros']
[3.153s] Level 1:colcon.colcon_core.package_identification:_identify(ultrasonic) by extension 'ros'
[3.169s] DEBUG:colcon.colcon_core.package_identification:Package 'ultrasonic' with type 'ros.ament_python' and name 'ros2_tutorial_quang'
[3.169s] Level 1:colcon.colcon_core.package_discovery:discover_packages(recursive) using defaults
[3.169s] Level 1:colcon.colcon_core.package_discovery:discover_packages(ignore) discover
[3.169s] Level 1:colcon.colcon_core.package_discovery:discover_packages(ignore) using defaults
[3.169s] Level 1:colcon.colcon_core.package_discovery:discover_packages(path) discover
[3.169s] Level 1:colcon.colcon_core.package_discovery:discover_packages(path) using defaults
[3.267s] Level 1:colcon.colcon_core.package_discovery:discover_packages(prefix_path) check parameters
[3.267s] Level 1:colcon.colcon_core.package_discovery:discover_packages(prefix_path) discover
[3.275s] DEBUG:colcon.colcon_installed_package_information.package_discovery:Found 297 installed packages in /opt/ros/humble
[3.277s] Level 1:colcon.colcon_core.package_discovery:discover_packages(prefix_path) using defaults
[3.348s] Level 5:colcon.colcon_core.verb:set package 'ros2_tutorial_quang' build argument 'cmake_args' from command line to 'None'
[3.348s] Level 5:colcon.colcon_core.verb:set package 'ros2_tutorial_quang' build argument 'cmake_target' from command line to 'None'
[3.348s] Level 5:colcon.colcon_core.verb:set package 'ros2_tutorial_quang' build argument 'cmake_target_skip_unavailable' from command line to 'False'
[3.348s] Level 5:colcon.colcon_core.verb:set package 'ros2_tutorial_quang' build argument 'cmake_clean_cache' from command line to 'False'
[3.348s] Level 5:colcon.colcon_core.verb:set package 'ros2_tutorial_quang' build argument 'cmake_clean_first' from command line to 'False'
[3.348s] Level 5:colcon.colcon_core.verb:set package 'ros2_tutorial_quang' build argument 'cmake_force_configure' from command line to 'False'
[3.348s] Level 5:colcon.colcon_core.verb:set package 'ros2_tutorial_quang' build argument 'ament_cmake_args' from command line to 'None'
[3.348s] Level 5:colcon.colcon_core.verb:set package 'ros2_tutorial_quang' build argument 'catkin_cmake_args' from command line to 'None'
[3.348s] Level 5:colcon.colcon_core.verb:set package 'ros2_tutorial_quang' build argument 'catkin_skip_building_tests' from command line to 'False'
[3.348s] DEBUG:colcon.colcon_core.verb:Building package 'ros2_tutorial_quang' with the following arguments: {'ament_cmake_args': None, 'build_base': '/home/pham/ultrasonic/build/ros2_tutorial_quang', 'catkin_cmake_args': None, 'catkin_skip_building_tests': False, 'cmake_args': None, 'cmake_clean_cache': False, 'cmake_clean_first': False, 'cmake_force_configure': False, 'cmake_target': None, 'cmake_target_skip_unavailable': False, 'install_base': '/home/pham/ultrasonic/install/ros2_tutorial_quang', 'merge_install': False, 'path': '/home/pham/ultrasonic/ultrasonic', 'symlink_install': False, 'test_result_base': None}
[3.349s] INFO:colcon.colcon_core.executor:Executing jobs using 'parallel' executor
[3.352s] DEBUG:colcon.colcon_parallel_executor.executor.parallel:run_until_complete
[3.353s] INFO:colcon.colcon_ros.task.ament_python.build:Building ROS package in '/home/pham/ultrasonic/ultrasonic' with build type 'ament_python'
[3.353s] Level 1:colcon.colcon_core.shell:create_environment_hook('ros2_tutorial_quang', 'ament_prefix_path')
[3.381s] INFO:colcon.colcon_core.plugin_system:Skipping extension 'colcon_core.shell.bat': Not used on non-Windows systems
[3.382s] INFO:colcon.colcon_core.shell:Creating environment hook '/home/pham/ultrasonic/install/ros2_tutorial_quang/share/ros2_tutorial_quang/hook/ament_prefix_path.ps1'
[3.391s] INFO:colcon.colcon_core.shell:Creating environment descriptor '/home/pham/ultrasonic/install/ros2_tutorial_quang/share/ros2_tutorial_quang/hook/ament_prefix_path.dsv'
[3.396s] INFO:colcon.colcon_core.shell:Creating environment hook '/home/pham/ultrasonic/install/ros2_tutorial_quang/share/ros2_tutorial_quang/hook/ament_prefix_path.sh'
[3.399s] INFO:colcon.colcon_core.shell:Skip shell extension 'powershell' for command environment: Not usable outside of PowerShell
[3.399s] DEBUG:colcon.colcon_core.shell:Skip shell extension 'dsv' for command environment
[3.816s] INFO:colcon.colcon_core.task.python.build:Building Python package in '/home/pham/ultrasonic/ultrasonic'
[3.817s] INFO:colcon.colcon_core.shell:Skip shell extension 'powershell' for command environment: Not usable outside of PowerShell
[3.817s] DEBUG:colcon.colcon_core.shell:Skip shell extension 'dsv' for command environment
[4.492s] DEBUG:colcon.colcon_core.event_handler.log_command:Invoking command in '/home/pham/ultrasonic/ultrasonic': PYTHONPATH=/home/pham/ultrasonic/build/ros2_tutorial_quang/prefix_override:/home/pham/ultrasonic/install/ros2_tutorial_quang/lib/python3.10/site-packages:${PYTHONPATH} /usr/bin/python3 setup.py egg_info --egg-base ../build/ros2_tutorial_quang build --build-base /home/pham/ultrasonic/build/ros2_tutorial_quang/build install --record /home/pham/ultrasonic/build/ros2_tutorial_quang/install.log --single-version-externally-managed
[4.923s] DEBUG:colcon.colcon_core.event_handler.log_command:Invoked command in '/home/pham/ultrasonic/ultrasonic' returned '1': PYTHONPATH=/home/pham/ultrasonic/build/ros2_tutorial_quang/prefix_override:/home/pham/ultrasonic/install/ros2_tutorial_quang/lib/python3.10/site-packages:${PYTHONPATH} /usr/bin/python3 setup.py egg_info --egg-base ../build/ros2_tutorial_quang build --build-base /home/pham/ultrasonic/build/ros2_tutorial_quang/build install --record /home/pham/ultrasonic/build/ros2_tutorial_quang/install.log --single-version-externally-managed
[4.934s] DEBUG:colcon.colcon_parallel_executor.executor.parallel:closing loop
[4.934s] DEBUG:colcon.colcon_parallel_executor.executor.parallel:loop closed
[4.934s] DEBUG:colcon.colcon_parallel_executor.executor.parallel:run_until_complete finished with '1'
[4.934s] DEBUG:colcon.colcon_core.event_reactor:joining thread
[5.021s] INFO:colcon.colcon_core.plugin_system:Skipping extension 'colcon_notification.desktop_notification.terminal_notifier': Not used on non-Darwin systems
[5.021s] INFO:colcon.colcon_core.plugin_system:Skipping extension 'colcon_notification.desktop_notification.win32': Not used on non-Windows systems
[5.021s] INFO:colcon.colcon_notification.desktop_notification:Sending desktop notification using 'notify2'
[5.127s] DEBUG:colcon.colcon_core.event_reactor:joined thread
[5.129s] INFO:colcon.colcon_core.shell:Creating prefix script '/home/pham/ultrasonic/install/local_setup.ps1'
[5.161s] INFO:colcon.colcon_core.shell:Creating prefix util module '/home/pham/ultrasonic/install/_local_setup_util_ps1.py'
[5.164s] INFO:colcon.colcon_core.shell:Creating prefix chain script '/home/pham/ultrasonic/install/setup.ps1'
[5.166s] INFO:colcon.colcon_core.shell:Creating prefix script '/home/pham/ultrasonic/install/local_setup.sh'
[5.168s] INFO:colcon.colcon_core.shell:Creating prefix util module '/home/pham/ultrasonic/install/_local_setup_util_sh.py'
[5.169s] INFO:colcon.colcon_core.shell:Creating prefix chain script '/home/pham/ultrasonic/install/setup.sh'
[5.171s] INFO:colcon.colcon_core.shell:Creating prefix script '/home/pham/ultrasonic/install/local_setup.bash'
[5.180s] INFO:colcon.colcon_core.shell:Creating prefix chain script '/home/pham/ultrasonic/install/setup.bash'
[5.182s] INFO:colcon.colcon_core.shell:Creating prefix script '/home/pham/ultrasonic/install/local_setup.zsh'
[5.184s] INFO:colcon.colcon_core.shell:Creating prefix chain script '/home/pham/ultrasonic/install/setup.zsh'
