running egg_info
creating ../build/ultrasonic/ultrasonic.egg-info
writing ../build/ultrasonic/ultrasonic.egg-info/PKG-INFO
writing dependency_links to ../build/ultrasonic/ultrasonic.egg-info/dependency_links.txt
writing entry points to ../build/ultrasonic/ultrasonic.egg-info/entry_points.txt
writing requirements to ../build/ultrasonic/ultrasonic.egg-info/requires.txt
writing top-level names to ../build/ultrasonic/ultrasonic.egg-info/top_level.txt
writing manifest file '../build/ultrasonic/ultrasonic.egg-info/SOURCES.txt'
reading manifest file '../build/ultrasonic/ultrasonic.egg-info/SOURCES.txt'
writing manifest file '../build/ultrasonic/ultrasonic.egg-info/SOURCES.txt'
running build
running build_py
running install
running install_lib
/usr/lib/python3/dist-packages/setuptools/command/install.py:34: SetuptoolsDeprecationWarning: setup.py install is deprecated. Use build and pip and other standards-based tools.
  warnings.warn(
running install_data
running install_egg_info
Copying ../build/ultrasonic/ultrasonic.egg-info to /home/pham/ultrasonic/install/ultrasonic/lib/python3.10/site-packages/ultrasonic-0.0.0-py3.10.egg-info
running install_scripts
Installing reader script to /home/pham/ultrasonic/install/ultrasonic/lib/ultrasonic
writing list of installed files to '/home/pham/ultrasonic/build/ultrasonic/install.log'
