[0.497s] Invoking command in '/home/pham/ultrasonic/ultrasonic': PYTHONPATH=/home/pham/ultrasonic/build/ultrasonic/prefix_override:/home/pham/ultrasonic/install/ultrasonic/lib/python3.10/site-packages:${PYTHONPATH} /usr/bin/python3 setup.py egg_info --egg-base ../build/ultrasonic build --build-base /home/pham/ultrasonic/build/ultrasonic/build install --record /home/pham/ultrasonic/build/ultrasonic/install.log --single-version-externally-managed
[0.661s] running egg_info
[0.666s] creating ../build/ultrasonic/ultrasonic.egg-info
[0.672s] writing ../build/ultrasonic/ultrasonic.egg-info/PKG-INFO
[0.682s] writing dependency_links to ../build/ultrasonic/ultrasonic.egg-info/dependency_links.txt
[0.683s] writing entry points to ../build/ultrasonic/ultrasonic.egg-info/entry_points.txt
[0.683s] writing requirements to ../build/ultrasonic/ultrasonic.egg-info/requires.txt
[0.683s] writing top-level names to ../build/ultrasonic/ultrasonic.egg-info/top_level.txt
[0.683s] writing manifest file '../build/ultrasonic/ultrasonic.egg-info/SOURCES.txt'
[0.683s] reading manifest file '../build/ultrasonic/ultrasonic.egg-info/SOURCES.txt'
[0.683s] writing manifest file '../build/ultrasonic/ultrasonic.egg-info/SOURCES.txt'
[0.684s] running build
[0.684s] running build_py
[0.684s] running install
[0.684s] running install_lib
[0.684s] /usr/lib/python3/dist-packages/setuptools/command/install.py:34: SetuptoolsDeprecationWarning: setup.py install is deprecated. Use build and pip and other standards-based tools.
[0.685s]   warnings.warn(
[0.685s] running install_data
[0.686s] running install_egg_info
[0.688s] Copying ../build/ultrasonic/ultrasonic.egg-info to /home/pham/ultrasonic/install/ultrasonic/lib/python3.10/site-packages/ultrasonic-0.0.0-py3.10.egg-info
[0.689s] running install_scripts
[0.713s] Installing reader script to /home/pham/ultrasonic/install/ultrasonic/lib/ultrasonic
[0.714s] writing list of installed files to '/home/pham/ultrasonic/build/ultrasonic/install.log'
[0.734s] Invoked command in '/home/pham/ultrasonic/ultrasonic' returned '0': PYTHONPATH=/home/pham/ultrasonic/build/ultrasonic/prefix_override:/home/pham/ultrasonic/install/ultrasonic/lib/python3.10/site-packages:${PYTHONPATH} /usr/bin/python3 setup.py egg_info --egg-base ../build/ultrasonic build --build-base /home/pham/ultrasonic/build/ultrasonic/build install --record /home/pham/ultrasonic/build/ultrasonic/install.log --single-version-externally-managed
