[0.263s] DEBUG:colcon:Command line arguments: ['/usr/bin/colcon', 'build']
[0.263s] DEBUG:colcon:Parsed command line arguments: Namespace(log_base=None, log_level=None, verb_name='build', build_base='build', install_base='install', merge_install=False, symlink_install=False, test_result_base=None, continue_on_error=False, executor='parallel', parallel_workers=4, event_handlers=None, ignore_user_meta=False, metas=['./colcon.meta'], base_paths=['.'], packages_ignore=None, packages_ignore_regex=None, paths=None, packages_up_to=None, packages_up_to_regex=None, packages_above=None, packages_above_and_dependencies=None, packages_above_depth=None, packages_select_by_dep=None, packages_skip_by_dep=None, packages_skip_up_to=None, packages_select_build_failed=False, packages_skip_build_finished=False, packages_select_test_failures=False, packages_skip_test_passed=False, packages_select=None, packages_skip=None, packages_select_regex=None, packages_skip_regex=None, packages_start=None, packages_end=None, allow_overriding=[], cmake_args=None, cmake_target=None, cmake_target_skip_unavailable=False, cmake_clean_cache=False, cmake_clean_first=False, cmake_force_configure=False, ament_cmake_args=None, catkin_cmake_args=None, catkin_skip_building_tests=False, verb_parser=<colcon_defaults.argument_parser.defaults.DefaultArgumentsDecorator object at 0x7fd2d0ac6da0>, verb_extension=<colcon_core.verb.build.BuildVerb object at 0x7fd2d12f7070>, main=<bound method BuildVerb.main of <colcon_core.verb.build.BuildVerb object at 0x7fd2d12f7070>>)
[0.288s] Level 1:colcon.colcon_core.package_discovery:discover_packages(colcon_meta) check parameters
[0.288s] Level 1:colcon.colcon_core.package_discovery:discover_packages(recursive) check parameters
[0.288s] Level 1:colcon.colcon_core.package_discovery:discover_packages(ignore) check parameters
[0.288s] Level 1:colcon.colcon_core.package_discovery:discover_packages(path) check parameters
[0.288s] Level 1:colcon.colcon_core.package_discovery:discover_packages(colcon_meta) discover
[0.288s] Level 1:colcon.colcon_core.package_discovery:discover_packages(recursive) discover
[0.288s] INFO:colcon.colcon_core.package_discovery:Crawling recursively for packages in '/home/pham/ultrasonic'
[0.289s] Level 1:colcon.colcon_core.package_identification:_identify(.) by extensions ['ignore', 'ignore_ament_install']
[0.289s] Level 1:colcon.colcon_core.package_identification:_identify(.) by extension 'ignore'
[0.289s] Level 1:colcon.colcon_core.package_identification:_identify(.) by extension 'ignore_ament_install'
[0.289s] Level 1:colcon.colcon_core.package_identification:_identify(.) by extensions ['colcon_pkg']
[0.289s] Level 1:colcon.colcon_core.package_identification:_identify(.) by extension 'colcon_pkg'
[0.289s] Level 1:colcon.colcon_core.package_identification:_identify(.) by extensions ['colcon_meta']
[0.289s] Level 1:colcon.colcon_core.package_identification:_identify(.) by extension 'colcon_meta'
[0.289s] Level 1:colcon.colcon_core.package_identification:_identify(.) by extensions ['ros']
[0.289s] Level 1:colcon.colcon_core.package_identification:_identify(.) by extension 'ros'
[0.297s] Level 1:colcon.colcon_core.package_identification:_identify(.) by extensions ['cmake', 'python']
[0.297s] Level 1:colcon.colcon_core.package_identification:_identify(.) by extension 'cmake'
[0.297s] Level 1:colcon.colcon_core.package_identification:_identify(.) by extension 'python'
[0.297s] Level 1:colcon.colcon_core.package_identification:_identify(.) by extensions ['python_setup_py']
[0.297s] Level 1:colcon.colcon_core.package_identification:_identify(.) by extension 'python_setup_py'
[0.298s] Level 1:colcon.colcon_core.package_identification:_identify(build) by extensions ['ignore', 'ignore_ament_install']
[0.298s] Level 1:colcon.colcon_core.package_identification:_identify(build) by extension 'ignore'
[0.298s] Level 1:colcon.colcon_core.package_identification:_identify(build) ignored
[0.298s] Level 1:colcon.colcon_core.package_identification:_identify(install) by extensions ['ignore', 'ignore_ament_install']
[0.298s] Level 1:colcon.colcon_core.package_identification:_identify(install) by extension 'ignore'
[0.298s] Level 1:colcon.colcon_core.package_identification:_identify(install) ignored
[0.298s] Level 1:colcon.colcon_core.package_identification:_identify(log) by extensions ['ignore', 'ignore_ament_install']
[0.298s] Level 1:colcon.colcon_core.package_identification:_identify(log) by extension 'ignore'
[0.298s] Level 1:colcon.colcon_core.package_identification:_identify(log) ignored
[0.298s] Level 1:colcon.colcon_core.package_identification:_identify(src) by extensions ['ignore', 'ignore_ament_install']
[0.298s] Level 1:colcon.colcon_core.package_identification:_identify(src) by extension 'ignore'
[0.298s] Level 1:colcon.colcon_core.package_identification:_identify(src) by extension 'ignore_ament_install'
[0.298s] Level 1:colcon.colcon_core.package_identification:_identify(src) by extensions ['colcon_pkg']
[0.298s] Level 1:colcon.colcon_core.package_identification:_identify(src) by extension 'colcon_pkg'
[0.298s] Level 1:colcon.colcon_core.package_identification:_identify(src) by extensions ['colcon_meta']
[0.298s] Level 1:colcon.colcon_core.package_identification:_identify(src) by extension 'colcon_meta'
[0.298s] Level 1:colcon.colcon_core.package_identification:_identify(src) by extensions ['ros']
[0.298s] Level 1:colcon.colcon_core.package_identification:_identify(src) by extension 'ros'
[0.298s] Level 1:colcon.colcon_core.package_identification:_identify(src) by extensions ['cmake', 'python']
[0.298s] Level 1:colcon.colcon_core.package_identification:_identify(src) by extension 'cmake'
[0.298s] Level 1:colcon.colcon_core.package_identification:_identify(src) by extension 'python'
[0.298s] Level 1:colcon.colcon_core.package_identification:_identify(src) by extensions ['python_setup_py']
[0.298s] Level 1:colcon.colcon_core.package_identification:_identify(src) by extension 'python_setup_py'
[0.298s] Level 1:colcon.colcon_core.package_identification:_identify(src/ros2_socketcan) by extensions ['ignore', 'ignore_ament_install']
[0.299s] Level 1:colcon.colcon_core.package_identification:_identify(src/ros2_socketcan) by extension 'ignore'
[0.299s] Level 1:colcon.colcon_core.package_identification:_identify(src/ros2_socketcan) by extension 'ignore_ament_install'
[0.299s] Level 1:colcon.colcon_core.package_identification:_identify(src/ros2_socketcan) by extensions ['colcon_pkg']
[0.299s] Level 1:colcon.colcon_core.package_identification:_identify(src/ros2_socketcan) by extension 'colcon_pkg'
[0.299s] Level 1:colcon.colcon_core.package_identification:_identify(src/ros2_socketcan) by extensions ['colcon_meta']
[0.299s] Level 1:colcon.colcon_core.package_identification:_identify(src/ros2_socketcan) by extension 'colcon_meta'
[0.299s] Level 1:colcon.colcon_core.package_identification:_identify(src/ros2_socketcan) by extensions ['ros']
[0.299s] Level 1:colcon.colcon_core.package_identification:_identify(src/ros2_socketcan) by extension 'ros'
[0.299s] Level 1:colcon.colcon_core.package_identification:_identify(src/ros2_socketcan) by extensions ['cmake', 'python']
[0.299s] Level 1:colcon.colcon_core.package_identification:_identify(src/ros2_socketcan) by extension 'cmake'
[0.299s] Level 1:colcon.colcon_core.package_identification:_identify(src/ros2_socketcan) by extension 'python'
[0.299s] Level 1:colcon.colcon_core.package_identification:_identify(src/ros2_socketcan) by extensions ['python_setup_py']
[0.299s] Level 1:colcon.colcon_core.package_identification:_identify(src/ros2_socketcan) by extension 'python_setup_py'
[0.299s] Level 1:colcon.colcon_core.package_identification:_identify(src/ros2_socketcan/ros2_socketcan) by extensions ['ignore', 'ignore_ament_install']
[0.299s] Level 1:colcon.colcon_core.package_identification:_identify(src/ros2_socketcan/ros2_socketcan) by extension 'ignore'
[0.299s] Level 1:colcon.colcon_core.package_identification:_identify(src/ros2_socketcan/ros2_socketcan) by extension 'ignore_ament_install'
[0.299s] Level 1:colcon.colcon_core.package_identification:_identify(src/ros2_socketcan/ros2_socketcan) by extensions ['colcon_pkg']
[0.299s] Level 1:colcon.colcon_core.package_identification:_identify(src/ros2_socketcan/ros2_socketcan) by extension 'colcon_pkg'
[0.299s] Level 1:colcon.colcon_core.package_identification:_identify(src/ros2_socketcan/ros2_socketcan) by extensions ['colcon_meta']
[0.299s] Level 1:colcon.colcon_core.package_identification:_identify(src/ros2_socketcan/ros2_socketcan) by extension 'colcon_meta'
[0.299s] Level 1:colcon.colcon_core.package_identification:_identify(src/ros2_socketcan/ros2_socketcan) by extensions ['ros']
[0.299s] Level 1:colcon.colcon_core.package_identification:_identify(src/ros2_socketcan/ros2_socketcan) by extension 'ros'
[0.301s] DEBUG:colcon.colcon_core.package_identification:Package 'src/ros2_socketcan/ros2_socketcan' with type 'ros.ament_cmake' and name 'ros2_socketcan'
[0.301s] Level 1:colcon.colcon_core.package_identification:_identify(src/ros2_socketcan/ros2_socketcan_msgs) by extensions ['ignore', 'ignore_ament_install']
[0.302s] Level 1:colcon.colcon_core.package_identification:_identify(src/ros2_socketcan/ros2_socketcan_msgs) by extension 'ignore'
[0.302s] Level 1:colcon.colcon_core.package_identification:_identify(src/ros2_socketcan/ros2_socketcan_msgs) by extension 'ignore_ament_install'
[0.302s] Level 1:colcon.colcon_core.package_identification:_identify(src/ros2_socketcan/ros2_socketcan_msgs) by extensions ['colcon_pkg']
[0.302s] Level 1:colcon.colcon_core.package_identification:_identify(src/ros2_socketcan/ros2_socketcan_msgs) by extension 'colcon_pkg'
[0.302s] Level 1:colcon.colcon_core.package_identification:_identify(src/ros2_socketcan/ros2_socketcan_msgs) by extensions ['colcon_meta']
[0.302s] Level 1:colcon.colcon_core.package_identification:_identify(src/ros2_socketcan/ros2_socketcan_msgs) by extension 'colcon_meta'
[0.302s] Level 1:colcon.colcon_core.package_identification:_identify(src/ros2_socketcan/ros2_socketcan_msgs) by extensions ['ros']
[0.302s] Level 1:colcon.colcon_core.package_identification:_identify(src/ros2_socketcan/ros2_socketcan_msgs) by extension 'ros'
[0.302s] DEBUG:colcon.colcon_core.package_identification:Package 'src/ros2_socketcan/ros2_socketcan_msgs' with type 'ros.ament_cmake' and name 'ros2_socketcan_msgs'
[0.302s] Level 1:colcon.colcon_core.package_identification:_identify(src/ultrasonic) by extensions ['ignore', 'ignore_ament_install']
[0.302s] Level 1:colcon.colcon_core.package_identification:_identify(src/ultrasonic) by extension 'ignore'
[0.302s] Level 1:colcon.colcon_core.package_identification:_identify(src/ultrasonic) by extension 'ignore_ament_install'
[0.302s] Level 1:colcon.colcon_core.package_identification:_identify(src/ultrasonic) by extensions ['colcon_pkg']
[0.302s] Level 1:colcon.colcon_core.package_identification:_identify(src/ultrasonic) by extension 'colcon_pkg'
[0.302s] Level 1:colcon.colcon_core.package_identification:_identify(src/ultrasonic) by extensions ['colcon_meta']
[0.302s] Level 1:colcon.colcon_core.package_identification:_identify(src/ultrasonic) by extension 'colcon_meta'
[0.303s] Level 1:colcon.colcon_core.package_identification:_identify(src/ultrasonic) by extensions ['ros']
[0.303s] Level 1:colcon.colcon_core.package_identification:_identify(src/ultrasonic) by extension 'ros'
[0.303s] DEBUG:colcon.colcon_core.package_identification:Package 'src/ultrasonic' with type 'ros.ament_python' and name 'ultrasonic'
[0.303s] Level 1:colcon.colcon_core.package_discovery:discover_packages(recursive) using defaults
[0.303s] Level 1:colcon.colcon_core.package_discovery:discover_packages(ignore) discover
[0.303s] Level 1:colcon.colcon_core.package_discovery:discover_packages(ignore) using defaults
[0.303s] Level 1:colcon.colcon_core.package_discovery:discover_packages(path) discover
[0.303s] Level 1:colcon.colcon_core.package_discovery:discover_packages(path) using defaults
[0.320s] Level 1:colcon.colcon_core.package_discovery:discover_packages(prefix_path) check parameters
[0.320s] Level 1:colcon.colcon_core.package_discovery:discover_packages(prefix_path) discover
[0.323s] DEBUG:colcon.colcon_installed_package_information.package_discovery:Found 299 installed packages in /opt/ros/humble
[0.324s] Level 1:colcon.colcon_core.package_discovery:discover_packages(prefix_path) using defaults
[0.372s] Level 5:colcon.colcon_core.verb:set package 'ros2_socketcan_msgs' build argument 'cmake_args' from command line to 'None'
[0.372s] Level 5:colcon.colcon_core.verb:set package 'ros2_socketcan_msgs' build argument 'cmake_target' from command line to 'None'
[0.372s] Level 5:colcon.colcon_core.verb:set package 'ros2_socketcan_msgs' build argument 'cmake_target_skip_unavailable' from command line to 'False'
[0.372s] Level 5:colcon.colcon_core.verb:set package 'ros2_socketcan_msgs' build argument 'cmake_clean_cache' from command line to 'False'
[0.372s] Level 5:colcon.colcon_core.verb:set package 'ros2_socketcan_msgs' build argument 'cmake_clean_first' from command line to 'False'
[0.372s] Level 5:colcon.colcon_core.verb:set package 'ros2_socketcan_msgs' build argument 'cmake_force_configure' from command line to 'False'
[0.372s] Level 5:colcon.colcon_core.verb:set package 'ros2_socketcan_msgs' build argument 'ament_cmake_args' from command line to 'None'
[0.372s] Level 5:colcon.colcon_core.verb:set package 'ros2_socketcan_msgs' build argument 'catkin_cmake_args' from command line to 'None'
[0.372s] Level 5:colcon.colcon_core.verb:set package 'ros2_socketcan_msgs' build argument 'catkin_skip_building_tests' from command line to 'False'
[0.372s] DEBUG:colcon.colcon_core.verb:Building package 'ros2_socketcan_msgs' with the following arguments: {'ament_cmake_args': None, 'build_base': '/home/pham/ultrasonic/build/ros2_socketcan_msgs', 'catkin_cmake_args': None, 'catkin_skip_building_tests': False, 'cmake_args': None, 'cmake_clean_cache': False, 'cmake_clean_first': False, 'cmake_force_configure': False, 'cmake_target': None, 'cmake_target_skip_unavailable': False, 'install_base': '/home/pham/ultrasonic/install/ros2_socketcan_msgs', 'merge_install': False, 'path': '/home/pham/ultrasonic/src/ros2_socketcan/ros2_socketcan_msgs', 'symlink_install': False, 'test_result_base': None}
[0.373s] Level 5:colcon.colcon_core.verb:set package 'ultrasonic' build argument 'cmake_args' from command line to 'None'
[0.373s] Level 5:colcon.colcon_core.verb:set package 'ultrasonic' build argument 'cmake_target' from command line to 'None'
[0.373s] Level 5:colcon.colcon_core.verb:set package 'ultrasonic' build argument 'cmake_target_skip_unavailable' from command line to 'False'
[0.373s] Level 5:colcon.colcon_core.verb:set package 'ultrasonic' build argument 'cmake_clean_cache' from command line to 'False'
[0.373s] Level 5:colcon.colcon_core.verb:set package 'ultrasonic' build argument 'cmake_clean_first' from command line to 'False'
[0.373s] Level 5:colcon.colcon_core.verb:set package 'ultrasonic' build argument 'cmake_force_configure' from command line to 'False'
[0.373s] Level 5:colcon.colcon_core.verb:set package 'ultrasonic' build argument 'ament_cmake_args' from command line to 'None'
[0.373s] Level 5:colcon.colcon_core.verb:set package 'ultrasonic' build argument 'catkin_cmake_args' from command line to 'None'
[0.373s] Level 5:colcon.colcon_core.verb:set package 'ultrasonic' build argument 'catkin_skip_building_tests' from command line to 'False'
[0.373s] DEBUG:colcon.colcon_core.verb:Building package 'ultrasonic' with the following arguments: {'ament_cmake_args': None, 'build_base': '/home/pham/ultrasonic/build/ultrasonic', 'catkin_cmake_args': None, 'catkin_skip_building_tests': False, 'cmake_args': None, 'cmake_clean_cache': False, 'cmake_clean_first': False, 'cmake_force_configure': False, 'cmake_target': None, 'cmake_target_skip_unavailable': False, 'install_base': '/home/pham/ultrasonic/install/ultrasonic', 'merge_install': False, 'path': '/home/pham/ultrasonic/src/ultrasonic', 'symlink_install': False, 'test_result_base': None}
[0.373s] Level 5:colcon.colcon_core.verb:set package 'ros2_socketcan' build argument 'cmake_args' from command line to 'None'
[0.373s] Level 5:colcon.colcon_core.verb:set package 'ros2_socketcan' build argument 'cmake_target' from command line to 'None'
[0.373s] Level 5:colcon.colcon_core.verb:set package 'ros2_socketcan' build argument 'cmake_target_skip_unavailable' from command line to 'False'
[0.373s] Level 5:colcon.colcon_core.verb:set package 'ros2_socketcan' build argument 'cmake_clean_cache' from command line to 'False'
[0.374s] Level 5:colcon.colcon_core.verb:set package 'ros2_socketcan' build argument 'cmake_clean_first' from command line to 'False'
[0.374s] Level 5:colcon.colcon_core.verb:set package 'ros2_socketcan' build argument 'cmake_force_configure' from command line to 'False'
[0.374s] Level 5:colcon.colcon_core.verb:set package 'ros2_socketcan' build argument 'ament_cmake_args' from command line to 'None'
[0.374s] Level 5:colcon.colcon_core.verb:set package 'ros2_socketcan' build argument 'catkin_cmake_args' from command line to 'None'
[0.374s] Level 5:colcon.colcon_core.verb:set package 'ros2_socketcan' build argument 'catkin_skip_building_tests' from command line to 'False'
[0.374s] DEBUG:colcon.colcon_core.verb:Building package 'ros2_socketcan' with the following arguments: {'ament_cmake_args': None, 'build_base': '/home/pham/ultrasonic/build/ros2_socketcan', 'catkin_cmake_args': None, 'catkin_skip_building_tests': False, 'cmake_args': None, 'cmake_clean_cache': False, 'cmake_clean_first': False, 'cmake_force_configure': False, 'cmake_target': None, 'cmake_target_skip_unavailable': False, 'install_base': '/home/pham/ultrasonic/install/ros2_socketcan', 'merge_install': False, 'path': '/home/pham/ultrasonic/src/ros2_socketcan/ros2_socketcan', 'symlink_install': False, 'test_result_base': None}
[0.374s] INFO:colcon.colcon_core.executor:Executing jobs using 'parallel' executor
[0.378s] DEBUG:colcon.colcon_parallel_executor.executor.parallel:run_until_complete
[0.378s] INFO:colcon.colcon_ros.task.ament_cmake.build:Building ROS package in '/home/pham/ultrasonic/src/ros2_socketcan/ros2_socketcan_msgs' with build type 'ament_cmake'
[0.378s] INFO:colcon.colcon_cmake.task.cmake.build:Building CMake package in '/home/pham/ultrasonic/src/ros2_socketcan/ros2_socketcan_msgs'
[0.383s] INFO:colcon.colcon_core.plugin_system:Skipping extension 'colcon_core.shell.bat': Not used on non-Windows systems
[0.383s] INFO:colcon.colcon_core.shell:Skip shell extension 'powershell' for command environment: Not usable outside of PowerShell
[0.383s] DEBUG:colcon.colcon_core.shell:Skip shell extension 'dsv' for command environment
[0.387s] INFO:colcon.colcon_ros.task.ament_python.build:Building ROS package in '/home/pham/ultrasonic/src/ultrasonic' with build type 'ament_python'
[0.387s] Level 1:colcon.colcon_core.shell:create_environment_hook('ultrasonic', 'ament_prefix_path')
[0.389s] INFO:colcon.colcon_core.shell:Creating environment hook '/home/pham/ultrasonic/install/ultrasonic/share/ultrasonic/hook/ament_prefix_path.ps1'
[0.391s] INFO:colcon.colcon_core.shell:Creating environment descriptor '/home/pham/ultrasonic/install/ultrasonic/share/ultrasonic/hook/ament_prefix_path.dsv'
[0.392s] INFO:colcon.colcon_core.shell:Creating environment hook '/home/pham/ultrasonic/install/ultrasonic/share/ultrasonic/hook/ament_prefix_path.sh'
[0.395s] INFO:colcon.colcon_core.shell:Skip shell extension 'powershell' for command environment: Not usable outside of PowerShell
[0.395s] DEBUG:colcon.colcon_core.shell:Skip shell extension 'dsv' for command environment
[0.440s] DEBUG:colcon.colcon_core.event_handler.log_command:Invoking command in '/home/pham/ultrasonic/build/ros2_socketcan_msgs': CMAKE_PREFIX_PATH=/opt/ros/humble /usr/bin/cmake --build /home/pham/ultrasonic/build/ros2_socketcan_msgs -- -j4 -l4
[0.737s] INFO:colcon.colcon_core.task.python.build:Building Python package in '/home/pham/ultrasonic/src/ultrasonic'
[0.738s] INFO:colcon.colcon_core.shell:Skip shell extension 'powershell' for command environment: Not usable outside of PowerShell
[0.738s] DEBUG:colcon.colcon_core.shell:Skip shell extension 'dsv' for command environment
[0.958s] DEBUG:colcon.colcon_core.event_handler.log_command:Invoked command in '/home/pham/ultrasonic/build/ros2_socketcan_msgs' returned '0': CMAKE_PREFIX_PATH=/opt/ros/humble /usr/bin/cmake --build /home/pham/ultrasonic/build/ros2_socketcan_msgs -- -j4 -l4
[1.074s] DEBUG:colcon.colcon_core.event_handler.log_command:Invoking command in '/home/pham/ultrasonic/src/ultrasonic': PYTHONPATH=/home/pham/ultrasonic/build/ultrasonic/prefix_override:/home/pham/ultrasonic/install/ultrasonic/lib/python3.10/site-packages:${PYTHONPATH} /usr/bin/python3 setup.py egg_info --egg-base ../../build/ultrasonic build --build-base /home/pham/ultrasonic/build/ultrasonic/build install --record /home/pham/ultrasonic/build/ultrasonic/install.log --single-version-externally-managed
[1.155s] DEBUG:colcon.colcon_core.event_handler.log_command:Invoking command in '/home/pham/ultrasonic/build/ros2_socketcan_msgs': CMAKE_PREFIX_PATH=/opt/ros/humble /usr/bin/cmake --install /home/pham/ultrasonic/build/ros2_socketcan_msgs
[1.225s] Level 1:colcon.colcon_core.environment:create_environment_scripts_only(ros2_socketcan_msgs)
[1.228s] DEBUG:colcon.colcon_core.event_handler.log_command:Invoked command in '/home/pham/ultrasonic/build/ros2_socketcan_msgs' returned '0': CMAKE_PREFIX_PATH=/opt/ros/humble /usr/bin/cmake --install /home/pham/ultrasonic/build/ros2_socketcan_msgs
[1.230s] Level 1:colcon.colcon_core.environment:checking '/home/pham/ultrasonic/install/ros2_socketcan_msgs' for CMake module files
[1.231s] Level 1:colcon.colcon_core.environment:checking '/home/pham/ultrasonic/install/ros2_socketcan_msgs' for CMake config files
[1.231s] Level 1:colcon.colcon_core.shell:create_environment_hook('ros2_socketcan_msgs', 'cmake_prefix_path')
[1.232s] INFO:colcon.colcon_core.shell:Creating environment hook '/home/pham/ultrasonic/install/ros2_socketcan_msgs/share/ros2_socketcan_msgs/hook/cmake_prefix_path.ps1'
[1.233s] INFO:colcon.colcon_core.shell:Creating environment descriptor '/home/pham/ultrasonic/install/ros2_socketcan_msgs/share/ros2_socketcan_msgs/hook/cmake_prefix_path.dsv'
[1.234s] INFO:colcon.colcon_core.shell:Creating environment hook '/home/pham/ultrasonic/install/ros2_socketcan_msgs/share/ros2_socketcan_msgs/hook/cmake_prefix_path.sh'
[1.234s] Level 1:colcon.colcon_core.environment:checking '/home/pham/ultrasonic/install/ros2_socketcan_msgs/lib'
[1.235s] Level 1:colcon.colcon_core.shell:create_environment_hook('ros2_socketcan_msgs', 'ld_library_path_lib')
[1.236s] INFO:colcon.colcon_core.shell:Creating environment hook '/home/pham/ultrasonic/install/ros2_socketcan_msgs/share/ros2_socketcan_msgs/hook/ld_library_path_lib.ps1'
[1.236s] INFO:colcon.colcon_core.shell:Creating environment descriptor '/home/pham/ultrasonic/install/ros2_socketcan_msgs/share/ros2_socketcan_msgs/hook/ld_library_path_lib.dsv'
[1.236s] INFO:colcon.colcon_core.shell:Creating environment hook '/home/pham/ultrasonic/install/ros2_socketcan_msgs/share/ros2_socketcan_msgs/hook/ld_library_path_lib.sh'
[1.237s] Level 1:colcon.colcon_core.environment:checking '/home/pham/ultrasonic/install/ros2_socketcan_msgs/bin'
[1.237s] Level 1:colcon.colcon_core.environment:checking '/home/pham/ultrasonic/install/ros2_socketcan_msgs/lib/pkgconfig/ros2_socketcan_msgs.pc'
[1.237s] Level 1:colcon.colcon_core.environment:checking '/home/pham/ultrasonic/install/ros2_socketcan_msgs/lib/python3.10/site-packages'
[1.237s] Level 1:colcon.colcon_core.environment:checking '/home/pham/ultrasonic/install/ros2_socketcan_msgs/bin'
[1.238s] INFO:colcon.colcon_core.shell:Creating package script '/home/pham/ultrasonic/install/ros2_socketcan_msgs/share/ros2_socketcan_msgs/package.ps1'
[1.239s] INFO:colcon.colcon_core.shell:Creating package descriptor '/home/pham/ultrasonic/install/ros2_socketcan_msgs/share/ros2_socketcan_msgs/package.dsv'
[1.240s] INFO:colcon.colcon_core.shell:Creating package script '/home/pham/ultrasonic/install/ros2_socketcan_msgs/share/ros2_socketcan_msgs/package.sh'
[1.241s] INFO:colcon.colcon_core.shell:Creating package script '/home/pham/ultrasonic/install/ros2_socketcan_msgs/share/ros2_socketcan_msgs/package.bash'
[1.241s] INFO:colcon.colcon_core.shell:Creating package script '/home/pham/ultrasonic/install/ros2_socketcan_msgs/share/ros2_socketcan_msgs/package.zsh'
[1.242s] Level 1:colcon.colcon_core.environment:create_file_with_runtime_dependencies(/home/pham/ultrasonic/install/ros2_socketcan_msgs/share/colcon-core/packages/ros2_socketcan_msgs)
[1.385s] Level 1:colcon.colcon_core.environment:checking '/home/pham/ultrasonic/install/ultrasonic' for CMake module files
[1.390s] DEBUG:colcon.colcon_core.event_handler.log_command:Invoked command in '/home/pham/ultrasonic/src/ultrasonic' returned '0': PYTHONPATH=/home/pham/ultrasonic/build/ultrasonic/prefix_override:/home/pham/ultrasonic/install/ultrasonic/lib/python3.10/site-packages:${PYTHONPATH} /usr/bin/python3 setup.py egg_info --egg-base ../../build/ultrasonic build --build-base /home/pham/ultrasonic/build/ultrasonic/build install --record /home/pham/ultrasonic/build/ultrasonic/install.log --single-version-externally-managed
[1.391s] Level 1:colcon.colcon_core.environment:checking '/home/pham/ultrasonic/install/ultrasonic' for CMake config files
[1.391s] Level 1:colcon.colcon_core.environment:checking '/home/pham/ultrasonic/install/ultrasonic/lib'
[1.391s] Level 1:colcon.colcon_core.environment:checking '/home/pham/ultrasonic/install/ultrasonic/bin'
[1.391s] Level 1:colcon.colcon_core.environment:checking '/home/pham/ultrasonic/install/ultrasonic/lib/pkgconfig/ultrasonic.pc'
[1.391s] Level 1:colcon.colcon_core.environment:checking '/home/pham/ultrasonic/install/ultrasonic/lib/python3.10/site-packages'
[1.391s] Level 1:colcon.colcon_core.shell:create_environment_hook('ultrasonic', 'pythonpath')
[1.392s] INFO:colcon.colcon_core.shell:Creating environment hook '/home/pham/ultrasonic/install/ultrasonic/share/ultrasonic/hook/pythonpath.ps1'
[1.393s] INFO:colcon.colcon_core.shell:Creating environment descriptor '/home/pham/ultrasonic/install/ultrasonic/share/ultrasonic/hook/pythonpath.dsv'
[1.394s] INFO:colcon.colcon_core.shell:Creating environment hook '/home/pham/ultrasonic/install/ultrasonic/share/ultrasonic/hook/pythonpath.sh'
[1.395s] Level 1:colcon.colcon_core.environment:checking '/home/pham/ultrasonic/install/ultrasonic/bin'
[1.395s] Level 1:colcon.colcon_core.environment:create_environment_scripts_only(ultrasonic)
[1.396s] INFO:colcon.colcon_core.shell:Creating package script '/home/pham/ultrasonic/install/ultrasonic/share/ultrasonic/package.ps1'
[1.397s] INFO:colcon.colcon_core.shell:Creating package descriptor '/home/pham/ultrasonic/install/ultrasonic/share/ultrasonic/package.dsv'
[1.398s] INFO:colcon.colcon_core.shell:Creating package script '/home/pham/ultrasonic/install/ultrasonic/share/ultrasonic/package.sh'
[1.398s] INFO:colcon.colcon_core.shell:Creating package script '/home/pham/ultrasonic/install/ultrasonic/share/ultrasonic/package.bash'
[1.400s] INFO:colcon.colcon_core.shell:Creating package script '/home/pham/ultrasonic/install/ultrasonic/share/ultrasonic/package.zsh'
[1.401s] Level 1:colcon.colcon_core.environment:create_file_with_runtime_dependencies(/home/pham/ultrasonic/install/ultrasonic/share/colcon-core/packages/ultrasonic)
[1.504s] Level 1:colcon.colcon_core.environment:create_environment_scripts_only(ros2_socketcan_msgs)
[1.506s] Level 1:colcon.colcon_core.environment:checking '/home/pham/ultrasonic/install/ros2_socketcan_msgs' for CMake module files
[1.506s] Level 1:colcon.colcon_core.environment:checking '/home/pham/ultrasonic/install/ros2_socketcan_msgs' for CMake config files
[1.507s] Level 1:colcon.colcon_core.shell:create_environment_hook('ros2_socketcan_msgs', 'cmake_prefix_path')
[1.507s] INFO:colcon.colcon_core.shell:Creating environment hook '/home/pham/ultrasonic/install/ros2_socketcan_msgs/share/ros2_socketcan_msgs/hook/cmake_prefix_path.ps1'
[1.508s] INFO:colcon.colcon_core.shell:Creating environment descriptor '/home/pham/ultrasonic/install/ros2_socketcan_msgs/share/ros2_socketcan_msgs/hook/cmake_prefix_path.dsv'
[1.508s] INFO:colcon.colcon_core.shell:Creating environment hook '/home/pham/ultrasonic/install/ros2_socketcan_msgs/share/ros2_socketcan_msgs/hook/cmake_prefix_path.sh'
[1.510s] Level 1:colcon.colcon_core.environment:checking '/home/pham/ultrasonic/install/ros2_socketcan_msgs/lib'
[1.510s] Level 1:colcon.colcon_core.shell:create_environment_hook('ros2_socketcan_msgs', 'ld_library_path_lib')
[1.510s] INFO:colcon.colcon_core.shell:Creating environment hook '/home/pham/ultrasonic/install/ros2_socketcan_msgs/share/ros2_socketcan_msgs/hook/ld_library_path_lib.ps1'
[1.511s] INFO:colcon.colcon_core.shell:Creating environment descriptor '/home/pham/ultrasonic/install/ros2_socketcan_msgs/share/ros2_socketcan_msgs/hook/ld_library_path_lib.dsv'
[1.511s] INFO:colcon.colcon_core.shell:Creating environment hook '/home/pham/ultrasonic/install/ros2_socketcan_msgs/share/ros2_socketcan_msgs/hook/ld_library_path_lib.sh'
[1.512s] Level 1:colcon.colcon_core.environment:checking '/home/pham/ultrasonic/install/ros2_socketcan_msgs/bin'
[1.512s] Level 1:colcon.colcon_core.environment:checking '/home/pham/ultrasonic/install/ros2_socketcan_msgs/lib/pkgconfig/ros2_socketcan_msgs.pc'
[1.512s] Level 1:colcon.colcon_core.environment:checking '/home/pham/ultrasonic/install/ros2_socketcan_msgs/lib/python3.10/site-packages'
[1.513s] Level 1:colcon.colcon_core.environment:checking '/home/pham/ultrasonic/install/ros2_socketcan_msgs/bin'
[1.514s] INFO:colcon.colcon_core.shell:Creating package script '/home/pham/ultrasonic/install/ros2_socketcan_msgs/share/ros2_socketcan_msgs/package.ps1'
[1.514s] INFO:colcon.colcon_core.shell:Creating package descriptor '/home/pham/ultrasonic/install/ros2_socketcan_msgs/share/ros2_socketcan_msgs/package.dsv'
[1.515s] INFO:colcon.colcon_core.shell:Creating package script '/home/pham/ultrasonic/install/ros2_socketcan_msgs/share/ros2_socketcan_msgs/package.sh'
[1.516s] INFO:colcon.colcon_core.shell:Creating package script '/home/pham/ultrasonic/install/ros2_socketcan_msgs/share/ros2_socketcan_msgs/package.bash'
[1.517s] INFO:colcon.colcon_core.shell:Creating package script '/home/pham/ultrasonic/install/ros2_socketcan_msgs/share/ros2_socketcan_msgs/package.zsh'
[1.517s] Level 1:colcon.colcon_core.environment:create_file_with_runtime_dependencies(/home/pham/ultrasonic/install/ros2_socketcan_msgs/share/colcon-core/packages/ros2_socketcan_msgs)
[1.520s] INFO:colcon.colcon_ros.task.ament_cmake.build:Building ROS package in '/home/pham/ultrasonic/src/ros2_socketcan/ros2_socketcan' with build type 'ament_cmake'
[1.520s] INFO:colcon.colcon_cmake.task.cmake.build:Building CMake package in '/home/pham/ultrasonic/src/ros2_socketcan/ros2_socketcan'
[1.521s] INFO:colcon.colcon_core.shell:Skip shell extension 'powershell' for command environment: Not usable outside of PowerShell
[1.521s] DEBUG:colcon.colcon_core.shell:Skip shell extension 'dsv' for command environment
[1.574s] DEBUG:colcon.colcon_core.event_handler.log_command:Invoking command in '/home/pham/ultrasonic/build/ros2_socketcan': AMENT_PREFIX_PATH=/home/pham/ultrasonic/install/ros2_socketcan_msgs:${AMENT_PREFIX_PATH} CMAKE_PREFIX_PATH=/home/pham/ultrasonic/install/ros2_socketcan_msgs:/opt/ros/humble LD_LIBRARY_PATH=/home/pham/ultrasonic/install/ros2_socketcan_msgs/lib:${LD_LIBRARY_PATH} PYTHONPATH=/home/pham/ultrasonic/install/ros2_socketcan_msgs/local/lib/python3.10/dist-packages:${PYTHONPATH} /usr/bin/cmake --build /home/pham/ultrasonic/build/ros2_socketcan -- -j4 -l4
[1.768s] DEBUG:colcon.colcon_core.event_handler.log_command:Invoked command in '/home/pham/ultrasonic/build/ros2_socketcan' returned '0': AMENT_PREFIX_PATH=/home/pham/ultrasonic/install/ros2_socketcan_msgs:${AMENT_PREFIX_PATH} CMAKE_PREFIX_PATH=/home/pham/ultrasonic/install/ros2_socketcan_msgs:/opt/ros/humble LD_LIBRARY_PATH=/home/pham/ultrasonic/install/ros2_socketcan_msgs/lib:${LD_LIBRARY_PATH} PYTHONPATH=/home/pham/ultrasonic/install/ros2_socketcan_msgs/local/lib/python3.10/dist-packages:${PYTHONPATH} /usr/bin/cmake --build /home/pham/ultrasonic/build/ros2_socketcan -- -j4 -l4
[1.936s] DEBUG:colcon.colcon_core.event_handler.log_command:Invoking command in '/home/pham/ultrasonic/build/ros2_socketcan': AMENT_PREFIX_PATH=/home/pham/ultrasonic/install/ros2_socketcan_msgs:${AMENT_PREFIX_PATH} CMAKE_PREFIX_PATH=/home/pham/ultrasonic/install/ros2_socketcan_msgs:/opt/ros/humble LD_LIBRARY_PATH=/home/pham/ultrasonic/install/ros2_socketcan_msgs/lib:${LD_LIBRARY_PATH} PYTHONPATH=/home/pham/ultrasonic/install/ros2_socketcan_msgs/local/lib/python3.10/dist-packages:${PYTHONPATH} /usr/bin/cmake --install /home/pham/ultrasonic/build/ros2_socketcan
[1.972s] Level 1:colcon.colcon_core.environment:create_environment_scripts_only(ros2_socketcan)
[1.975s] Level 1:colcon.colcon_core.environment:checking '/home/pham/ultrasonic/install/ros2_socketcan' for CMake module files
[1.976s] DEBUG:colcon.colcon_core.event_handler.log_command:Invoked command in '/home/pham/ultrasonic/build/ros2_socketcan' returned '0': AMENT_PREFIX_PATH=/home/pham/ultrasonic/install/ros2_socketcan_msgs:${AMENT_PREFIX_PATH} CMAKE_PREFIX_PATH=/home/pham/ultrasonic/install/ros2_socketcan_msgs:/opt/ros/humble LD_LIBRARY_PATH=/home/pham/ultrasonic/install/ros2_socketcan_msgs/lib:${LD_LIBRARY_PATH} PYTHONPATH=/home/pham/ultrasonic/install/ros2_socketcan_msgs/local/lib/python3.10/dist-packages:${PYTHONPATH} /usr/bin/cmake --install /home/pham/ultrasonic/build/ros2_socketcan
[1.976s] Level 1:colcon.colcon_core.environment:checking '/home/pham/ultrasonic/install/ros2_socketcan' for CMake config files
[1.976s] Level 1:colcon.colcon_core.shell:create_environment_hook('ros2_socketcan', 'cmake_prefix_path')
[1.977s] INFO:colcon.colcon_core.shell:Creating environment hook '/home/pham/ultrasonic/install/ros2_socketcan/share/ros2_socketcan/hook/cmake_prefix_path.ps1'
[1.978s] INFO:colcon.colcon_core.shell:Creating environment descriptor '/home/pham/ultrasonic/install/ros2_socketcan/share/ros2_socketcan/hook/cmake_prefix_path.dsv'
[1.978s] INFO:colcon.colcon_core.shell:Creating environment hook '/home/pham/ultrasonic/install/ros2_socketcan/share/ros2_socketcan/hook/cmake_prefix_path.sh'
[1.979s] Level 1:colcon.colcon_core.environment:checking '/home/pham/ultrasonic/install/ros2_socketcan/lib'
[1.979s] Level 1:colcon.colcon_core.shell:create_environment_hook('ros2_socketcan', 'ld_library_path_lib')
[1.980s] INFO:colcon.colcon_core.shell:Creating environment hook '/home/pham/ultrasonic/install/ros2_socketcan/share/ros2_socketcan/hook/ld_library_path_lib.ps1'
[1.980s] INFO:colcon.colcon_core.shell:Creating environment descriptor '/home/pham/ultrasonic/install/ros2_socketcan/share/ros2_socketcan/hook/ld_library_path_lib.dsv'
[1.981s] INFO:colcon.colcon_core.shell:Creating environment hook '/home/pham/ultrasonic/install/ros2_socketcan/share/ros2_socketcan/hook/ld_library_path_lib.sh'
[1.982s] Level 1:colcon.colcon_core.environment:checking '/home/pham/ultrasonic/install/ros2_socketcan/bin'
[1.982s] Level 1:colcon.colcon_core.environment:checking '/home/pham/ultrasonic/install/ros2_socketcan/lib/pkgconfig/ros2_socketcan.pc'
[1.982s] Level 1:colcon.colcon_core.environment:checking '/home/pham/ultrasonic/install/ros2_socketcan/lib/python3.10/site-packages'
[1.982s] Level 1:colcon.colcon_core.environment:checking '/home/pham/ultrasonic/install/ros2_socketcan/bin'
[1.984s] INFO:colcon.colcon_core.shell:Creating package script '/home/pham/ultrasonic/install/ros2_socketcan/share/ros2_socketcan/package.ps1'
[1.985s] INFO:colcon.colcon_core.shell:Creating package descriptor '/home/pham/ultrasonic/install/ros2_socketcan/share/ros2_socketcan/package.dsv'
[1.986s] INFO:colcon.colcon_core.shell:Creating package script '/home/pham/ultrasonic/install/ros2_socketcan/share/ros2_socketcan/package.sh'
[1.987s] INFO:colcon.colcon_core.shell:Creating package script '/home/pham/ultrasonic/install/ros2_socketcan/share/ros2_socketcan/package.bash'
[1.987s] INFO:colcon.colcon_core.shell:Creating package script '/home/pham/ultrasonic/install/ros2_socketcan/share/ros2_socketcan/package.zsh'
[1.988s] Level 1:colcon.colcon_core.environment:create_file_with_runtime_dependencies(/home/pham/ultrasonic/install/ros2_socketcan/share/colcon-core/packages/ros2_socketcan)
[2.129s] Level 1:colcon.colcon_core.environment:create_environment_scripts_only(ros2_socketcan)
[2.131s] Level 1:colcon.colcon_core.environment:checking '/home/pham/ultrasonic/install/ros2_socketcan' for CMake module files
[2.131s] Level 1:colcon.colcon_core.environment:checking '/home/pham/ultrasonic/install/ros2_socketcan' for CMake config files
[2.131s] Level 1:colcon.colcon_core.shell:create_environment_hook('ros2_socketcan', 'cmake_prefix_path')
[2.133s] INFO:colcon.colcon_core.shell:Creating environment hook '/home/pham/ultrasonic/install/ros2_socketcan/share/ros2_socketcan/hook/cmake_prefix_path.ps1'
[2.134s] INFO:colcon.colcon_core.shell:Creating environment descriptor '/home/pham/ultrasonic/install/ros2_socketcan/share/ros2_socketcan/hook/cmake_prefix_path.dsv'
[2.134s] INFO:colcon.colcon_core.shell:Creating environment hook '/home/pham/ultrasonic/install/ros2_socketcan/share/ros2_socketcan/hook/cmake_prefix_path.sh'
[2.135s] Level 1:colcon.colcon_core.environment:checking '/home/pham/ultrasonic/install/ros2_socketcan/lib'
[2.135s] Level 1:colcon.colcon_core.shell:create_environment_hook('ros2_socketcan', 'ld_library_path_lib')
[2.136s] INFO:colcon.colcon_core.shell:Creating environment hook '/home/pham/ultrasonic/install/ros2_socketcan/share/ros2_socketcan/hook/ld_library_path_lib.ps1'
[2.144s] INFO:colcon.colcon_core.shell:Creating environment descriptor '/home/pham/ultrasonic/install/ros2_socketcan/share/ros2_socketcan/hook/ld_library_path_lib.dsv'
[2.144s] INFO:colcon.colcon_core.shell:Creating environment hook '/home/pham/ultrasonic/install/ros2_socketcan/share/ros2_socketcan/hook/ld_library_path_lib.sh'
[2.145s] Level 1:colcon.colcon_core.environment:checking '/home/pham/ultrasonic/install/ros2_socketcan/bin'
[2.145s] Level 1:colcon.colcon_core.environment:checking '/home/pham/ultrasonic/install/ros2_socketcan/lib/pkgconfig/ros2_socketcan.pc'
[2.146s] Level 1:colcon.colcon_core.environment:checking '/home/pham/ultrasonic/install/ros2_socketcan/lib/python3.10/site-packages'
[2.146s] Level 1:colcon.colcon_core.environment:checking '/home/pham/ultrasonic/install/ros2_socketcan/bin'
[2.147s] INFO:colcon.colcon_core.shell:Creating package script '/home/pham/ultrasonic/install/ros2_socketcan/share/ros2_socketcan/package.ps1'
[2.147s] INFO:colcon.colcon_core.shell:Creating package descriptor '/home/pham/ultrasonic/install/ros2_socketcan/share/ros2_socketcan/package.dsv'
[2.148s] INFO:colcon.colcon_core.shell:Creating package script '/home/pham/ultrasonic/install/ros2_socketcan/share/ros2_socketcan/package.sh'
[2.149s] INFO:colcon.colcon_core.shell:Creating package script '/home/pham/ultrasonic/install/ros2_socketcan/share/ros2_socketcan/package.bash'
[2.150s] INFO:colcon.colcon_core.shell:Creating package script '/home/pham/ultrasonic/install/ros2_socketcan/share/ros2_socketcan/package.zsh'
[2.151s] Level 1:colcon.colcon_core.environment:create_file_with_runtime_dependencies(/home/pham/ultrasonic/install/ros2_socketcan/share/colcon-core/packages/ros2_socketcan)
[2.152s] DEBUG:colcon.colcon_parallel_executor.executor.parallel:closing loop
[2.152s] DEBUG:colcon.colcon_parallel_executor.executor.parallel:loop closed
[2.152s] DEBUG:colcon.colcon_parallel_executor.executor.parallel:run_until_complete finished with '0'
[2.152s] DEBUG:colcon.colcon_core.event_reactor:joining thread
[2.166s] INFO:colcon.colcon_core.plugin_system:Skipping extension 'colcon_notification.desktop_notification.terminal_notifier': Not used on non-Darwin systems
[2.166s] INFO:colcon.colcon_core.plugin_system:Skipping extension 'colcon_notification.desktop_notification.win32': Not used on non-Windows systems
[2.166s] INFO:colcon.colcon_notification.desktop_notification:Sending desktop notification using 'notify2'
[2.187s] DEBUG:colcon.colcon_core.event_reactor:joined thread
[2.189s] INFO:colcon.colcon_core.shell:Creating prefix script '/home/pham/ultrasonic/install/local_setup.ps1'
[2.191s] INFO:colcon.colcon_core.shell:Creating prefix util module '/home/pham/ultrasonic/install/_local_setup_util_ps1.py'
[2.193s] INFO:colcon.colcon_core.shell:Creating prefix chain script '/home/pham/ultrasonic/install/setup.ps1'
[2.198s] INFO:colcon.colcon_core.shell:Creating prefix script '/home/pham/ultrasonic/install/local_setup.sh'
[2.210s] INFO:colcon.colcon_core.shell:Creating prefix util module '/home/pham/ultrasonic/install/_local_setup_util_sh.py'
[2.211s] INFO:colcon.colcon_core.shell:Creating prefix chain script '/home/pham/ultrasonic/install/setup.sh'
[2.219s] INFO:colcon.colcon_core.shell:Creating prefix script '/home/pham/ultrasonic/install/local_setup.bash'
[2.220s] INFO:colcon.colcon_core.shell:Creating prefix chain script '/home/pham/ultrasonic/install/setup.bash'
[2.222s] INFO:colcon.colcon_core.shell:Creating prefix script '/home/pham/ultrasonic/install/local_setup.zsh'
[2.223s] INFO:colcon.colcon_core.shell:Creating prefix chain script '/home/pham/ultrasonic/install/setup.zsh'
